TN:
SF:src/agents/EngineerAgent.ts
FN:6,EngineerAgent
FN:8,validate
FN:18,buildValidationPrompt
FN:22,parseValidationResponse
FNF:4
FNH:0
FNDA:0,EngineerAgent
FNDA:0,validate
FNDA:0,buildValidationPrompt
FNDA:0,parseValidationResponse
DA:5,1
DA:6,1
DA:8,1
DA:9,0
DA:10,0
DA:11,0
DA:12,0
DA:13,0
DA:14,0
DA:15,0
DA:16,0
DA:18,1
DA:19,0
DA:20,0
DA:22,1
DA:23,0
DA:24,0
DA:25,0
DA:26,0
DA:27,0
DA:28,0
DA:29,0
DA:30,0
DA:31,0
DA:32,0
DA:33,0
DA:34,1
LF:27
LH:6
BRF:0
BRH:0
end_of_record
TN:
SF:src/agents/TestAgent.ts
FN:5,runTests
FN:23,parseTestResults
FNF:2
FNH:0
FNDA:0,runTests
FNDA:0,parseTestResults
DA:4,1
DA:5,1
DA:7,0
DA:8,0
DA:9,0
DA:10,0
DA:11,0
DA:12,0
DA:13,0
DA:14,0
DA:15,0
DA:16,0
DA:17,0
DA:18,0
DA:19,0
DA:20,0
DA:21,0
DA:23,1
DA:24,0
DA:25,0
DA:26,0
DA:27,0
DA:28,0
DA:29,0
DA:30,0
DA:31,0
DA:32,0
DA:33,0
DA:34,0
DA:35,0
DA:36,0
DA:37,0
DA:38,1
LF:33
LH:4
BRF:0
BRH:0
end_of_record
TN:
SF:src/interceptor/ClaudeCodeInterceptor.ts
FN:12,<instance_members_initializer>
FNF:1
FNH:0
FNDA:0,<instance_members_initializer>
DA:7,1
DA:8,1
DA:9,1
DA:10,1
DA:12,1
DA:13,0
DA:14,0
DA:15,0
DA:16,0
DA:18,0
DA:19,0
DA:20,0
DA:21,0
DA:22,0
DA:23,0
DA:24,0
DA:25,0
DA:26,0
DA:28,0
DA:29,0
DA:31,0
DA:32,0
DA:33,0
DA:34,0
DA:35,0
DA:36,0
DA:37,0
DA:39,0
DA:40,0
DA:41,0
DA:42,0
DA:43,0
DA:44,0
DA:45,0
DA:46,0
DA:47,0
DA:48,0
DA:50,0
DA:51,0
DA:52,0
DA:53,0
DA:54,0
DA:55,0
DA:56,0
DA:57,0
DA:58,0
DA:59,0
DA:61,0
DA:62,0
DA:63,0
DA:65,0
DA:66,0
DA:67,0
DA:69,0
DA:70,0
DA:71,0
DA:73,0
DA:74,0
DA:75,0
DA:76,0
DA:78,0
DA:79,0
DA:80,0
DA:82,0
DA:83,0
DA:85,0
DA:86,0
DA:87,0
DA:88,0
DA:89,0
DA:90,0
DA:91,0
DA:92,0
DA:94,0
DA:96,0
DA:97,0
DA:99,0
DA:100,0
DA:102,0
DA:103,0
DA:104,0
DA:105,0
DA:106,0
DA:107,0
LF:84
LH:5
BRDA:12,0,0,0
BRF:1
BRH:0
end_of_record
TN:
SF:src/orchestrator/AutonomousOrchestrator_new.ts
FN:1,(empty-report)
FNF:1
FNH:1
FNDA:1,(empty-report)
DA:6,0
DA:7,0
DA:8,0
DA:11,0
DA:12,0
DA:13,0
DA:14,0
DA:16,0
DA:17,0
DA:18,0
DA:19,0
DA:21,0
DA:22,0
DA:23,0
DA:25,0
DA:26,0
DA:27,0
DA:29,0
DA:30,0
DA:31,0
DA:32,0
DA:33,0
DA:35,0
DA:36,0
DA:38,0
DA:39,0
DA:41,0
DA:42,0
DA:43,0
DA:45,0
DA:46,0
DA:48,0
DA:49,0
DA:53,0
DA:54,0
DA:56,0
DA:58,0
DA:59,0
DA:60,0
LF:39
LH:0
BRDA:1,0,0,1
BRF:1
BRH:1
end_of_record
TN:
SF:src/orchestrator/QAEngine.ts
FN:6,<instance_members_initializer>
FNF:1
FNH:0
FNDA:0,<instance_members_initializer>
DA:1,1
DA:6,1
DA:7,0
DA:8,0
DA:10,0
DA:11,0
DA:12,0
DA:13,0
DA:15,0
DA:20,0
DA:22,0
DA:23,0
DA:24,0
DA:25,0
DA:26,0
DA:27,0
DA:28,0
DA:29,0
DA:30,0
DA:31,0
DA:32,0
DA:35,0
DA:37,0
DA:38,0
DA:39,0
DA:40,0
DA:41,0
DA:42,0
DA:43,0
DA:50,0
DA:52,0
DA:57,0
DA:58,0
DA:59,0
DA:61,0
DA:62,0
DA:63,0
DA:65,0
DA:66,0
DA:67,0
DA:69,0
DA:70,0
DA:71,0
DA:72,0
DA:73,0
DA:74,0
DA:75,0
DA:77,0
DA:78,0
DA:80,0
DA:81,0
DA:82,0
DA:85,0
DA:86,0
DA:87,0
DA:88,0
DA:89,0
DA:90,0
DA:91,0
DA:92,0
DA:93,0
DA:95,0
DA:96,0
DA:98,0
DA:99,0
DA:100,0
DA:101,0
DA:102,0
DA:105,0
DA:108,0
DA:111,0
DA:113,0
DA:114,0
DA:115,0
DA:117,0
DA:118,0
DA:119,0
DA:120,0
LF:78
LH:2
BRDA:6,0,0,0
BRF:1
BRH:0
end_of_record
TN:
SF:src/orchestrator/RetryHandler.ts
FN:1,(empty-report)
FNF:1
FNH:1
FNDA:1,(empty-report)
DA:2,0
DA:5,0
DA:7,0
DA:8,0
DA:9,0
DA:10,0
DA:11,0
DA:12,0
DA:13,0
DA:14,0
DA:15,0
DA:16,0
DA:17,0
DA:18,0
DA:20,0
DA:21,0
DA:22,0
DA:23,0
DA:24,0
DA:25,0
DA:26,0
DA:28,0
DA:29,0
DA:30,0
DA:31,0
LF:25
LH:0
BRDA:1,0,0,1
BRF:1
BRH:1
end_of_record
TN:
SF:src/orchestrator/SpecLoader.ts
FN:35,<instance_members_initializer>
FN:38,SpecLoader
FN:42,loadAllSpecs
FN:60,loadSpecKitSpecs
FN:86,parseSpecHeader
FN:155,loadSpecKitSpec
FN:225,loadSpecKitTasks
FN:262,loadLegacyJsonSpecs
FN:281,loadSpec
FN:296,saveSpec
FN:307,saveSpecKitSpec
FN:346,updateTasksMarkdown
FN:369,updateTaskStatus
FN:412,loadSpecs
FNF:14
FNH:6
FNDA:9,<instance_members_initializer>
FNDA:9,SpecLoader
FNDA:7,loadAllSpecs
FNDA:7,loadSpecKitSpecs
FNDA:0,parseSpecHeader
FNDA:8,loadSpecKitSpec
FNDA:7,loadSpecKitTasks
FNDA:0,loadLegacyJsonSpecs
FNDA:0,loadSpec
FNDA:0,saveSpec
FNDA:0,saveSpecKitSpec
FNDA:0,updateTasksMarkdown
FNDA:0,updateTaskStatus
FNDA:0,loadSpecs
DA:1,1
DA:2,1
DA:35,1
DA:36,9
DA:38,9
DA:39,9
DA:40,9
DA:42,9
DA:43,7
DA:45,7
DA:46,7
DA:47,7
DA:50,0
DA:51,0
DA:52,0
DA:53,0
DA:54,0
DA:55,7
DA:60,9
DA:61,7
DA:62,7
DA:63,6
DA:65,6
DA:66,6
DA:67,8
DA:68,8
DA:69,8
DA:70,0
DA:71,0
DA:72,0
DA:73,6
DA:74,6
DA:76,6
DA:77,7
DA:78,1
DA:79,1
DA:80,1
DA:81,7
DA:86,9
DA:87,0
DA:88,0
DA:89,0
DA:92,0
DA:93,0
DA:94,0
DA:95,0
DA:96,0
DA:99,0
DA:100,0
DA:102,0
DA:103,0
DA:104,0
DA:105,0
DA:108,0
DA:109,0
DA:110,0
DA:111,0
DA:114,0
DA:115,0
DA:116,0
DA:117,0
DA:118,0
DA:120,0
DA:121,0
DA:122,0
DA:123,0
DA:124,0
DA:126,0
DA:127,0
DA:128,0
DA:129,0
DA:130,0
DA:131,0
DA:137,0
DA:138,0
DA:139,0
DA:141,0
DA:142,0
DA:143,0
DA:144,0
DA:145,0
DA:146,0
DA:148,0
DA:149,0
DA:150,0
DA:155,9
DA:156,8
DA:158,8
DA:159,8
DA:162,7
DA:163,7
DA:164,7
DA:166,7
DA:168,7
DA:169,7
DA:172,7
DA:173,7
DA:174,25
DA:175,25
DA:176,24
DA:177,24
DA:178,25
DA:179,8
DA:181,0
DA:182,0
DA:183,0
DA:184,0
DA:185,0
DA:186,0
DA:188,0
DA:189,0
DA:190,0
DA:191,0
DA:192,0
DA:193,0
DA:194,0
DA:195,0
DA:198,7
DA:200,7
DA:201,7
DA:202,8
DA:203,8
DA:204,8
DA:205,8
DA:206,1
DA:207,8
DA:208,8
DA:209,8
DA:210,8
DA:211,8
DA:212,8
DA:213,8
DA:214,8
DA:215,8
DA:216,8
DA:217,1
DA:218,1
DA:219,1
DA:220,8
DA:225,9
DA:226,7
DA:228,7
DA:229,7
DA:230,6
DA:233,6
DA:234,7
DA:235,36
DA:236,36
DA:237,7
DA:238,7
DA:240,7
DA:241,7
DA:242,7
DA:243,7
DA:244,7
DA:245,7
DA:246,7
DA:247,7
DA:248,7
DA:249,7
DA:250,36
DA:252,6
DA:253,7
DA:255,1
DA:256,1
DA:257,7
DA:262,9
DA:263,0
DA:264,0
DA:265,0
DA:267,0
DA:268,0
DA:269,0
DA:270,0
DA:271,0
DA:272,0
DA:274,0
DA:275,0
DA:276,0
DA:277,0
DA:278,0
DA:279,0
DA:281,9
DA:282,0
DA:283,0
DA:284,0
DA:286,0
DA:287,0
DA:288,0
DA:289,0
DA:290,0
DA:291,0
DA:292,0
DA:293,0
DA:294,0
DA:296,9
DA:297,0
DA:299,0
DA:300,0
DA:302,0
DA:303,0
DA:304,0
DA:305,0
DA:307,9
DA:308,0
DA:309,0
DA:312,0
DA:313,0
DA:314,0
DA:316,0
DA:317,0
DA:318,0
DA:320,0
DA:321,0
DA:322,0
DA:323,0
DA:324,0
DA:325,0
DA:326,0
DA:327,0
DA:328,0
DA:329,0
DA:331,0
DA:333,0
DA:334,0
DA:335,0
DA:336,0
DA:337,0
DA:338,0
DA:341,0
DA:342,0
DA:343,0
DA:344,0
DA:346,9
DA:347,0
DA:349,0
DA:350,0
DA:351,0
DA:354,0
DA:355,0
DA:356,0
DA:357,0
DA:358,0
DA:361,0
DA:362,0
DA:363,0
DA:364,0
DA:365,0
DA:366,0
DA:367,0
DA:369,9
DA:370,0
DA:371,0
DA:372,0
DA:373,0
DA:374,0
DA:376,0
DA:377,0
DA:378,0
DA:379,0
DA:381,0
DA:382,0
DA:383,0
DA:384,0
DA:387,0
DA:390,0
DA:392,0
DA:393,0
DA:395,0
DA:396,0
DA:397,0
DA:398,0
DA:400,0
DA:401,0
DA:402,0
DA:403,0
DA:405,0
DA:406,0
DA:407,0
DA:408,0
DA:409,9
DA:412,0
DA:413,0
DA:414,0
DA:415,0
LF:285
LH:105
BRDA:35,0,0,9
BRDA:38,1,0,9
BRDA:42,2,0,7
BRDA:45,3,0,0
BRDA:47,4,0,0
BRDA:60,5,0,7
BRDA:62,6,0,6
BRDA:77,7,0,1
BRDA:63,8,0,9
BRDA:66,9,0,8
BRDA:69,10,0,0
BRDA:76,11,0,8
BRDA:155,12,0,8
BRDA:159,13,0,7
BRDA:173,14,0,25
BRDA:175,15,0,24
BRDA:179,16,0,0
BRDA:195,17,0,7
BRDA:202,18,0,1
BRDA:203,19,0,1
BRDA:205,20,0,1
BRDA:207,21,0,2
BRDA:210,22,0,7
BRDA:216,23,0,1
BRDA:225,24,0,7
BRDA:229,25,0,6
BRDA:234,26,0,36
BRDA:236,27,0,7
BRDA:244,28,0,3
BRDA:244,29,0,4
BRDA:250,30,0,6
BRDA:253,31,0,1
BRF:32
BRH:28
end_of_record
TN:
SF:src/orchestrator/TaskQueue.ts
FN:9,<instance_members_initializer>
FN:12,buildQueue
FN:28,getNextTask
FN:37,topologicalSort
FN:43,visit
FN:72,areDependenciesSatisfied
FNF:6
FNH:6
FNDA:8,<instance_members_initializer>
FNDA:8,buildQueue
FNDA:3,getNextTask
FNDA:8,topologicalSort
FNDA:128,visit
FNDA:2,areDependenciesSatisfied
DA:6,1
DA:9,1
DA:10,8
DA:12,8
DA:13,8
DA:14,1
DA:15,1
DA:16,1
DA:17,1
DA:18,1
DA:19,1
DA:20,1
DA:21,1
DA:22,1
DA:24,8
DA:25,8
DA:26,8
DA:28,8
DA:29,3
DA:30,4
DA:31,2
DA:32,2
DA:33,4
DA:34,1
DA:35,3
DA:37,8
DA:38,8
DA:39,8
DA:40,8
DA:41,8
DA:43,8
DA:44,128
DA:45,9
DA:46,9
DA:47,128
DA:48,1
DA:49,1
DA:51,118
DA:52,118
DA:54,118
DA:55,118
DA:56,11
DA:57,11
DA:58,116
DA:59,116
DA:60,116
DA:62,116
DA:63,128
DA:65,8
DA:66,117
DA:67,117
DA:69,7
DA:70,8
DA:72,8
DA:73,2
DA:74,1
DA:75,1
DA:76,2
DA:77,2
DA:78,8
LF:60
LH:60
BRDA:9,0,0,8
BRDA:12,1,0,8
BRDA:13,2,0,1
BRDA:28,3,0,3
BRDA:29,4,0,4
BRDA:30,5,0,2
BRDA:30,6,0,2
BRDA:33,7,0,1
BRDA:37,8,0,8
BRDA:65,9,0,117
BRDA:67,10,0,7
BRDA:38,11,0,118
BRDA:43,12,0,128
BRDA:44,13,0,9
BRDA:46,14,0,119
BRDA:47,15,0,1
BRDA:49,16,0,118
BRDA:55,17,0,11
BRDA:57,18,0,116
BRDA:60,19,0,116
BRDA:72,20,0,2
BRDA:73,21,0,1
BRDA:74,22,0,1
BRF:23
BRH:23
end_of_record
TN:
SF:src/types/index.ts
FN:1,(empty-report)
FNF:1
FNH:1
FNDA:1,(empty-report)
LF:0
LH:0
BRDA:1,0,0,1
BRF:1
BRH:1
end_of_record
TN:
SF:src/utils/ClaudeClient.ts
FN:33,<instance_members_initializer>
FN:47,ClaudeClient
FN:64,sendMessage
FN:141,getUsageStats
FN:148,resetStats
FN:163,sleep
FNF:6
FNH:5
FNDA:12,<instance_members_initializer>
FNDA:12,ClaudeClient
FNDA:79,sendMessage
FNDA:2,getUsageStats
FNDA:0,resetStats
FNDA:2,sleep
DA:15,1
DA:16,1
DA:17,1
DA:33,1
DA:34,12
DA:35,12
DA:36,12
DA:37,12
DA:38,12
DA:39,12
DA:40,12
DA:41,12
DA:42,12
DA:45,12
DA:47,12
DA:48,12
DA:49,1
DA:50,1
DA:52,11
DA:53,11
DA:54,11
DA:55,12
DA:64,12
DA:65,79
DA:66,79
DA:68,79
DA:69,79
DA:70,79
DA:71,79
DA:72,79
DA:73,79
DA:76,76
DA:77,76
DA:78,76
DA:79,76
DA:81,76
DA:82,76
DA:83,76
DA:84,76
DA:85,76
DA:87,76
DA:88,76
DA:89,76
DA:90,76
DA:91,76
DA:92,76
DA:93,76
DA:94,76
DA:95,76
DA:96,76
DA:99,79
DA:100,1
DA:101,1
DA:103,75
DA:104,75
DA:105,75
DA:106,75
DA:108,0
DA:109,79
DA:111,3
DA:112,3
DA:113,2
DA:115,2
DA:116,2
DA:117,2
DA:118,2
DA:119,2
DA:120,2
DA:121,2
DA:124,2
DA:127,2
DA:128,2
DA:131,1
DA:132,1
DA:133,79
DA:134,79
DA:141,12
DA:142,2
DA:143,2
DA:148,12
DA:149,0
DA:150,0
DA:151,0
DA:152,0
DA:153,0
DA:154,0
DA:155,0
DA:156,0
DA:163,12
DA:164,2
DA:165,2
DA:166,12
LF:92
LH:83
BRDA:33,0,0,12
BRDA:47,1,0,12
BRDA:48,2,0,11
BRDA:48,3,0,1
BRDA:50,4,0,11
BRDA:64,5,0,79
BRDA:65,6,0,79
BRDA:73,7,0,76
BRDA:99,8,0,1
BRDA:101,9,0,75
BRDA:106,10,0,0
BRDA:109,11,0,3
BRDA:112,12,0,2
BRDA:113,13,0,0
BRDA:128,14,0,1
BRDA:141,15,0,2
BRDA:163,16,0,2
BRDA:164,17,0,2
BRF:18
BRH:16
end_of_record
TN:
SF:src/utils/FileUtils.ts
FN:20,<instance_members_initializer>
FN:33,atomicWrite
FN:71,getMtime
FN:82,detectConflict
FNF:4
FNH:4
FNDA:9,<instance_members_initializer>
FNDA:11,atomicWrite
FNDA:4,getMtime
FNDA:10,detectConflict
DA:14,1
DA:15,1
DA:20,1
DA:21,9
DA:33,9
DA:34,11
DA:35,1
DA:36,1
DA:38,10
DA:40,10
DA:42,10
DA:45,10
DA:48,8
DA:51,8
DA:52,8
DA:53,11
DA:55,2
DA:56,2
DA:57,2
DA:59,0
DA:61,2
DA:62,2
DA:63,11
DA:71,9
DA:72,4
DA:73,4
DA:82,9
DA:83,10
DA:85,10
DA:87,8
DA:88,8
DA:90,2
DA:91,2
DA:92,2
DA:95,10
DA:96,1
DA:97,1
DA:98,1
DA:99,1
DA:100,1
DA:101,1
DA:102,1
DA:103,1
DA:104,1
DA:105,1
DA:106,1
DA:107,10
DA:108,0
DA:109,0
DA:111,0
DA:112,0
DA:114,0
DA:115,10
DA:116,9
LF:54
LH:48
BRDA:20,0,0,9
BRDA:33,1,0,11
BRDA:34,2,0,10
BRDA:34,3,0,1
BRDA:36,4,0,10
BRDA:45,5,0,8
BRDA:53,6,0,2
BRDA:57,7,0,0
BRDA:71,8,0,4
BRDA:82,9,0,10
BRDA:85,10,0,8
BRDA:88,11,0,2
BRDA:95,12,0,1
BRDA:107,13,0,0
BRF:14
BRH:12
end_of_record
TN:
SF:src/utils/Logger.ts
FN:58,logEvent
FN:70,logInfo
FN:77,logWarn
FN:84,logError
FNF:4
FNH:0
FNDA:0,logEvent
FNDA:0,logInfo
FNDA:0,logWarn
FNDA:0,logError
DA:15,1
DA:16,1
DA:22,1
DA:23,1
DA:24,1
DA:25,1
DA:26,1
DA:27,1
DA:28,1
DA:30,1
DA:31,1
DA:32,1
DA:34,1
DA:35,1
DA:36,1
DA:37,1
DA:38,1
DA:39,1
DA:40,1
DA:41,1
DA:42,1
DA:58,1
DA:59,0
DA:60,0
DA:61,0
DA:62,0
DA:64,0
DA:65,0
DA:70,1
DA:71,0
DA:72,0
DA:77,1
DA:78,0
DA:79,0
DA:84,1
DA:85,0
DA:86,0
LF:37
LH:25
BRDA:23,0,0,27
BRF:1
BRH:1
end_of_record
TN:
SF:src/utils/NotificationService.ts
FN:10,<instance_members_initializer>
FNF:1
FNH:0
FNDA:0,<instance_members_initializer>
DA:2,1
DA:10,1
DA:11,0
DA:13,0
DA:14,0
DA:15,0
DA:16,0
DA:17,0
DA:18,0
DA:20,0
DA:21,0
DA:22,0
DA:23,0
DA:24,0
DA:25,0
DA:26,0
DA:27,0
DA:28,0
DA:30,0
DA:31,0
DA:32,0
DA:33,0
DA:34,0
DA:35,0
DA:36,0
DA:37,0
DA:38,0
DA:39,0
DA:40,0
DA:41,0
DA:42,0
DA:43,0
DA:44,0
DA:45,0
DA:47,0
DA:48,0
DA:49,0
DA:50,0
LF:38
LH:2
BRDA:10,0,0,0
BRF:1
BRH:0
end_of_record
TN:
SF:src/utils/WhatsAppClient.ts
FN:1,(empty-report)
FNF:1
FNH:1
FNDA:1,(empty-report)
DA:15,0
DA:16,0
DA:17,0
DA:22,0
DA:23,0
DA:24,0
DA:26,0
DA:27,0
DA:28,0
DA:29,0
DA:30,0
DA:31,0
DA:32,0
DA:33,0
DA:34,0
DA:35,0
DA:37,0
DA:38,0
DA:43,0
DA:44,0
DA:45,0
DA:53,0
DA:54,0
DA:55,0
DA:56,0
DA:59,0
DA:61,0
DA:63,0
DA:64,0
DA:65,0
DA:66,0
DA:67,0
DA:68,0
DA:69,0
DA:70,0
DA:75,0
DA:76,0
DA:77,0
DA:78,0
DA:79,0
DA:80,0
DA:85,0
DA:87,0
DA:88,0
DA:89,0
DA:90,0
DA:91,0
DA:92,0
DA:93,0
DA:94,0
DA:95,0
DA:98,0
DA:99,0
DA:100,0
DA:101,0
DA:102,0
DA:103,0
DA:104,0
DA:105,0
DA:106,0
DA:109,0
DA:110,0
DA:111,0
DA:112,0
DA:113,0
DA:114,0
DA:115,0
DA:116,0
DA:117,0
DA:120,0
DA:121,0
DA:122,0
DA:123,0
DA:124,0
DA:125,0
DA:126,0
DA:127,0
DA:128,0
DA:129,0
DA:130,0
DA:131,0
LF:81
LH:0
BRDA:1,0,0,1
BRF:1
BRH:1
end_of_record
