TN:
SF:extension/src/autoUpdater.ts
FN:14,<instance_members_initializer>
FN:21,AutoUpdater
FN:30,startPeriodicChecks
FN:53,checkForUpdates
FN:71,getLatestVersion
FN:131,isNewerVersion
FN:150,downloadFile
FN:187,getDownloadUrl
FN:230,installVsix
FN:310,getCurrentVersionFromPath
FN:318,promptUpdate
FN:337,downloadAndInstall
FN:427,manualCheck
FNF:13
FNH:4
FNDA:37,<instance_members_initializer>
FNDA:37,AutoUpdater
FNDA:0,startPeriodicChecks
FNDA:0,checkForUpdates
FNDA:0,getLatestVersion
FNDA:24,isNewerVersion
FNDA:0,downloadFile
FNDA:0,getDownloadUrl
FNDA:0,installVsix
FNDA:6,getCurrentVersionFromPath
FNDA:0,promptUpdate
FNDA:0,downloadAndInstall
FNDA:0,manualCheck
DA:1,1
DA:2,1
DA:3,1
DA:4,1
DA:5,1
DA:6,1
DA:7,1
DA:9,1
DA:14,1
DA:15,37
DA:16,37
DA:17,37
DA:18,37
DA:19,37
DA:21,37
DA:22,37
DA:23,37
DA:24,37
DA:25,37
DA:30,37
DA:32,0
DA:35,0
DA:36,0
DA:37,0
DA:40,0
DA:41,0
DA:42,0
DA:43,0
DA:44,0
DA:45,0
DA:46,0
DA:47,0
DA:48,0
DA:53,37
DA:54,0
DA:55,0
DA:57,0
DA:58,0
DA:59,0
DA:60,0
DA:61,0
DA:64,0
DA:65,0
DA:71,37
DA:72,0
DA:73,0
DA:74,0
DA:75,0
DA:76,0
DA:77,0
DA:78,0
DA:79,0
DA:80,0
DA:82,0
DA:83,0
DA:84,0
DA:86,0
DA:87,0
DA:88,0
DA:90,0
DA:91,0
DA:93,0
DA:94,0
DA:96,0
DA:97,0
DA:98,0
DA:99,0
DA:100,0
DA:101,0
DA:102,0
DA:103,0
DA:104,0
DA:105,0
DA:106,0
DA:108,0
DA:109,0
DA:110,0
DA:111,0
DA:112,0
DA:113,0
DA:114,0
DA:115,0
DA:116,0
DA:118,0
DA:119,0
DA:120,0
DA:121,0
DA:122,0
DA:123,0
DA:124,0
DA:125,0
DA:126,0
DA:131,37
DA:132,24
DA:133,24
DA:135,24
DA:136,46
DA:137,16
DA:138,16
DA:139,46
DA:140,5
DA:141,5
DA:142,46
DA:144,3
DA:145,24
DA:150,37
DA:151,0
DA:152,0
DA:154,0
DA:155,0
DA:157,0
DA:158,0
DA:159,0
DA:160,0
DA:161,0
DA:162,0
DA:163,0
DA:165,0
DA:166,0
DA:167,0
DA:168,0
DA:170,0
DA:172,0
DA:173,0
DA:174,0
DA:175,0
DA:176,0
DA:177,0
DA:178,0
DA:179,0
DA:180,0
DA:181,0
DA:182,0
DA:187,37
DA:188,0
DA:189,0
DA:190,0
DA:191,0
DA:192,0
DA:193,0
DA:194,0
DA:195,0
DA:196,0
DA:198,0
DA:199,0
DA:200,0
DA:202,0
DA:203,0
DA:204,0
DA:206,0
DA:207,0
DA:208,0
DA:211,0
DA:213,0
DA:214,0
DA:215,0
DA:216,0
DA:217,0
DA:218,0
DA:219,0
DA:220,0
DA:221,0
DA:222,0
DA:223,0
DA:224,0
DA:225,0
DA:230,37
DA:231,0
DA:233,0
DA:236,0
DA:237,0
DA:239,0
DA:240,0
DA:242,0
DA:244,0
DA:246,0
DA:247,0
DA:248,0
DA:249,0
DA:250,0
DA:251,0
DA:253,0
DA:254,0
DA:255,0
DA:256,0
DA:257,0
DA:258,0
DA:259,0
DA:260,0
DA:261,0
DA:263,0
DA:264,0
DA:266,0
DA:267,0
DA:268,0
DA:269,0
DA:270,0
DA:273,0
DA:274,0
DA:275,0
DA:277,0
DA:278,0
DA:279,0
DA:280,0
DA:281,0
DA:282,0
DA:283,0
DA:284,0
DA:286,0
DA:287,0
DA:289,0
DA:291,0
DA:292,0
DA:294,0
DA:299,0
DA:300,0
DA:301,0
DA:302,0
DA:303,0
DA:304,0
DA:305,0
DA:310,37
DA:311,6
DA:312,6
DA:313,6
DA:318,37
DA:319,0
DA:320,0
DA:321,0
DA:322,0
DA:323,0
DA:324,0
DA:326,0
DA:327,0
DA:328,0
DA:329,0
DA:330,0
DA:331,0
DA:332,0
DA:337,37
DA:338,0
DA:340,0
DA:342,0
DA:345,0
DA:346,0
DA:347,0
DA:350,0
DA:351,0
DA:354,0
DA:355,0
DA:358,0
DA:360,0
DA:363,0
DA:364,0
DA:365,0
DA:366,0
DA:367,0
DA:369,0
DA:370,0
DA:371,0
DA:372,0
DA:373,0
DA:375,0
DA:378,0
DA:379,0
DA:380,0
DA:381,0
DA:382,0
DA:383,0
DA:384,0
DA:385,0
DA:386,0
DA:387,0
DA:389,0
DA:391,0
DA:394,0
DA:395,0
DA:402,0
DA:403,0
DA:404,0
DA:405,0
DA:406,0
DA:407,0
DA:408,0
DA:409,0
DA:411,0
DA:412,0
DA:413,0
DA:414,0
DA:415,0
DA:417,0
DA:418,0
DA:419,0
DA:420,0
DA:421,0
DA:422,0
DA:427,37
DA:428,0
DA:430,0
DA:431,0
DA:433,0
DA:434,0
DA:435,0
DA:436,0
DA:437,0
DA:438,0
DA:439,0
DA:440,0
DA:441,0
DA:443,0
DA:444,0
DA:445,0
DA:446,0
DA:447,0
DA:448,0
DA:449,0
DA:450,0
DA:451,0
DA:452,0
DA:453,0
DA:454,0
DA:455,0
DA:456,0
DA:457,0
DA:458,0
DA:459,0
DA:460,0
DA:461,0
DA:462,0
DA:463,0
DA:464,0
DA:465,0
DA:466,0
DA:467,37
LF:334
LH:46
BRDA:14,0,0,37
BRDA:21,1,0,37
BRDA:131,2,0,24
BRDA:135,3,0,46
BRDA:136,4,0,16
BRDA:138,5,0,30
BRDA:139,6,0,5
BRDA:142,7,0,3
BRDA:310,8,0,6
BRDA:312,9,0,5
BRDA:312,10,0,1
BRF:11
BRH:11
end_of_record
TN:
SF:extension/src/autonomousCommands.ts
FN:1,(empty-report)
FNF:1
FNH:1
FNDA:1,(empty-report)
DA:11,0
DA:12,0
DA:13,0
DA:14,0
DA:15,0
DA:22,0
DA:23,0
DA:30,0
DA:31,0
DA:32,0
DA:35,0
DA:36,0
DA:39,0
DA:40,0
DA:41,0
DA:42,0
DA:43,0
DA:44,0
DA:45,0
DA:50,0
DA:51,0
DA:52,0
DA:53,0
DA:54,0
DA:56,0
DA:57,0
DA:58,0
DA:59,0
DA:62,0
DA:63,0
DA:66,0
DA:67,0
DA:68,0
DA:69,0
DA:70,0
DA:71,0
DA:72,0
DA:74,0
DA:75,0
DA:76,0
DA:77,0
DA:78,0
DA:79,0
DA:81,0
DA:82,0
DA:83,0
DA:84,0
DA:85,0
DA:86,0
DA:89,0
DA:90,0
DA:91,0
DA:92,0
DA:93,0
DA:94,0
DA:96,0
DA:97,0
DA:98,0
DA:99,0
DA:100,0
DA:101,0
DA:104,0
DA:105,0
DA:106,0
DA:107,0
DA:108,0
DA:110,0
DA:111,0
DA:112,0
DA:113,0
DA:115,0
DA:118,0
DA:120,0
DA:122,0
DA:123,0
DA:126,0
DA:127,0
DA:128,0
DA:129,0
DA:130,0
DA:134,0
DA:135,0
DA:136,0
DA:137,0
DA:138,0
DA:139,0
DA:140,0
DA:141,0
DA:142,0
DA:145,0
DA:146,0
DA:147,0
DA:148,0
DA:151,0
DA:152,0
DA:153,0
DA:154,0
DA:157,0
DA:160,0
DA:163,0
DA:164,0
DA:165,0
DA:167,0
DA:168,0
DA:169,0
DA:171,0
DA:172,0
DA:173,0
DA:176,0
DA:177,0
DA:178,0
DA:179,0
DA:180,0
DA:183,0
DA:184,0
DA:185,0
DA:186,0
DA:187,0
DA:188,0
DA:189,0
DA:190,0
DA:191,0
DA:192,0
DA:193,0
DA:195,0
DA:196,0
DA:197,0
DA:198,0
DA:199,0
DA:200,0
DA:201,0
DA:202,0
DA:207,0
DA:208,0
DA:209,0
DA:210,0
DA:211,0
DA:213,0
DA:214,0
DA:215,0
DA:216,0
DA:217,0
DA:218,0
DA:219,0
DA:220,0
DA:221,0
DA:222,0
DA:223,0
DA:225,0
DA:226,0
DA:227,0
DA:228,0
DA:229,0
DA:230,0
DA:231,0
DA:232,0
DA:233,0
DA:238,0
DA:239,0
DA:240,0
DA:241,0
DA:242,0
DA:244,0
DA:245,0
DA:246,0
DA:247,0
DA:248,0
DA:249,0
DA:250,0
DA:251,0
DA:252,0
DA:253,0
DA:254,0
DA:256,0
DA:257,0
DA:258,0
DA:259,0
DA:260,0
DA:261,0
DA:262,0
DA:263,0
DA:268,0
DA:269,0
DA:270,0
DA:271,0
DA:272,0
DA:274,0
DA:275,0
DA:276,0
DA:277,0
DA:278,0
DA:279,0
DA:280,0
DA:281,0
DA:282,0
DA:283,0
DA:284,0
DA:286,0
DA:287,0
DA:288,0
DA:289,0
DA:290,0
DA:291,0
DA:292,0
DA:293,0
DA:298,0
DA:299,0
DA:300,0
DA:301,0
DA:302,0
DA:303,0
DA:304,0
DA:305,0
DA:306,0
DA:307,0
DA:308,0
DA:309,0
DA:310,0
DA:311,0
DA:314,0
DA:315,0
DA:316,0
DA:317,0
DA:318,0
DA:321,0
DA:322,0
DA:323,0
DA:324,0
DA:325,0
DA:326,0
DA:331,0
DA:332,0
DA:333,0
DA:334,0
DA:335,0
DA:336,0
DA:337,0
DA:338,0
DA:339,0
DA:340,0
DA:343,0
DA:344,0
DA:345,0
DA:346,0
DA:347,0
DA:350,0
DA:351,0
DA:352,0
DA:353,0
DA:354,0
DA:355,0
DA:358,0
DA:359,0
DA:360,0
DA:361,0
DA:362,0
DA:363,0
DA:364,0
DA:365,0
DA:370,0
DA:371,0
DA:372,0
DA:373,0
DA:374,0
DA:375,0
DA:376,0
DA:377,0
DA:378,0
DA:379,0
DA:380,0
DA:381,0
DA:382,0
DA:383,0
DA:384,0
DA:385,0
DA:388,0
DA:389,0
DA:390,0
DA:391,0
DA:392,0
DA:395,0
DA:396,0
DA:397,0
DA:398,0
DA:399,0
DA:400,0
DA:401,0
DA:402,0
DA:403,0
DA:404,0
DA:405,0
DA:406,0
DA:409,0
DA:410,0
DA:412,0
DA:413,0
DA:414,0
DA:415,0
DA:416,0
DA:417,0
DA:418,0
DA:419,0
DA:420,0
DA:421,0
DA:422,0
DA:423,0
DA:424,0
DA:427,0
DA:428,0
DA:458,0
DA:459,0
DA:460,0
DA:461,0
DA:462,0
DA:465,0
DA:467,0
DA:469,0
DA:470,0
DA:473,0
DA:475,0
DA:476,0
DA:478,0
DA:480,0
DA:481,0
DA:482,0
DA:485,0
DA:486,0
DA:487,0
DA:488,0
DA:491,0
DA:492,0
DA:493,0
DA:496,0
DA:497,0
DA:500,0
DA:501,0
DA:502,0
DA:503,0
DA:504,0
DA:505,0
DA:506,0
DA:508,0
DA:510,0
DA:511,0
DA:514,0
DA:515,0
DA:517,0
DA:518,0
DA:519,0
DA:520,0
DA:521,0
DA:522,0
DA:523,0
DA:524,0
DA:525,0
DA:526,0
DA:528,0
DA:529,0
DA:530,0
DA:532,0
DA:533,0
DA:534,0
DA:535,0
DA:537,0
DA:539,0
DA:540,0
DA:542,0
DA:544,0
DA:545,0
DA:548,0
DA:549,0
DA:550,0
DA:551,0
DA:552,0
DA:553,0
DA:554,0
DA:555,0
DA:556,0
DA:559,0
DA:560,0
DA:561,0
DA:562,0
DA:563,0
DA:564,0
DA:565,0
DA:566,0
DA:567,0
DA:568,0
DA:569,0
DA:570,0
DA:571,0
DA:572,0
DA:573,0
DA:574,0
DA:575,0
DA:576,0
DA:577,0
DA:578,0
DA:580,0
DA:581,0
DA:583,0
DA:584,0
DA:585,0
DA:590,0
DA:591,0
DA:595,0
DA:596,0
DA:597,0
DA:598,0
DA:599,0
DA:602,0
DA:603,0
DA:604,0
DA:605,0
DA:606,0
DA:607,0
DA:608,0
DA:609,0
DA:610,0
DA:613,0
DA:614,0
DA:616,0
DA:617,0
DA:618,0
DA:621,0
DA:622,0
DA:623,0
DA:624,0
DA:626,0
DA:629,0
DA:630,0
DA:631,0
DA:633,0
DA:634,0
DA:635,0
DA:636,0
DA:637,0
DA:638,0
DA:641,0
DA:644,0
DA:645,0
DA:647,0
DA:648,0
DA:649,0
DA:650,0
DA:651,0
DA:652,0
DA:653,0
DA:656,0
DA:657,0
DA:658,0
DA:659,0
DA:660,0
DA:661,0
DA:662,0
DA:664,0
DA:665,0
DA:666,0
DA:669,0
DA:670,0
DA:675,0
DA:676,0
DA:677,0
DA:679,0
DA:680,0
DA:681,0
DA:685,0
DA:686,0
DA:687,0
DA:688,0
DA:689,0
DA:690,0
DA:692,0
DA:693,0
DA:694,0
DA:695,0
DA:696,0
DA:697,0
DA:698,0
DA:699,0
DA:700,0
DA:701,0
DA:702,0
DA:703,0
DA:708,0
DA:709,0
DA:710,0
DA:711,0
DA:712,0
DA:713,0
DA:714,0
DA:715,0
DA:716,0
DA:717,0
DA:718,0
DA:721,0
DA:723,0
DA:725,0
DA:726,0
DA:727,0
DA:728,0
DA:729,0
DA:730,0
DA:731,0
DA:732,0
DA:733,0
DA:734,0
DA:735,0
DA:736,0
DA:737,0
DA:739,0
DA:740,0
DA:742,0
DA:743,0
DA:745,0
DA:746,0
DA:747,0
DA:750,0
DA:751,0
DA:752,0
DA:754,0
DA:755,0
DA:756,0
DA:760,0
DA:761,0
DA:763,0
DA:764,0
DA:765,0
DA:766,0
DA:767,0
DA:770,0
DA:771,0
DA:772,0
DA:774,0
DA:775,0
DA:776,0
DA:779,0
DA:780,0
DA:781,0
DA:782,0
DA:783,0
DA:786,0
DA:787,0
DA:788,0
DA:789,0
DA:790,0
DA:791,0
DA:792,0
DA:793,0
DA:794,0
DA:795,0
DA:798,0
DA:799,0
DA:800,0
DA:801,0
DA:802,0
DA:803,0
DA:804,0
DA:805,0
DA:806,0
DA:807,0
DA:808,0
DA:809,0
DA:810,0
DA:811,0
DA:812,0
DA:813,0
DA:814,0
DA:815,0
DA:816,0
DA:817,0
DA:818,0
DA:819,0
DA:820,0
DA:821,0
DA:822,0
DA:823,0
DA:829,0
DA:830,0
DA:831,0
DA:832,0
DA:834,0
DA:835,0
DA:836,0
DA:838,0
DA:839,0
DA:840,0
DA:843,0
DA:844,0
DA:845,0
DA:846,0
DA:848,0
DA:849,0
DA:850,0
DA:851,0
DA:853,0
DA:856,0
DA:857,0
DA:858,0
DA:859,0
DA:862,0
DA:863,0
DA:864,0
DA:865,0
DA:866,0
DA:867,0
DA:868,0
DA:869,0
DA:870,0
DA:871,0
DA:872,0
DA:873,0
DA:874,0
DA:875,0
DA:876,0
DA:885,0
DA:886,0
DA:887,0
DA:888,0
DA:889,0
DA:892,0
DA:893,0
DA:894,0
DA:896,0
DA:897,0
DA:898,0
DA:900,0
DA:903,0
DA:904,0
DA:906,0
DA:907,0
DA:908,0
DA:909,0
DA:911,0
DA:912,0
DA:913,0
DA:914,0
DA:916,0
DA:917,0
DA:918,0
DA:921,0
DA:922,0
DA:923,0
DA:924,0
DA:925,0
DA:928,0
DA:929,0
DA:930,0
DA:931,0
DA:932,0
DA:933,0
DA:935,0
DA:936,0
DA:937,0
DA:940,0
DA:941,0
DA:942,0
DA:948,0
DA:949,0
DA:950,0
DA:951,0
DA:952,0
DA:953,0
DA:954,0
DA:955,0
DA:957,0
DA:959,0
DA:961,0
DA:962,0
DA:963,0
DA:964,0
DA:966,0
DA:969,0
DA:970,0
DA:971,0
DA:972,0
DA:973,0
DA:974,0
DA:977,0
DA:979,0
DA:981,0
DA:982,0
DA:983,0
DA:985,0
DA:986,0
DA:987,0
DA:988,0
DA:989,0
DA:990,0
DA:991,0
DA:992,0
DA:997,0
DA:999,0
DA:1000,0
DA:1001,0
DA:1002,0
DA:1005,0
DA:1006,0
DA:1007,0
DA:1008,0
DA:1009,0
DA:1010,0
DA:1011,0
DA:1012,0
DA:1014,0
DA:1016,0
DA:1017,0
DA:1018,0
DA:1019,0
DA:1024,0
DA:1025,0
DA:1026,0
DA:1027,0
DA:1028,0
DA:1030,0
DA:1031,0
DA:1032,0
DA:1034,0
DA:1036,0
DA:1037,0
DA:1040,0
DA:1041,0
DA:1042,0
DA:1043,0
DA:1044,0
DA:1045,0
DA:1046,0
DA:1048,0
DA:1049,0
DA:1050,0
DA:1051,0
DA:1052,0
DA:1053,0
DA:1054,0
DA:1059,0
DA:1060,0
DA:1061,0
DA:1062,0
DA:1063,0
DA:1065,0
DA:1066,0
DA:1067,0
DA:1069,0
DA:1071,0
DA:1072,0
DA:1073,0
DA:1074,0
DA:1075,0
DA:1076,0
DA:1077,0
DA:1079,0
DA:1080,0
DA:1081,0
DA:1082,0
DA:1083,0
DA:1084,0
DA:1085,0
DA:1090,0
DA:1092,0
DA:1095,0
DA:1096,0
DA:1098,0
DA:1099,0
DA:1100,0
DA:1101,0
DA:1102,0
DA:1103,0
DA:1104,0
DA:1105,0
DA:1106,0
DA:1107,0
DA:1108,0
DA:1109,0
DA:1110,0
DA:1111,0
DA:1119,0
DA:1120,0
DA:1121,0
LF:778
LH:0
BRDA:1,0,0,1
BRF:1
BRH:1
end_of_record
TN:
SF:extension/src/branchSpecManager.ts
FN:1,(empty-report)
FNF:1
FNH:0
FNDA:0,(empty-report)
DA:1,0
DA:2,0
DA:3,0
DA:14,0
DA:15,0
DA:16,0
DA:17,0
DA:19,0
DA:20,0
DA:21,0
DA:22,0
DA:23,0
DA:28,0
DA:29,0
DA:30,0
DA:31,0
DA:32,0
DA:33,0
DA:34,0
DA:35,0
DA:36,0
DA:37,0
DA:38,0
DA:39,0
DA:44,0
DA:45,0
DA:47,0
DA:48,0
DA:49,0
DA:50,0
DA:52,0
DA:53,0
DA:54,0
DA:57,0
DA:58,0
DA:59,0
DA:60,0
DA:62,0
DA:63,0
DA:64,0
DA:65,0
DA:66,0
DA:67,0
DA:68,0
DA:69,0
DA:71,0
DA:72,0
DA:78,0
DA:79,0
DA:80,0
DA:85,0
DA:86,0
DA:87,0
DA:92,0
DA:93,0
DA:94,0
DA:99,0
DA:100,0
DA:101,0
DA:107,0
DA:108,0
DA:111,0
DA:112,0
DA:113,0
DA:114,0
DA:117,0
DA:118,0
DA:119,0
DA:122,0
DA:125,0
DA:126,0
DA:127,0
DA:128,0
DA:131,0
DA:132,0
DA:133,0
DA:134,0
DA:135,0
DA:136,0
DA:137,0
DA:138,0
DA:139,0
DA:140,0
DA:141,0
DA:142,0
DA:143,0
DA:144,0
DA:145,0
DA:146,0
DA:152,0
DA:153,0
DA:154,0
DA:156,0
DA:157,0
DA:158,0
DA:159,0
DA:160,0
DA:161,0
DA:162,0
DA:163,0
DA:164,0
DA:165,0
DA:167,0
DA:168,0
DA:173,0
DA:174,0
DA:175,0
DA:180,0
DA:181,0
DA:182,0
DA:183,0
DA:185,0
DA:186,0
DA:191,0
DA:192,0
DA:193,0
DA:194,0
DA:195,0
DA:196,0
DA:197,0
DA:198,0
DA:203,0
DA:204,0
DA:205,0
DA:210,0
DA:211,0
DA:212,0
DA:213,0
DA:214,0
LF:129
LH:0
BRDA:1,0,0,0
BRF:1
BRH:0
end_of_record
TN:
SF:extension/src/claudeCodeBridge.ts
FN:1,(empty-report)
FNF:1
FNH:0
FNDA:0,(empty-report)
DA:1,0
DA:2,0
DA:3,0
DA:4,0
DA:11,0
DA:12,0
DA:13,0
DA:14,0
DA:15,0
DA:16,0
DA:18,0
DA:19,0
DA:20,0
DA:21,0
DA:22,0
DA:23,0
DA:24,0
DA:26,0
DA:27,0
DA:28,0
DA:30,0
DA:31,0
DA:32,0
DA:33,0
DA:38,0
DA:39,0
DA:40,0
DA:41,0
DA:43,0
DA:45,0
DA:47,0
DA:48,0
DA:49,0
DA:50,0
DA:51,0
DA:52,0
DA:53,0
DA:54,0
DA:57,0
DA:58,0
DA:59,0
DA:60,0
DA:63,0
DA:64,0
DA:65,0
DA:66,0
DA:67,0
DA:68,0
DA:71,0
DA:72,0
DA:73,0
DA:74,0
DA:77,0
DA:78,0
DA:79,0
DA:80,0
DA:82,0
DA:84,0
DA:85,0
DA:86,0
DA:87,0
DA:88,0
DA:89,0
DA:90,0
DA:95,0
DA:96,0
DA:97,0
DA:98,0
DA:103,0
DA:104,0
DA:105,0
DA:106,0
DA:111,0
DA:112,0
DA:127,0
DA:140,0
DA:145,0
DA:146,0
DA:147,0
DA:152,0
DA:153,0
DA:154,0
DA:155,0
DA:156,0
DA:157,0
DA:158,0
DA:159,0
DA:160,0
DA:161,0
DA:166,0
DA:167,0
DA:168,0
DA:169,0
DA:170,0
DA:171,0
DA:172,0
DA:173,0
DA:174,0
DA:175,0
LF:99
LH:0
BRDA:1,0,0,0
BRF:1
BRH:0
end_of_record
TN:
SF:extension/src/config.ts
FN:97,<instance_members_initializer>
FN:98,<static_initializer>
FN:101,ConfigManager
FN:105,getInstance
FN:115,refresh
FN:122,getAnthropicApiKey
FN:129,getAutoInitialize
FN:136,setAutoInitialize
FN:143,getPreferredAI
FN:150,getAutoUpdateCheck
FN:157,getTelemetryEnabled
FN:164,getUpdateCheckInterval
FN:171,getPerformanceMode
FN:178,getAll
FN:194,getWorkspacePaths
FN:216,isSpecifyPath
FN:225,isSpecFile
FN:232,isTasksFile
FN:239,isConstitutionFile
FNF:19
FNH:10
FNDA:7,<instance_members_initializer>
FNDA:8,<static_initializer>
FNDA:7,ConfigManager
FNDA:7,getInstance
FNDA:0,refresh
FNDA:0,getAnthropicApiKey
FNDA:0,getAutoInitialize
FNDA:0,setAutoInitialize
FNDA:0,getPreferredAI
FNDA:0,getAutoUpdateCheck
FNDA:7,getTelemetryEnabled
FNDA:0,getUpdateCheckInterval
FNDA:0,getPerformanceMode
FNDA:0,getAll
FNDA:6,getWorkspacePaths
FNDA:5,isSpecifyPath
FNDA:5,isSpecFile
FNDA:4,isTasksFile
FNDA:4,isConstitutionFile
DA:1,1
DA:9,1
DA:10,1
DA:12,1
DA:15,1
DA:16,1
DA:17,1
DA:18,1
DA:19,1
DA:20,1
DA:23,1
DA:24,1
DA:25,1
DA:28,1
DA:29,1
DA:30,1
DA:33,1
DA:34,1
DA:35,1
DA:36,1
DA:37,1
DA:38,1
DA:39,1
DA:40,1
DA:43,1
DA:44,1
DA:45,1
DA:46,1
DA:47,1
DA:48,1
DA:49,1
DA:50,1
DA:51,1
DA:52,1
DA:53,1
DA:56,1
DA:57,1
DA:58,1
DA:59,1
DA:60,1
DA:61,1
DA:64,1
DA:65,1
DA:66,1
DA:67,1
DA:68,1
DA:69,1
DA:70,1
DA:71,1
DA:72,1
DA:75,1
DA:76,1
DA:77,1
DA:78,1
DA:79,1
DA:80,1
DA:81,1
DA:82,1
DA:85,1
DA:86,1
DA:87,1
DA:88,1
DA:89,1
DA:90,1
DA:91,1
DA:92,1
DA:97,1
DA:98,7
DA:99,7
DA:101,7
DA:102,7
DA:103,7
DA:105,7
DA:106,7
DA:107,7
DA:108,7
DA:109,7
DA:110,7
DA:115,7
DA:116,0
DA:117,0
DA:122,7
DA:123,0
DA:124,0
DA:129,7
DA:130,0
DA:131,0
DA:136,7
DA:137,0
DA:138,0
DA:143,7
DA:144,0
DA:145,0
DA:150,7
DA:151,0
DA:152,0
DA:157,7
DA:158,7
DA:159,7
DA:164,7
DA:165,0
DA:166,0
DA:171,7
DA:172,0
DA:173,0
DA:178,7
DA:179,0
DA:180,0
DA:181,0
DA:182,0
DA:183,0
DA:184,0
DA:185,0
DA:186,0
DA:187,0
DA:188,0
DA:189,7
DA:194,1
DA:195,6
DA:197,6
DA:198,6
DA:199,6
DA:200,6
DA:201,6
DA:202,6
DA:203,6
DA:204,6
DA:205,6
DA:206,6
DA:207,6
DA:212,1
DA:216,1
DA:217,5
DA:218,5
DA:219,5
DA:220,5
DA:225,1
DA:226,5
DA:227,5
DA:232,1
DA:233,4
DA:234,4
DA:239,1
DA:240,4
DA:241,4
DA:242,1
LF:146
LH:120
BRDA:97,0,0,7
BRDA:98,1,0,8
BRDA:101,2,0,7
BRDA:105,3,0,7
BRDA:157,4,0,7
BRDA:194,5,0,6
BRDA:216,6,0,5
BRDA:225,7,0,5
BRDA:226,8,0,4
BRDA:232,9,0,4
BRDA:233,10,0,3
BRDA:239,11,0,4
BRDA:240,12,0,3
BRF:13
BRH:13
end_of_record
TN:
SF:extension/src/constitutionProvider.ts
FN:1,(empty-report)
FNF:1
FNH:0
FNDA:0,(empty-report)
DA:1,0
DA:2,0
DA:3,0
DA:17,0
DA:18,0
DA:19,0
DA:20,0
DA:21,0
DA:22,0
DA:23,0
DA:24,0
DA:25,0
DA:27,0
DA:28,0
DA:29,0
DA:30,0
DA:32,0
DA:33,0
DA:34,0
DA:36,0
DA:37,0
DA:38,0
DA:39,0
DA:40,0
DA:41,0
DA:43,0
DA:44,0
DA:45,0
DA:46,0
DA:48,0
DA:49,0
DA:50,0
DA:51,0
DA:52,0
DA:53,0
DA:54,0
DA:55,0
DA:60,0
DA:61,0
DA:62,0
DA:64,0
DA:65,0
DA:66,0
DA:67,0
DA:68,0
DA:70,0
DA:71,0
DA:72,0
DA:73,0
DA:74,0
DA:76,0
DA:77,0
DA:78,0
DA:79,0
DA:81,0
DA:82,0
DA:83,0
DA:85,0
DA:87,0
DA:88,0
DA:89,0
DA:90,0
DA:91,0
DA:92,0
DA:93,0
DA:94,0
DA:95,0
DA:96,0
DA:97,0
DA:98,0
DA:100,0
DA:102,0
DA:104,0
DA:105,0
DA:106,0
DA:107,0
DA:108,0
DA:109,0
DA:110,0
DA:111,0
DA:112,0
DA:113,0
DA:114,0
DA:116,0
DA:117,0
DA:118,0
DA:119,0
DA:120,0
DA:121,0
DA:122,0
DA:123,0
DA:124,0
DA:125,0
DA:126,0
DA:129,0
DA:130,0
DA:131,0
DA:132,0
DA:133,0
DA:134,0
DA:135,0
DA:136,0
DA:137,0
DA:138,0
DA:139,0
DA:141,0
DA:142,0
DA:144,0
DA:145,0
DA:146,0
DA:147,0
DA:148,0
DA:149,0
DA:150,0
DA:151,0
DA:152,0
DA:153,0
DA:155,0
DA:156,0
DA:158,0
DA:159,0
DA:161,0
DA:162,0
DA:163,0
DA:164,0
DA:165,0
DA:166,0
DA:167,0
DA:168,0
DA:170,0
DA:171,0
DA:172,0
DA:173,0
DA:174,0
DA:175,0
DA:176,0
DA:177,0
DA:178,0
DA:179,0
DA:181,0
DA:182,0
DA:183,0
DA:186,0
DA:187,0
DA:188,0
DA:189,0
DA:190,0
DA:192,0
DA:193,0
DA:194,0
DA:195,0
DA:196,0
DA:198,0
DA:199,0
DA:200,0
DA:201,0
DA:203,0
DA:205,0
DA:206,0
DA:208,0
DA:209,0
DA:210,0
DA:211,0
DA:212,0
DA:213,0
DA:216,0
DA:217,0
DA:218,0
DA:220,0
DA:221,0
DA:222,0
DA:223,0
DA:224,0
DA:225,0
DA:226,0
DA:227,0
DA:230,0
DA:231,0
DA:233,0
DA:234,0
DA:235,0
DA:236,0
DA:237,0
DA:239,0
DA:240,0
DA:241,0
DA:242,0
DA:243,0
DA:244,0
DA:245,0
DA:246,0
DA:249,0
DA:250,0
DA:252,0
DA:253,0
DA:254,0
DA:255,0
DA:256,0
DA:257,0
DA:260,0
DA:261,0
DA:262,0
DA:265,0
DA:266,0
DA:267,0
DA:268,0
DA:269,0
DA:270,0
DA:271,0
DA:272,0
DA:275,0
DA:276,0
DA:277,0
DA:279,0
DA:280,0
DA:281,0
DA:282,0
DA:283,0
DA:284,0
DA:285,0
DA:286,0
DA:287,0
DA:288,0
DA:291,0
DA:292,0
DA:293,0
DA:294,0
DA:295,0
DA:296,0
DA:297,0
DA:299,0
DA:300,0
DA:302,0
DA:304,0
DA:305,0
DA:306,0
DA:307,0
DA:308,0
DA:309,0
DA:310,0
DA:311,0
DA:312,0
DA:313,0
DA:314,0
DA:315,0
DA:316,0
DA:317,0
DA:322,0
DA:323,0
DA:324,0
DA:329,0
DA:330,0
DA:331,0
DA:332,0
LF:254
LH:0
BRDA:1,0,0,0
BRF:1
BRH:0
end_of_record
TN:
SF:extension/src/extension.ts
FN:1,(empty-report)
FNF:1
FNH:0
FNDA:0,(empty-report)
DA:1,0
DA:2,0
DA:3,0
DA:4,0
DA:5,0
DA:6,0
DA:7,0
DA:8,0
DA:9,0
DA:10,0
DA:11,0
DA:12,0
DA:13,0
DA:26,0
DA:27,0
DA:28,0
DA:29,0
DA:30,0
DA:31,0
DA:32,0
DA:34,0
DA:36,0
DA:37,0
DA:40,0
DA:41,0
DA:42,0
DA:43,0
DA:44,0
DA:45,0
DA:46,0
DA:49,0
DA:52,0
DA:53,0
DA:54,0
DA:55,0
DA:56,0
DA:57,0
DA:58,0
DA:59,0
DA:63,0
DA:67,0
DA:69,0
DA:70,0
DA:71,0
DA:73,0
DA:74,0
DA:75,0
DA:76,0
DA:77,0
DA:79,0
DA:80,0
DA:83,0
DA:84,0
DA:85,0
DA:86,0
DA:92,0
DA:94,0
DA:98,0
DA:99,0
DA:100,0
DA:103,0
DA:104,0
DA:105,0
DA:107,0
DA:108,0
DA:109,0
DA:111,0
DA:112,0
DA:113,0
DA:115,0
DA:116,0
DA:118,0
DA:119,0
DA:122,0
DA:123,0
DA:124,0
DA:127,0
DA:128,0
DA:129,0
DA:130,0
DA:133,0
DA:134,0
DA:135,0
DA:136,0
DA:137,0
DA:138,0
DA:139,0
DA:140,0
DA:141,0
DA:142,0
DA:145,0
DA:146,0
DA:148,0
DA:149,0
DA:150,0
DA:151,0
DA:152,0
DA:154,0
DA:155,0
DA:158,0
DA:160,0
DA:163,0
DA:164,0
DA:165,0
DA:166,0
DA:168,0
DA:169,0
DA:170,0
DA:172,0
DA:173,0
DA:174,0
DA:176,0
DA:177,0
DA:178,0
DA:179,0
DA:182,0
DA:183,0
DA:185,0
DA:186,0
DA:187,0
DA:188,0
DA:189,0
DA:190,0
DA:192,0
DA:193,0
DA:195,0
DA:196,0
DA:197,0
DA:198,0
DA:199,0
DA:200,0
DA:201,0
DA:203,0
DA:204,0
DA:205,0
DA:206,0
DA:207,0
DA:208,0
DA:209,0
DA:211,0
DA:212,0
DA:213,0
DA:214,0
DA:215,0
DA:216,0
DA:218,0
DA:219,0
DA:220,0
DA:221,0
DA:222,0
DA:223,0
DA:224,0
DA:226,0
DA:227,0
DA:228,0
DA:229,0
DA:230,0
DA:231,0
DA:233,0
DA:234,0
DA:235,0
DA:237,0
DA:238,0
DA:240,0
DA:243,0
DA:244,0
DA:246,0
DA:247,0
DA:248,0
DA:250,0
DA:251,0
DA:253,0
DA:254,0
DA:255,0
DA:256,0
DA:257,0
DA:258,0
DA:260,0
DA:261,0
DA:262,0
DA:263,0
DA:264,0
DA:266,0
DA:267,0
DA:268,0
DA:269,0
DA:270,0
DA:271,0
DA:272,0
DA:274,0
DA:276,0
DA:277,0
DA:281,0
DA:284,0
DA:285,0
DA:286,0
DA:287,0
DA:288,0
DA:289,0
DA:290,0
DA:291,0
DA:292,0
DA:295,0
DA:296,0
DA:297,0
DA:298,0
DA:299,0
DA:300,0
DA:302,0
DA:303,0
DA:304,0
DA:305,0
DA:308,0
DA:309,0
DA:310,0
DA:312,0
DA:313,0
DA:314,0
DA:316,0
DA:319,0
DA:322,0
DA:323,0
DA:328,0
DA:329,0
DA:330,0
DA:331,0
DA:333,0
DA:336,0
DA:337,0
DA:338,0
DA:339,0
DA:340,0
DA:342,0
DA:345,0
DA:346,0
DA:348,0
DA:349,0
DA:350,0
DA:352,0
DA:355,0
DA:356,0
DA:357,0
DA:358,0
DA:359,0
DA:360,0
DA:363,0
DA:364,0
DA:365,0
DA:368,0
DA:369,0
DA:370,0
DA:371,0
DA:372,0
DA:374,0
DA:375,0
DA:376,0
DA:377,0
DA:378,0
DA:379,0
DA:380,0
DA:381,0
DA:386,0
DA:387,0
DA:388,0
DA:396,0
DA:397,0
DA:398,0
DA:399,0
DA:400,0
DA:401,0
DA:402,0
DA:403,0
DA:404,0
DA:405,0
DA:406,0
DA:407,0
DA:408,0
DA:409,0
DA:410,0
DA:411,0
DA:412,0
DA:413,0
DA:415,0
DA:416,0
DA:417,0
DA:418,0
DA:420,0
DA:421,0
DA:422,0
DA:423,0
DA:424,0
DA:426,0
DA:427,0
DA:428,0
DA:429,0
DA:430,0
DA:431,0
DA:432,0
DA:433,0
DA:434,0
DA:435,0
DA:436,0
DA:437,0
DA:438,0
DA:443,0
DA:445,0
DA:446,0
DA:447,0
DA:448,0
DA:449,0
DA:452,0
DA:453,0
DA:454,0
DA:455,0
DA:456,0
DA:459,0
DA:460,0
DA:461,0
DA:462,0
DA:463,0
DA:464,0
DA:465,0
DA:466,0
DA:467,0
DA:470,0
DA:471,0
DA:472,0
DA:473,0
DA:474,0
DA:475,0
DA:476,0
DA:477,0
DA:478,0
DA:481,0
DA:482,0
DA:483,0
DA:484,0
DA:485,0
DA:486,0
DA:487,0
DA:488,0
DA:489,0
DA:492,0
DA:493,0
DA:494,0
DA:495,0
DA:496,0
DA:497,0
DA:498,0
DA:499,0
DA:500,0
DA:503,0
DA:504,0
DA:505,0
DA:506,0
DA:507,0
DA:508,0
DA:509,0
DA:510,0
DA:511,0
DA:515,0
DA:516,0
DA:517,0
DA:518,0
DA:519,0
DA:520,0
DA:523,0
DA:524,0
DA:525,0
DA:526,0
DA:527,0
DA:528,0
DA:531,0
DA:532,0
DA:533,0
DA:534,0
DA:535,0
DA:536,0
DA:537,0
DA:538,0
DA:539,0
DA:542,0
DA:543,0
DA:544,0
DA:545,0
DA:546,0
DA:547,0
DA:550,0
DA:551,0
DA:552,0
DA:553,0
DA:554,0
DA:555,0
DA:558,0
DA:559,0
DA:560,0
DA:561,0
DA:562,0
DA:563,0
DA:564,0
DA:565,0
DA:566,0
DA:569,0
DA:570,0
DA:571,0
DA:572,0
DA:573,0
DA:574,0
DA:576,0
DA:577,0
DA:578,0
DA:579,0
DA:580,0
DA:581,0
DA:583,0
DA:584,0
DA:585,0
DA:586,0
DA:587,0
DA:588,0
DA:590,0
DA:591,0
DA:592,0
DA:593,0
DA:594,0
DA:595,0
DA:598,0
DA:599,0
DA:600,0
DA:601,0
DA:602,0
DA:604,0
DA:605,0
DA:608,0
DA:611,0
DA:612,0
DA:613,0
DA:614,0
DA:616,0
DA:618,0
DA:619,0
DA:620,0
DA:621,0
DA:622,0
DA:624,0
DA:625,0
DA:626,0
DA:627,0
DA:628,0
DA:629,0
DA:630,0
DA:631,0
DA:632,0
DA:633,0
DA:634,0
DA:636,0
DA:637,0
DA:638,0
DA:639,0
DA:640,0
DA:641,0
DA:643,0
DA:644,0
DA:645,0
DA:646,0
DA:647,0
DA:648,0
DA:650,0
DA:651,0
DA:652,0
DA:653,0
DA:654,0
DA:655,0
DA:656,0
DA:661,0
DA:662,0
DA:663,0
DA:664,0
DA:665,0
DA:667,0
DA:668,0
DA:669,0
DA:671,0
DA:672,0
DA:674,0
DA:676,0
DA:677,0
DA:679,0
DA:680,0
DA:681,0
DA:682,0
DA:683,0
DA:685,0
DA:686,0
DA:688,0
DA:689,0
DA:690,0
DA:693,0
DA:694,0
DA:695,0
DA:696,0
DA:697,0
DA:698,0
DA:699,0
DA:700,0
DA:703,0
DA:704,0
DA:705,0
DA:707,0
DA:708,0
DA:709,0
DA:710,0
DA:711,0
DA:712,0
DA:713,0
DA:714,0
DA:715,0
DA:716,0
DA:717,0
DA:718,0
DA:721,0
DA:722,0
DA:723,0
DA:724,0
DA:725,0
DA:726,0
DA:727,0
DA:728,0
DA:729,0
DA:731,0
DA:732,0
DA:733,0
DA:734,0
DA:735,0
DA:736,0
DA:737,0
DA:738,0
DA:739,0
DA:742,0
DA:743,0
DA:744,0
DA:745,0
DA:746,0
DA:747,0
DA:748,0
DA:750,0
DA:751,0
DA:752,0
DA:753,0
DA:754,0
DA:755,0
DA:756,0
DA:757,0
DA:758,0
DA:759,0
DA:760,0
DA:762,0
DA:763,0
DA:764,0
DA:765,0
DA:766,0
DA:767,0
DA:768,0
DA:769,0
DA:770,0
DA:772,0
DA:773,0
DA:774,0
DA:777,0
DA:778,0
DA:779,0
DA:780,0
DA:781,0
DA:782,0
DA:783,0
DA:784,0
DA:785,0
DA:786,0
DA:789,0
DA:790,0
DA:791,0
DA:792,0
DA:793,0
DA:794,0
DA:795,0
DA:796,0
DA:797,0
DA:798,0
DA:799,0
DA:800,0
DA:801,0
DA:802,0
DA:803,0
DA:805,0
DA:806,0
DA:807,0
DA:809,0
DA:811,0
DA:814,0
DA:815,0
DA:816,0
DA:817,0
DA:818,0
DA:819,0
DA:821,0
DA:824,0
DA:825,0
DA:826,0
DA:827,0
DA:870,0
DA:873,0
DA:874,0
DA:877,0
DA:878,0
DA:879,0
DA:881,0
DA:882,0
DA:883,0
DA:884,0
DA:885,0
DA:886,0
DA:887,0
DA:890,0
DA:891,0
DA:892,0
DA:893,0
DA:894,0
DA:895,0
DA:896,0
DA:897,0
DA:898,0
DA:899,0
DA:900,0
DA:902,0
DA:903,0
DA:904,0
DA:905,0
DA:906,0
DA:907,0
DA:908,0
DA:909,0
DA:910,0
DA:911,0
DA:913,0
DA:914,0
DA:915,0
DA:916,0
DA:918,0
DA:919,0
DA:920,0
DA:922,0
DA:923,0
DA:924,0
DA:925,0
DA:926,0
DA:927,0
DA:928,0
DA:929,0
DA:930,0
DA:933,0
DA:934,0
DA:935,0
DA:938,0
DA:939,0
DA:940,0
DA:941,0
DA:944,0
DA:945,0
DA:946,0
DA:947,0
DA:949,0
DA:950,0
DA:951,0
DA:952,0
DA:953,0
DA:954,0
DA:955,0
DA:956,0
DA:961,0
DA:963,0
DA:964,0
DA:967,0
DA:968,0
DA:969,0
DA:970,0
DA:972,0
DA:973,0
LF:687
LH:0
BRDA:1,0,0,0
BRF:1
BRH:0
end_of_record
TN:
SF:extension/src/fileMonitor.ts
FN:1,(empty-report)
FNF:1
FNH:0
FNDA:0,(empty-report)
DA:1,0
DA:2,0
DA:3,0
DA:4,0
DA:12,0
DA:13,0
DA:14,0
DA:15,0
DA:16,0
DA:17,0
DA:18,0
DA:20,0
DA:21,0
DA:22,0
DA:23,0
DA:24,0
DA:25,0
DA:26,0
DA:27,0
DA:28,0
DA:30,0
DA:31,0
DA:32,0
DA:35,0
DA:36,0
DA:39,0
DA:40,0
DA:41,0
DA:42,0
DA:43,0
DA:46,0
DA:47,0
DA:48,0
DA:49,0
DA:50,0
DA:51,0
DA:52,0
DA:53,0
DA:55,0
DA:56,0
DA:57,0
DA:58,0
DA:59,0
DA:60,0
DA:61,0
DA:63,0
DA:64,0
DA:65,0
DA:67,0
DA:68,0
DA:69,0
DA:70,0
DA:71,0
DA:72,0
DA:73,0
DA:78,0
DA:79,0
DA:80,0
DA:81,0
DA:82,0
DA:84,0
DA:85,0
DA:86,0
DA:89,0
DA:90,0
DA:91,0
DA:93,0
DA:94,0
DA:96,0
DA:97,0
DA:100,0
DA:103,0
DA:104,0
DA:106,0
DA:107,0
DA:110,0
DA:113,0
DA:114,0
DA:115,0
DA:116,0
DA:117,0
DA:118,0
DA:119,0
DA:120,0
DA:121,0
DA:122,0
DA:127,0
DA:128,0
DA:129,0
DA:130,0
DA:132,0
DA:133,0
DA:134,0
DA:136,0
DA:139,0
DA:140,0
DA:141,0
DA:142,0
DA:143,0
DA:144,0
DA:146,0
DA:148,0
DA:149,0
DA:150,0
DA:153,0
DA:154,0
DA:155,0
DA:156,0
DA:157,0
DA:158,0
DA:159,0
DA:160,0
DA:161,0
DA:162,0
DA:163,0
DA:168,0
DA:169,0
DA:170,0
DA:171,0
DA:172,0
DA:173,0
DA:174,0
DA:175,0
DA:176,0
LF:124
LH:0
BRDA:1,0,0,0
BRF:1
BRH:0
end_of_record
TN:
SF:extension/src/lspClient.ts
FN:1,(empty-report)
FNF:1
FNH:1
FNDA:1,(empty-report)
DA:8,0
DA:9,0
DA:10,0
DA:17,0
DA:18,0
DA:19,0
DA:21,0
DA:22,0
DA:23,0
DA:25,0
DA:29,0
DA:32,0
DA:33,0
DA:34,0
DA:36,0
DA:37,0
DA:38,0
DA:39,0
DA:40,0
DA:43,0
DA:44,0
DA:45,0
DA:46,0
DA:47,0
DA:48,0
DA:49,0
DA:52,0
DA:54,0
DA:55,0
DA:56,0
DA:57,0
DA:58,0
DA:59,0
DA:61,0
DA:62,0
DA:63,0
DA:64,0
DA:65,0
DA:66,0
DA:68,0
DA:71,0
DA:72,0
DA:73,0
DA:74,0
DA:75,0
DA:76,0
DA:77,0
DA:78,0
DA:79,0
DA:80,0
DA:81,0
DA:82,0
DA:83,0
DA:86,0
DA:88,0
DA:89,0
DA:90,0
DA:91,0
DA:92,0
DA:93,0
DA:94,0
DA:95,0
DA:97,0
DA:98,0
DA:99,0
DA:100,0
DA:101,0
DA:104,0
DA:105,0
DA:106,0
DA:107,0
DA:108,0
DA:109,0
DA:112,0
DA:113,0
DA:114,0
DA:117,0
DA:118,0
DA:119,0
DA:120,0
DA:121,0
DA:122,0
DA:124,0
DA:125,0
DA:126,0
DA:127,0
DA:128,0
DA:129,0
DA:134,0
DA:135,0
DA:136,0
DA:137,0
DA:139,0
DA:140,0
DA:141,0
DA:142,0
DA:143,0
DA:144,0
DA:145,0
DA:150,0
DA:151,0
DA:152,0
DA:153,0
DA:155,0
DA:156,0
DA:161,0
DA:162,0
DA:163,0
DA:164,0
DA:167,0
DA:168,0
DA:169,0
DA:170,0
DA:173,0
DA:174,0
DA:175,0
DA:181,0
DA:182,0
DA:183,0
DA:184,0
DA:185,0
DA:187,0
DA:188,0
DA:189,0
DA:190,0
DA:191,0
DA:192,0
DA:193,0
DA:195,0
DA:196,0
DA:197,0
DA:198,0
DA:199,0
DA:200,0
DA:201,0
DA:203,0
DA:204,0
DA:205,0
DA:206,0
LF:139
LH:0
BRDA:1,0,0,1
BRF:1
BRH:1
end_of_record
TN:
SF:extension/src/mcpConfig.ts
FN:1,(empty-report)
FNF:1
FNH:1
FNDA:1,(empty-report)
DA:8,0
DA:9,0
DA:10,0
DA:12,0
DA:13,0
DA:14,0
DA:15,0
DA:16,0
DA:21,0
DA:22,0
DA:23,0
DA:26,0
DA:27,0
DA:28,0
DA:29,0
DA:30,0
DA:33,0
DA:34,0
DA:35,0
DA:38,0
DA:39,0
DA:42,0
DA:43,0
DA:44,0
DA:45,0
DA:46,0
DA:47,0
DA:48,0
DA:49,0
DA:50,0
DA:51,0
DA:52,0
DA:53,0
DA:54,0
DA:55,0
DA:58,0
DA:59,0
DA:60,0
DA:61,0
DA:62,0
DA:64,0
DA:67,0
DA:68,0
DA:69,0
DA:70,0
DA:71,0
DA:72,0
DA:73,0
DA:74,0
DA:75,0
DA:76,0
DA:79,0
DA:80,0
DA:81,0
DA:82,0
DA:83,0
DA:84,0
DA:85,0
DA:86,0
DA:91,0
DA:92,0
DA:93,0
DA:94,0
DA:95,0
DA:96,0
DA:97,0
DA:98,0
DA:99,0
DA:104,0
DA:108,0
DA:109,0
DA:111,0
DA:112,0
DA:113,0
DA:115,0
DA:116,0
DA:117,0
DA:118,0
DA:120,0
DA:121,0
DA:123,0
DA:124,0
DA:125,0
DA:126,0
DA:127,0
DA:132,0
DA:133,0
DA:135,0
DA:136,0
DA:137,0
DA:139,0
DA:140,0
DA:141,0
DA:142,0
DA:143,0
DA:145,0
DA:146,0
DA:149,0
DA:150,0
DA:151,0
DA:153,0
DA:154,0
DA:155,0
DA:157,0
DA:158,0
DA:159,0
DA:160,0
DA:162,0
DA:163,0
DA:164,0
DA:165,0
DA:166,0
DA:167,0
DA:168,0
DA:169,0
DA:170,0
DA:171,0
DA:172,0
DA:173,0
DA:174,0
DA:175,0
DA:176,0
DA:177,0
DA:178,0
DA:179,0
DA:180,0
DA:181,0
DA:186,0
DA:187,0
DA:188,0
DA:189,0
DA:190,0
DA:191,0
DA:192,0
DA:193,0
DA:194,0
DA:195,0
DA:196,0
DA:197,0
DA:198,0
DA:199,0
DA:200,0
LF:142
LH:0
BRDA:1,0,0,1
BRF:1
BRH:1
end_of_record
TN:
SF:extension/src/memoryProvider.ts
FN:1,(empty-report)
FNF:1
FNH:0
FNDA:0,(empty-report)
DA:1,0
DA:2,0
DA:3,0
DA:17,0
DA:18,0
DA:19,0
DA:20,0
DA:21,0
DA:22,0
DA:23,0
DA:24,0
DA:25,0
DA:27,0
DA:28,0
DA:29,0
DA:30,0
DA:32,0
DA:33,0
DA:34,0
DA:36,0
DA:37,0
DA:38,0
DA:39,0
DA:40,0
DA:41,0
DA:43,0
DA:44,0
DA:45,0
DA:47,0
DA:48,0
DA:49,0
DA:50,0
DA:51,0
DA:52,0
DA:53,0
DA:54,0
DA:59,0
DA:60,0
DA:61,0
DA:63,0
DA:64,0
DA:65,0
DA:67,0
DA:68,0
DA:69,0
DA:70,0
DA:71,0
DA:73,0
DA:74,0
DA:75,0
DA:76,0
DA:78,0
DA:79,0
DA:80,0
DA:82,0
DA:84,0
DA:85,0
DA:86,0
DA:87,0
DA:88,0
DA:89,0
DA:90,0
DA:91,0
DA:92,0
DA:93,0
DA:94,0
DA:95,0
DA:97,0
DA:99,0
DA:100,0
DA:101,0
DA:102,0
DA:103,0
DA:104,0
DA:105,0
DA:106,0
DA:107,0
DA:108,0
DA:109,0
DA:111,0
DA:112,0
DA:113,0
DA:114,0
DA:115,0
DA:116,0
DA:117,0
DA:118,0
DA:119,0
DA:120,0
DA:123,0
DA:124,0
DA:125,0
DA:126,0
DA:127,0
DA:128,0
DA:129,0
DA:130,0
DA:131,0
DA:132,0
DA:134,0
DA:135,0
DA:137,0
DA:138,0
DA:139,0
DA:142,0
DA:143,0
DA:144,0
DA:145,0
DA:146,0
DA:147,0
DA:148,0
DA:151,0
DA:152,0
DA:154,0
DA:156,0
DA:157,0
DA:158,0
DA:159,0
DA:160,0
DA:162,0
DA:163,0
DA:164,0
DA:165,0
DA:166,0
DA:167,0
DA:168,0
DA:170,0
DA:171,0
DA:172,0
DA:173,0
DA:174,0
DA:175,0
DA:176,0
DA:178,0
DA:179,0
DA:180,0
DA:182,0
DA:183,0
DA:184,0
DA:186,0
DA:187,0
DA:188,0
DA:190,0
DA:191,0
DA:192,0
DA:193,0
DA:194,0
DA:195,0
DA:196,0
DA:198,0
DA:199,0
DA:200,0
LF:152
LH:0
BRDA:1,0,0,0
BRF:1
BRH:0
end_of_record
TN:
SF:extension/src/orchestratorProcess.ts
FN:1,(empty-report)
FNF:1
FNH:0
FNDA:0,(empty-report)
DA:1,0
DA:2,0
DA:3,0
DA:8,0
DA:9,0
DA:10,0
DA:11,0
DA:12,0
DA:14,0
DA:15,0
DA:16,0
DA:17,0
DA:18,0
DA:20,0
DA:21,0
DA:22,0
DA:23,0
DA:25,0
DA:26,0
DA:29,0
DA:32,0
DA:33,0
DA:34,0
DA:35,0
DA:36,0
DA:37,0
DA:41,0
DA:42,0
DA:43,0
DA:44,0
DA:45,0
DA:47,0
DA:48,0
DA:49,0
DA:52,0
DA:53,0
DA:54,0
DA:55,0
DA:56,0
DA:57,0
DA:59,0
DA:60,0
DA:61,0
DA:62,0
DA:64,0
DA:65,0
DA:66,0
DA:67,0
DA:69,0
DA:70,0
DA:71,0
DA:72,0
DA:74,0
DA:75,0
DA:76,0
DA:78,0
DA:79,0
DA:81,0
DA:82,0
DA:84,0
DA:85,0
DA:86,0
DA:87,0
DA:89,0
DA:91,0
DA:92,0
DA:93,0
DA:94,0
DA:95,0
DA:97,0
DA:98,0
DA:99,0
DA:100,0
DA:101,0
DA:104,0
DA:107,0
DA:108,0
DA:109,0
DA:110,0
DA:111,0
DA:112,0
DA:113,0
DA:114,0
DA:116,0
DA:117,0
DA:118,0
DA:123,0
DA:124,0
DA:125,0
DA:126,0
DA:128,0
DA:129,0
DA:134,0
DA:135,0
DA:136,0
DA:137,0
LF:96
LH:0
BRDA:1,0,0,0
BRF:1
BRH:0
end_of_record
TN:
SF:extension/src/progressProvider.ts
FN:1,(empty-report)
FNF:1
FNH:0
FNDA:0,(empty-report)
DA:1,0
DA:2,0
DA:3,0
DA:4,0
DA:6,0
DA:7,0
DA:8,0
DA:9,0
DA:10,0
DA:11,0
DA:12,0
DA:13,0
DA:14,0
DA:15,0
DA:17,0
DA:19,0
DA:20,0
DA:21,0
DA:22,0
DA:25,0
DA:28,0
DA:30,0
DA:31,0
DA:33,0
DA:34,0
DA:35,0
DA:36,0
DA:37,0
DA:38,0
DA:40,0
DA:42,0
DA:43,0
DA:44,0
DA:45,0
DA:47,0
DA:48,0
DA:49,0
DA:50,0
DA:51,0
DA:52,0
DA:53,0
DA:58,0
DA:59,0
DA:60,0
DA:61,0
DA:62,0
DA:64,0
DA:67,0
DA:68,0
DA:69,0
DA:72,0
DA:73,0
DA:74,0
DA:75,0
DA:76,0
DA:77,0
DA:78,0
DA:79,0
DA:80,0
DA:81,0
DA:82,0
DA:83,0
DA:86,0
DA:88,0
DA:89,0
DA:94,0
DA:95,0
DA:98,0
DA:99,0
DA:100,0
DA:101,0
DA:104,0
DA:105,0
DA:106,0
DA:107,0
DA:108,0
DA:109,0
DA:110,0
DA:113,0
DA:114,0
DA:115,0
DA:116,0
DA:117,0
DA:118,0
DA:120,0
DA:121,0
DA:123,0
DA:125,0
DA:126,0
DA:127,0
DA:128,0
DA:129,0
DA:130,0
DA:131,0
DA:132,0
DA:133,0
DA:134,0
DA:135,0
DA:136,0
DA:137,0
DA:138,0
DA:140,0
DA:142,0
DA:143,0
DA:144,0
DA:145,0
DA:146,0
DA:147,0
DA:148,0
DA:149,0
DA:150,0
DA:151,0
DA:152,0
DA:153,0
DA:154,0
DA:155,0
DA:156,0
DA:157,0
DA:159,0
DA:160,0
DA:163,0
DA:166,0
DA:167,0
DA:168,0
DA:171,0
DA:172,0
DA:173,0
DA:176,0
DA:177,0
DA:178,0
DA:181,0
DA:182,0
DA:183,0
DA:185,0
DA:186,0
DA:187,0
DA:192,0
DA:193,0
DA:194,0
DA:196,0
DA:197,0
DA:198,0
DA:199,0
DA:200,0
DA:201,0
DA:202,0
DA:204,0
DA:205,0
DA:206,0
DA:207,0
DA:208,0
DA:209,0
DA:210,0
DA:211,0
DA:212,0
DA:214,0
DA:215,0
DA:216,0
DA:217,0
DA:219,0
DA:220,0
DA:221,0
DA:223,0
DA:225,0
DA:226,0
DA:227,0
DA:228,0
DA:229,0
DA:230,0
DA:231,0
DA:232,0
DA:233,0
DA:235,0
DA:237,0
DA:238,0
DA:239,0
DA:240,0
DA:241,0
DA:242,0
DA:243,0
DA:244,0
DA:245,0
DA:246,0
DA:249,0
DA:251,0
DA:252,0
DA:253,0
DA:254,0
DA:257,0
DA:258,0
DA:259,0
DA:263,0
DA:264,0
DA:266,0
DA:267,0
DA:268,0
DA:269,0
DA:270,0
DA:271,0
DA:272,0
DA:273,0
DA:274,0
DA:275,0
DA:277,0
DA:278,0
DA:279,0
DA:280,0
DA:281,0
DA:283,0
DA:284,0
DA:286,0
DA:287,0
DA:289,0
DA:290,0
DA:291,0
DA:293,0
DA:294,0
DA:295,0
DA:296,0
DA:297,0
DA:298,0
DA:299,0
DA:300,0
DA:302,0
DA:303,0
DA:304,0
DA:307,0
DA:310,0
DA:312,0
DA:313,0
DA:314,0
DA:315,0
DA:316,0
DA:317,0
DA:318,0
DA:320,0
DA:321,0
DA:323,0
DA:324,0
DA:325,0
DA:328,0
DA:329,0
DA:330,0
DA:331,0
DA:332,0
DA:333,0
DA:334,0
DA:335,0
DA:336,0
DA:337,0
DA:342,0
DA:343,0
DA:345,0
DA:346,0
DA:347,0
DA:348,0
DA:349,0
DA:350,0
DA:351,0
DA:352,0
DA:354,0
DA:355,0
DA:356,0
DA:357,0
DA:358,0
DA:360,0
DA:361,0
DA:362,0
DA:365,0
DA:368,0
DA:370,0
DA:371,0
DA:372,0
DA:375,0
DA:376,0
DA:378,0
DA:379,0
DA:380,0
DA:381,0
DA:384,0
DA:385,0
DA:386,0
DA:387,0
DA:388,0
DA:389,0
DA:390,0
DA:391,0
DA:392,0
DA:393,0
DA:394,0
DA:395,0
DA:396,0
DA:397,0
DA:398,0
DA:399,0
DA:400,0
DA:403,0
DA:404,0
DA:405,0
DA:406,0
DA:407,0
DA:408,0
DA:413,0
DA:414,0
DA:415,0
DA:416,0
DA:417,0
DA:418,0
DA:419,0
DA:420,0
DA:423,0
DA:424,0
DA:425,0
DA:426,0
DA:427,0
DA:428,0
DA:429,0
DA:431,0
DA:432,0
DA:437,0
DA:438,0
DA:439,0
DA:440,0
DA:442,0
DA:443,0
DA:444,0
DA:445,0
DA:446,0
DA:451,0
DA:452,0
DA:454,0
DA:455,0
DA:456,0
DA:457,0
DA:458,0
DA:459,0
DA:460,0
DA:462,0
DA:463,0
DA:468,0
DA:469,0
DA:470,0
DA:475,0
DA:485,0
DA:486,0
DA:487,0
DA:488,0
DA:489,0
DA:490,0
DA:491,0
DA:492,0
DA:494,0
DA:495,0
DA:496,0
DA:497,0
DA:498,0
DA:499,0
DA:501,0
DA:502,0
DA:503,0
DA:504,0
DA:505,0
DA:506,0
DA:507,0
DA:508,0
DA:510,0
DA:511,0
DA:512,0
DA:513,0
DA:514,0
DA:515,0
DA:516,0
DA:517,0
DA:518,0
DA:519,0
DA:520,0
DA:521,0
DA:526,0
DA:527,0
DA:528,0
DA:533,0
DA:534,0
DA:535,0
DA:540,0
DA:541,0
DA:542,0
DA:543,0
DA:548,0
DA:549,0
DA:550,0
DA:551,0
DA:556,0
DA:557,0
DA:558,0
DA:563,0
DA:564,0
DA:565,0
DA:566,0
LF:398
LH:0
BRDA:1,0,0,0
BRF:1
BRH:0
end_of_record
TN:
SF:extension/src/specKitMigrator.ts
FN:9,<instance_members_initializer>
FN:13,SpecKitMigrator
FN:21,exists
FN:33,detectFormat
FN:64,hasDirectory
FN:77,hasJsonSpecs
FN:89,getVersionInfo
FN:133,upgrade
FN:224,installSpecKitCLI
FN:349,updateSpecKitTemplates
FN:423,setupClaudeCommands
FN:498,createSpecKitStructureManually
FN:552,findUV
FN:584,installUV
FN:626,createSpecKitStructure
FN:640,migrateJsonSpecs
FN:677,convertJsonToMarkdown
FN:752,createConstitution
FN:794,createTemplates
FN:1358,createBashScripts
FN:1411,createNodeScripts
FN:1466,createVSCodeSettings
FN:1528,createReadme
FN:1566,updateGitignore
FN:1637,fixSpecPathReferences
FN:1758,fixClaudeCommands
FN:1839,fixExistingSpecs
FN:2041,slugify
FNF:28
FNH:7
FNDA:28,<instance_members_initializer>
FNDA:28,SpecKitMigrator
FNDA:30,exists
FNDA:26,detectFormat
FNDA:72,hasDirectory
FNDA:24,hasJsonSpecs
FNDA:7,getVersionInfo
FNDA:0,upgrade
FNDA:0,installSpecKitCLI
FNDA:0,updateSpecKitTemplates
FNDA:0,setupClaudeCommands
FNDA:0,createSpecKitStructureManually
FNDA:0,findUV
FNDA:0,installUV
FNDA:0,createSpecKitStructure
FNDA:0,migrateJsonSpecs
FNDA:0,convertJsonToMarkdown
FNDA:0,createConstitution
FNDA:0,createTemplates
FNDA:0,createBashScripts
FNDA:0,createNodeScripts
FNDA:0,createVSCodeSettings
FNDA:0,createReadme
FNDA:0,updateGitignore
FNDA:0,fixSpecPathReferences
FNDA:0,fixClaudeCommands
FNDA:0,fixExistingSpecs
FNDA:0,slugify
DA:1,1
DA:2,1
DA:3,1
DA:4,1
DA:9,1
DA:10,28
DA:11,28
DA:13,28
DA:14,28
DA:15,28
DA:16,28
DA:21,28
DA:22,30
DA:23,30
DA:24,27
DA:25,30
DA:26,3
DA:27,3
DA:28,30
DA:33,28
DA:34,26
DA:35,26
DA:36,2
DA:37,2
DA:39,24
DA:40,24
DA:41,24
DA:42,24
DA:45,26
DA:48,26
DA:50,26
DA:51,2
DA:52,26
DA:53,9
DA:54,22
DA:55,5
DA:56,13
DA:57,8
DA:58,8
DA:59,26
DA:64,28
DA:65,72
DA:66,72
DA:67,72
DA:68,41
DA:69,72
DA:70,31
DA:71,31
DA:72,72
DA:77,28
DA:78,24
DA:79,24
DA:80,24
DA:81,24
DA:82,0
DA:83,0
DA:84,24
DA:89,28
DA:90,7
DA:92,7
DA:93,7
DA:94,1
DA:95,1
DA:96,1
DA:97,1
DA:98,1
DA:100,7
DA:101,2
DA:102,2
DA:103,2
DA:104,2
DA:105,2
DA:107,7
DA:108,2
DA:109,2
DA:110,2
DA:111,2
DA:112,2
DA:114,7
DA:115,2
DA:116,2
DA:117,2
DA:118,2
DA:119,2
DA:121,7
DA:122,0
DA:123,0
DA:124,0
DA:125,0
DA:126,0
DA:127,7
DA:128,7
DA:133,28
DA:134,0
DA:136,0
DA:139,0
DA:140,0
DA:141,0
DA:143,0
DA:144,0
DA:145,0
DA:146,0
DA:147,0
DA:148,0
DA:150,0
DA:151,0
DA:152,0
DA:154,0
DA:155,0
DA:156,0
DA:157,0
DA:158,0
DA:159,0
DA:160,0
DA:162,0
DA:163,0
DA:165,0
DA:166,0
DA:167,0
DA:169,0
DA:170,0
DA:171,0
DA:173,0
DA:174,0
DA:175,0
DA:177,0
DA:178,0
DA:179,0
DA:181,0
DA:182,0
DA:183,0
DA:185,0
DA:186,0
DA:187,0
DA:189,0
DA:190,0
DA:191,0
DA:193,0
DA:194,0
DA:195,0
DA:197,0
DA:198,0
DA:199,0
DA:201,0
DA:202,0
DA:203,0
DA:205,0
DA:206,0
DA:207,0
DA:209,0
DA:210,0
DA:211,0
DA:212,0
DA:213,0
DA:214,0
DA:215,0
DA:216,0
DA:217,0
DA:218,0
DA:219,0
DA:224,28
DA:225,0
DA:226,0
DA:227,0
DA:229,0
DA:231,0
DA:233,0
DA:235,0
DA:236,0
DA:237,0
DA:238,0
DA:239,0
DA:240,0
DA:241,0
DA:243,0
DA:244,0
DA:245,0
DA:246,0
DA:247,0
DA:248,0
DA:249,0
DA:250,0
DA:251,0
DA:252,0
DA:253,0
DA:254,0
DA:255,0
DA:258,0
DA:259,0
DA:260,0
DA:261,0
DA:262,0
DA:263,0
DA:264,0
DA:265,0
DA:266,0
DA:267,0
DA:268,0
DA:269,0
DA:270,0
DA:271,0
DA:272,0
DA:273,0
DA:274,0
DA:275,0
DA:277,0
DA:278,0
DA:279,0
DA:282,0
DA:283,0
DA:284,0
DA:285,0
DA:286,0
DA:287,0
DA:288,0
DA:290,0
DA:291,0
DA:292,0
DA:293,0
DA:295,0
DA:299,0
DA:300,0
DA:301,0
DA:302,0
DA:304,0
DA:307,0
DA:309,0
DA:312,0
DA:313,0
DA:314,0
DA:315,0
DA:318,0
DA:320,0
DA:321,0
DA:322,0
DA:323,0
DA:326,0
DA:327,0
DA:329,0
DA:330,0
DA:331,0
DA:332,0
DA:333,0
DA:334,0
DA:335,0
DA:336,0
DA:337,0
DA:338,0
DA:339,0
DA:342,0
DA:343,0
DA:344,0
DA:349,28
DA:350,0
DA:352,0
DA:353,0
DA:354,0
DA:355,0
DA:356,0
DA:357,0
DA:359,0
DA:360,0
DA:361,0
DA:362,0
DA:363,0
DA:365,0
DA:366,0
DA:367,0
DA:368,0
DA:369,0
DA:370,0
DA:371,0
DA:372,0
DA:373,0
DA:375,0
DA:376,0
DA:377,0
DA:379,0
DA:380,0
DA:381,0
DA:383,0
DA:384,0
DA:385,0
DA:387,0
DA:388,0
DA:389,0
DA:391,0
DA:392,0
DA:393,0
DA:395,0
DA:396,0
DA:397,0
DA:399,0
DA:400,0
DA:401,0
DA:403,0
DA:404,0
DA:405,0
DA:407,0
DA:408,0
DA:409,0
DA:411,0
DA:412,0
DA:413,0
DA:415,0
DA:416,0
DA:417,0
DA:418,0
DA:423,28
DA:424,0
DA:425,0
DA:428,0
DA:429,0
DA:430,0
DA:431,0
DA:432,0
DA:434,0
DA:437,0
DA:440,0
DA:441,0
DA:443,0
DA:444,0
DA:447,0
DA:448,0
DA:450,0
DA:452,0
DA:453,0
DA:455,0
DA:456,0
DA:457,0
DA:458,0
DA:459,0
DA:460,0
DA:461,0
DA:462,0
DA:463,0
DA:464,0
DA:465,0
DA:466,0
DA:468,0
DA:469,0
DA:470,0
DA:471,0
DA:474,0
DA:475,0
DA:476,0
DA:477,0
DA:479,0
DA:480,0
DA:481,0
DA:482,0
DA:483,0
DA:484,0
DA:485,0
DA:486,0
DA:487,0
DA:488,0
DA:489,0
DA:490,0
DA:491,0
DA:492,0
DA:493,0
DA:498,28
DA:499,0
DA:501,0
DA:502,0
DA:503,0
DA:504,0
DA:507,0
DA:508,0
DA:509,0
DA:510,0
DA:511,0
DA:512,0
DA:515,0
DA:516,0
DA:519,0
DA:520,0
DA:523,0
DA:524,0
DA:527,0
DA:528,0
DA:531,0
DA:532,0
DA:535,0
DA:536,0
DA:539,0
DA:540,0
DA:543,0
DA:544,0
DA:546,0
DA:547,0
DA:552,28
DA:553,0
DA:554,0
DA:555,0
DA:556,0
DA:557,0
DA:559,0
DA:560,0
DA:561,0
DA:562,0
DA:563,0
DA:564,0
DA:565,0
DA:567,0
DA:568,0
DA:569,0
DA:570,0
DA:571,0
DA:572,0
DA:574,0
DA:575,0
DA:577,0
DA:578,0
DA:584,28
DA:585,0
DA:586,0
DA:587,0
DA:588,0
DA:590,0
DA:592,0
DA:593,0
DA:595,0
DA:596,0
DA:597,0
DA:599,0
DA:600,0
DA:601,0
DA:604,0
DA:605,0
DA:606,0
DA:607,0
DA:609,0
DA:610,0
DA:612,0
DA:613,0
DA:614,0
DA:615,0
DA:616,0
DA:617,0
DA:618,0
DA:619,0
DA:620,0
DA:621,0
DA:626,28
DA:629,0
DA:631,0
DA:632,0
DA:633,0
DA:634,0
DA:635,0
DA:640,28
DA:641,0
DA:642,0
DA:644,0
DA:646,0
DA:647,0
DA:648,0
DA:649,0
DA:652,0
DA:653,0
DA:656,0
DA:657,0
DA:660,0
DA:663,0
DA:666,0
DA:667,0
DA:668,0
DA:670,0
DA:671,0
DA:672,0
DA:677,28
DA:678,0
DA:681,0
DA:682,0
DA:683,0
DA:684,0
DA:685,0
DA:686,0
DA:687,0
DA:688,0
DA:689,0
DA:691,0
DA:694,0
DA:697,0
DA:700,0
DA:701,0
DA:702,0
DA:703,0
DA:704,0
DA:705,0
DA:706,0
DA:709,0
DA:710,0
DA:711,0
DA:712,0
DA:713,0
DA:714,0
DA:715,0
DA:718,0
DA:719,0
DA:720,0
DA:721,0
DA:722,0
DA:723,0
DA:724,0
DA:727,0
DA:728,0
DA:731,0
DA:732,0
DA:733,0
DA:736,0
DA:737,0
DA:738,0
DA:739,0
DA:740,0
DA:741,0
DA:742,0
DA:743,0
DA:744,0
DA:746,0
DA:747,0
DA:752,28
DA:753,0
DA:756,0
DA:758,0
DA:759,0
DA:760,0
DA:761,0
DA:763,0
DA:787,0
DA:788,0
DA:789,0
DA:794,28
DA:795,0
DA:798,0
DA:923,0
DA:926,0
DA:1052,0
DA:1055,0
DA:1241,0
DA:1244,0
DA:1352,0
DA:1353,0
DA:1358,28
DA:1359,0
DA:1360,0
DA:1362,0
DA:1363,0
DA:1364,0
DA:1365,0
DA:1366,0
DA:1368,0
DA:1370,0
DA:1371,0
DA:1373,0
DA:1374,0
DA:1377,0
DA:1378,0
DA:1380,0
DA:1382,0
DA:1383,0
DA:1385,0
DA:1386,0
DA:1387,0
DA:1388,0
DA:1389,0
DA:1390,0
DA:1393,0
DA:1394,0
DA:1395,0
DA:1396,0
DA:1397,0
DA:1398,0
DA:1399,0
DA:1400,0
DA:1401,0
DA:1402,0
DA:1403,0
DA:1404,0
DA:1405,0
DA:1406,0
DA:1411,28
DA:1412,0
DA:1413,0
DA:1415,0
DA:1416,0
DA:1417,0
DA:1418,0
DA:1419,0
DA:1421,0
DA:1423,0
DA:1424,0
DA:1426,0
DA:1427,0
DA:1430,0
DA:1431,0
DA:1433,0
DA:1435,0
DA:1436,0
DA:1438,0
DA:1439,0
DA:1440,0
DA:1441,0
DA:1442,0
DA:1443,0
DA:1446,0
DA:1447,0
DA:1448,0
DA:1449,0
DA:1450,0
DA:1451,0
DA:1452,0
DA:1453,0
DA:1454,0
DA:1455,0
DA:1456,0
DA:1457,0
DA:1458,0
DA:1459,0
DA:1460,0
DA:1461,0
DA:1466,28
DA:1467,0
DA:1468,0
DA:1470,0
DA:1471,0
DA:1473,0
DA:1474,0
DA:1477,0
DA:1478,0
DA:1481,0
DA:1482,0
DA:1483,0
DA:1484,0
DA:1485,0
DA:1486,0
DA:1487,0
DA:1488,0
DA:1491,0
DA:1492,0
DA:1493,0
DA:1494,0
DA:1495,0
DA:1496,0
DA:1497,0
DA:1498,0
DA:1499,0
DA:1500,0
DA:1501,0
DA:1502,0
DA:1503,0
DA:1506,0
DA:1507,0
DA:1508,0
DA:1509,0
DA:1510,0
DA:1512,0
DA:1513,0
DA:1514,0
DA:1515,0
DA:1518,0
DA:1519,0
DA:1520,0
DA:1521,0
DA:1522,0
DA:1523,0
DA:1528,28
DA:1529,0
DA:1559,0
DA:1560,0
DA:1566,28
DA:1567,0
DA:1568,0
DA:1570,0
DA:1573,0
DA:1574,0
DA:1575,0
DA:1576,0
DA:1577,0
DA:1578,0
DA:1581,0
DA:1582,0
DA:1583,0
DA:1584,0
DA:1585,0
DA:1586,0
DA:1587,0
DA:1590,0
DA:1591,0
DA:1593,0
DA:1594,0
DA:1595,0
DA:1596,0
DA:1599,0
DA:1601,0
DA:1603,0
DA:1604,0
DA:1605,0
DA:1608,0
DA:1609,0
DA:1610,0
DA:1611,0
DA:1613,0
DA:1614,0
DA:1615,0
DA:1616,0
DA:1617,0
DA:1618,0
DA:1619,0
DA:1620,0
DA:1621,0
DA:1624,0
DA:1625,0
DA:1626,0
DA:1627,0
DA:1628,0
DA:1630,0
DA:1631,0
DA:1637,28
DA:1638,0
DA:1639,0
DA:1641,0
DA:1644,0
DA:1645,0
DA:1646,0
DA:1647,0
DA:1648,0
DA:1649,0
DA:1650,0
DA:1651,0
DA:1652,0
DA:1654,0
DA:1657,0
DA:1658,0
DA:1659,0
DA:1660,0
DA:1661,0
DA:1662,0
DA:1663,0
DA:1664,0
DA:1665,0
DA:1666,0
DA:1667,0
DA:1668,0
DA:1669,0
DA:1670,0
DA:1671,0
DA:1673,0
DA:1676,0
DA:1677,0
DA:1678,0
DA:1679,0
DA:1680,0
DA:1681,0
DA:1682,0
DA:1683,0
DA:1684,0
DA:1685,0
DA:1687,0
DA:1688,0
DA:1691,0
DA:1692,0
DA:1693,0
DA:1694,0
DA:1695,0
DA:1698,0
DA:1699,0
DA:1700,0
DA:1701,0
DA:1702,0
DA:1703,0
DA:1706,0
DA:1707,0
DA:1708,0
DA:1709,0
DA:1711,0
DA:1712,0
DA:1713,0
DA:1714,0
DA:1717,0
DA:1718,0
DA:1719,0
DA:1720,0
DA:1721,0
DA:1722,0
DA:1723,0
DA:1724,0
DA:1727,0
DA:1728,0
DA:1731,0
DA:1733,0
DA:1734,0
DA:1735,0
DA:1736,0
DA:1737,0
DA:1738,0
DA:1739,0
DA:1740,0
DA:1741,0
DA:1743,0
DA:1744,0
DA:1745,0
DA:1746,0
DA:1747,0
DA:1748,0
DA:1749,0
DA:1751,0
DA:1752,0
DA:1758,28
DA:1759,0
DA:1760,0
DA:1762,0
DA:1763,0
DA:1766,0
DA:1767,0
DA:1768,0
DA:1769,0
DA:1770,0
DA:1771,0
DA:1773,0
DA:1774,0
DA:1775,0
DA:1778,0
DA:1779,0
DA:1780,0
DA:1783,0
DA:1784,0
DA:1786,0
DA:1787,0
DA:1788,0
DA:1789,0
DA:1792,0
DA:1800,0
DA:1810,0
DA:1811,0
DA:1812,0
DA:1813,0
DA:1815,0
DA:1816,0
DA:1817,0
DA:1818,0
DA:1819,0
DA:1820,0
DA:1823,0
DA:1824,0
DA:1825,0
DA:1826,0
DA:1827,0
DA:1828,0
DA:1829,0
DA:1830,0
DA:1832,0
DA:1833,0
DA:1839,28
DA:1840,0
DA:1842,0
DA:1843,0
DA:1844,0
DA:1846,0
DA:1847,0
DA:1848,0
DA:1849,0
DA:1852,0
DA:1853,0
DA:1854,0
DA:1855,0
DA:1856,0
DA:1857,0
DA:1858,0
DA:1859,0
DA:1860,0
DA:1863,0
DA:1864,0
DA:1866,0
DA:1868,0
DA:1869,0
DA:1872,0
DA:1875,0
DA:1876,0
DA:1877,0
DA:1878,0
DA:1879,0
DA:1882,0
DA:1883,0
DA:1884,0
DA:1885,0
DA:1888,0
DA:1889,0
DA:1890,0
DA:1891,0
DA:1892,0
DA:1895,0
DA:1896,0
DA:1897,0
DA:1898,0
DA:1899,0
DA:1900,0
DA:1901,0
DA:1902,0
DA:1906,0
DA:1907,0
DA:1909,0
DA:1910,0
DA:1912,0
DA:1913,0
DA:1914,0
DA:1917,0
DA:1918,0
DA:1919,0
DA:1920,0
DA:1921,0
DA:1922,0
DA:1924,0
DA:1925,0
DA:1926,0
DA:1927,0
DA:1928,0
DA:1929,0
DA:1930,0
DA:1931,0
DA:1935,0
DA:1936,0
DA:1937,0
DA:1938,0
DA:1940,0
DA:1941,0
DA:1944,0
DA:1945,0
DA:1946,0
DA:1947,0
DA:1950,0
DA:1951,0
DA:1952,0
DA:1953,0
DA:1955,0
DA:1956,0
DA:1957,0
DA:1958,0
DA:1961,0
DA:1962,0
DA:1963,0
DA:1964,0
DA:1965,0
DA:1966,0
DA:1967,0
DA:1968,0
DA:1972,0
DA:1973,0
DA:1976,0
DA:1977,0
DA:1978,0
DA:1979,0
DA:1980,0
DA:1981,0
DA:1982,0
DA:1985,0
DA:1986,0
DA:1989,0
DA:1991,0
DA:1992,0
DA:1995,0
DA:1996,0
DA:1997,0
DA:1998,0
DA:2000,0
DA:2001,0
DA:2002,0
DA:2003,0
DA:2004,0
DA:2005,0
DA:2008,0
DA:2009,0
DA:2010,0
DA:2011,0
DA:2012,0
DA:2013,0
DA:2014,0
DA:2017,0
DA:2018,0
DA:2019,0
DA:2020,0
DA:2021,0
DA:2022,0
DA:2023,0
DA:2024,0
DA:2025,0
DA:2026,0
DA:2027,0
DA:2028,0
DA:2029,0
DA:2030,0
DA:2032,0
DA:2033,0
DA:2034,0
DA:2035,0
DA:2036,0
DA:2041,28
DA:2042,0
DA:2043,0
DA:2044,0
DA:2045,0
DA:2046,0
DA:2047,28
LF:1005
LH:107
BRDA:9,0,0,28
BRDA:13,1,0,28
BRDA:21,2,0,30
BRDA:23,3,0,27
BRDA:25,4,0,3
BRDA:33,5,0,26
BRDA:35,6,0,2
BRDA:37,7,0,24
BRDA:45,8,0,16
BRDA:45,9,0,14
BRDA:48,10,0,9
BRDA:50,11,0,11
BRDA:50,12,0,2
BRDA:52,13,0,22
BRDA:52,14,0,9
BRDA:54,15,0,13
BRDA:54,16,0,5
BRDA:56,17,0,8
BRDA:64,18,0,72
BRDA:67,19,0,41
BRDA:69,20,0,31
BRDA:77,21,0,24
BRDA:81,22,0,0
BRDA:80,23,0,47
BRDA:80,24,0,10
BRDA:89,25,0,7
BRDA:93,26,0,1
BRDA:100,27,0,2
BRDA:107,28,0,2
BRDA:114,29,0,2
BRDA:121,30,0,0
BRF:31
BRH:29
end_of_record
TN:
SF:extension/src/specKitParser.ts
FN:73,SpecKitParser
FN:82,loadAllSpecs
FN:119,validateSpecId
FN:144,loadSpec
FN:155,loadSpecFromPath
FN:211,parseSpecHeader
FN:269,parseFrontmatter
FN:311,parseTasks
FN:444,completeTask
FN:459,parsePlan
FN:504,extractSections
FN:537,extractListItems
FN:554,parseSpecStatus
FN:576,updateTaskStatus
FN:592,updateSpecStatus
FNF:15
FNH:12
FNDA:82,SpecKitParser
FNDA:45,loadAllSpecs
FNDA:155,validateSpecId
FNDA:63,loadSpec
FNDA:92,loadSpecFromPath
FNDA:5,parseSpecHeader
FNDA:91,parseFrontmatter
FNDA:23,parseTasks
FNDA:63,completeTask
FNDA:0,parsePlan
FNDA:0,extractSections
FNDA:0,extractListItems
FNDA:89,parseSpecStatus
FNDA:1,updateTaskStatus
FNDA:1,updateSpecStatus
DA:12,1
DA:13,1
DA:14,1
DA:72,1
DA:73,1
DA:74,82
DA:75,82
DA:76,82
DA:82,1
DA:83,45
DA:85,45
DA:87,0
DA:88,45
DA:90,45
DA:91,45
DA:92,45
DA:93,45
DA:94,45
DA:95,0
DA:96,0
DA:97,0
DA:98,45
DA:100,45
DA:101,45
DA:102,47
DA:103,47
DA:104,47
DA:105,47
DA:106,1
DA:107,1
DA:108,1
DA:109,45
DA:110,45
DA:112,45
DA:113,45
DA:119,1
DA:121,155
DA:122,5
DA:123,5
DA:124,5
DA:125,5
DA:128,155
DA:129,12
DA:130,12
DA:131,12
DA:132,12
DA:135,155
DA:136,1
DA:137,1
DA:138,155
DA:144,1
DA:145,63
DA:146,63
DA:147,63
DA:148,63
DA:155,1
DA:157,92
DA:159,92
DA:160,92
DA:161,92
DA:164,92
DA:165,91
DA:168,91
DA:169,91
DA:170,91
DA:171,23
DA:172,92
DA:174,66
DA:175,66
DA:178,89
DA:179,89
DA:180,89
DA:181,0
DA:182,92
DA:184,89
DA:186,89
DA:187,89
DA:189,92
DA:190,92
DA:191,92
DA:192,92
DA:193,92
DA:194,92
DA:195,92
DA:196,92
DA:197,92
DA:198,92
DA:199,92
DA:211,1
DA:212,5
DA:213,5
DA:214,5
DA:217,5
DA:218,5
DA:219,1
DA:220,1
DA:221,1
DA:224,5
DA:225,3
DA:227,3
DA:228,1
DA:229,1
DA:230,1
DA:233,2
DA:234,2
DA:235,0
DA:236,0
DA:237,0
DA:239,2
DA:240,2
DA:241,0
DA:242,0
DA:243,0
DA:245,2
DA:246,2
DA:247,0
DA:248,0
DA:249,0
DA:251,2
DA:252,2
DA:253,0
DA:254,0
DA:255,0
DA:258,2
DA:259,2
DA:260,2
DA:262,5
DA:263,5
DA:264,5
DA:269,1
DA:270,91
DA:271,91
DA:273,91
DA:275,5
DA:278,5
DA:279,5
DA:280,5
DA:281,5
DA:282,5
DA:283,5
DA:284,5
DA:285,5
DA:287,5
DA:288,5
DA:290,86
DA:291,86
DA:293,86
DA:294,91
DA:311,1
DA:312,23
DA:313,23
DA:315,23
DA:316,23
DA:318,23
DA:320,153
DA:321,153
DA:323,25
DA:324,16
DA:325,16
DA:327,25
DA:328,25
DA:329,25
DA:330,25
DA:331,25
DA:332,25
DA:333,25
DA:334,25
DA:335,25
DA:336,25
DA:337,25
DA:340,128
DA:341,153
DA:343,4
DA:344,3
DA:345,3
DA:347,4
DA:348,4
DA:349,4
DA:350,4
DA:351,4
DA:352,4
DA:353,4
DA:354,4
DA:355,4
DA:356,4
DA:357,4
DA:361,124
DA:362,153
DA:364,30
DA:365,20
DA:366,20
DA:368,30
DA:371,30
DA:375,30
DA:377,30
DA:378,30
DA:379,30
DA:380,30
DA:381,30
DA:382,30
DA:383,30
DA:384,30
DA:385,30
DA:386,30
DA:389,94
DA:390,153
DA:392,4
DA:393,3
DA:394,3
DA:396,4
DA:397,4
DA:398,4
DA:399,4
DA:400,4
DA:401,4
DA:402,4
DA:403,4
DA:404,4
DA:405,4
DA:406,4
DA:409,153
DA:410,25
DA:411,25
DA:412,14
DA:413,14
DA:414,8
DA:415,8
DA:416,14
DA:417,14
DA:419,11
DA:420,25
DA:421,9
DA:422,9
DA:423,9
DA:426,2
DA:427,2
DA:428,2
DA:429,2
DA:430,25
DA:431,153
DA:434,23
DA:435,21
DA:436,21
DA:438,23
DA:439,23
DA:444,1
DA:445,63
DA:446,63
DA:447,63
DA:448,63
DA:449,63
DA:450,63
DA:451,63
DA:452,63
DA:453,63
DA:454,63
DA:459,1
DA:460,0
DA:461,0
DA:462,0
DA:463,0
DA:464,0
DA:465,0
DA:466,0
DA:469,0
DA:472,0
DA:473,0
DA:474,0
DA:475,0
DA:476,0
DA:479,0
DA:480,0
DA:481,0
DA:484,0
DA:485,0
DA:486,0
DA:489,0
DA:490,0
DA:491,0
DA:494,0
DA:495,0
DA:496,0
DA:498,0
DA:499,0
DA:504,1
DA:505,0
DA:506,0
DA:508,0
DA:509,0
DA:511,0
DA:513,0
DA:514,0
DA:516,0
DA:517,0
DA:518,0
DA:519,0
DA:520,0
DA:521,0
DA:522,0
DA:523,0
DA:524,0
DA:527,0
DA:528,0
DA:529,0
DA:531,0
DA:532,0
DA:537,1
DA:538,0
DA:539,0
DA:541,0
DA:542,0
DA:543,0
DA:544,0
DA:545,0
DA:546,0
DA:548,0
DA:549,0
DA:554,1
DA:555,89
DA:556,89
DA:557,89
DA:558,67
DA:559,89
DA:560,2
DA:561,89
DA:562,89
DA:563,8
DA:564,89
DA:565,5
DA:566,89
DA:567,2
DA:568,89
DA:569,5
DA:570,89
DA:571,89
DA:576,1
DA:577,1
DA:578,1
DA:581,1
DA:582,1
DA:584,1
DA:586,1
DA:587,1
DA:592,1
DA:593,1
DA:594,1
DA:597,1
DA:599,1
DA:601,1
DA:602,1
DA:603,1
LF:351
LH:276
BRDA:73,0,0,82
BRDA:82,1,0,45
BRDA:85,2,0,0
BRDA:94,3,0,0
BRDA:93,4,0,47
BRDA:93,5,0,47
BRDA:101,6,0,47
BRDA:105,7,0,1
BRDA:112,8,0,47
BRDA:119,9,0,155
BRDA:121,10,0,152
BRDA:121,11,0,151
BRDA:121,12,0,5
BRDA:125,13,0,150
BRDA:128,14,0,12
BRDA:132,15,0,138
BRDA:135,16,0,1
BRDA:144,17,0,63
BRDA:155,18,0,92
BRDA:164,19,0,91
BRDA:170,20,0,23
BRDA:172,21,0,89
BRDA:172,22,0,66
BRDA:180,23,0,0
BRDA:182,24,0,89
BRDA:189,25,0,9
BRDA:189,26,0,1
BRDA:194,27,0,87
BRDA:197,28,0,80
BRDA:211,29,0,5
BRDA:218,30,0,1
BRDA:224,31,0,3
BRDA:227,32,0,1
BRDA:230,33,0,2
BRDA:234,34,0,0
BRDA:240,35,0,0
BRDA:246,36,0,0
BRDA:252,37,0,0
BRDA:269,38,0,91
BRDA:273,39,0,5
BRDA:279,40,0,4
BRDA:288,41,0,86
BRDA:311,42,0,23
BRDA:318,43,0,153
BRDA:321,44,0,25
BRDA:323,45,0,16
BRDA:323,46,0,16
BRDA:331,47,0,2
BRDA:331,48,0,23
BRDA:337,49,0,128
BRDA:341,50,0,4
BRDA:343,51,0,3
BRDA:343,52,0,3
BRDA:351,53,0,1
BRDA:351,54,0,3
BRDA:357,55,0,124
BRDA:362,56,0,30
BRDA:364,57,0,20
BRDA:364,58,0,20
BRDA:380,59,0,7
BRDA:380,60,0,23
BRDA:386,61,0,94
BRDA:390,62,0,4
BRDA:392,63,0,3
BRDA:392,64,0,3
BRDA:400,65,0,1
BRDA:400,66,0,3
BRDA:406,67,0,90
BRDA:409,68,0,39
BRDA:409,69,0,25
BRDA:411,70,0,14
BRDA:413,71,0,9
BRDA:413,72,0,8
BRDA:417,73,0,11
BRDA:420,74,0,9
BRDA:423,75,0,2
BRDA:434,76,0,21
BRDA:434,77,0,21
BRDA:414,78,0,14
BRDA:444,79,0,63
BRDA:446,80,0,0
BRDA:447,81,0,0
BRDA:448,82,0,0
BRDA:449,83,0,0
BRDA:450,84,0,58
BRDA:554,85,0,89
BRDA:557,86,0,67
BRDA:559,87,0,2
BRDA:561,88,0,7
BRDA:562,89,0,8
BRDA:564,90,0,5
BRDA:566,91,0,2
BRDA:568,92,0,5
BRDA:576,93,0,1
BRDA:582,94,0,0
BRDA:592,95,0,1
BRF:96
BRH:84
end_of_record
TN:
SF:extension/src/templateDownloader.ts
FN:1,(empty-report)
FNF:1
FNH:0
FNDA:0,(empty-report)
DA:1,0
DA:2,0
DA:3,0
DA:4,0
DA:5,0
DA:6,0
DA:45,0
DA:46,0
DA:51,0
DA:52,0
DA:53,0
DA:54,0
DA:57,0
DA:58,0
DA:59,0
DA:61,0
DA:62,0
DA:64,0
DA:67,0
DA:68,0
DA:69,0
DA:72,0
DA:74,0
DA:75,0
DA:78,0
DA:79,0
DA:82,0
DA:83,0
DA:84,0
DA:85,0
DA:88,0
DA:89,0
DA:92,0
DA:95,0
DA:96,0
DA:98,0
DA:99,0
DA:102,0
DA:103,0
DA:104,0
DA:105,0
DA:106,0
DA:107,0
DA:108,0
DA:110,0
DA:111,0
DA:112,0
DA:113,0
DA:114,0
DA:115,0
DA:116,0
DA:121,0
DA:122,0
DA:123,0
DA:124,0
DA:126,0
DA:127,0
DA:129,0
DA:130,0
DA:131,0
DA:132,0
DA:133,0
DA:134,0
DA:135,0
DA:136,0
DA:141,0
DA:142,0
DA:143,0
DA:144,0
DA:145,0
DA:147,0
DA:148,0
DA:149,0
DA:150,0
DA:152,0
DA:153,0
DA:154,0
DA:155,0
DA:156,0
DA:157,0
DA:162,0
DA:163,0
DA:164,0
DA:165,0
DA:166,0
DA:168,0
DA:169,0
DA:172,0
DA:173,0
DA:176,0
DA:177,0
DA:179,0
DA:180,0
DA:181,0
DA:182,0
DA:183,0
DA:186,0
DA:188,0
DA:190,0
DA:193,0
DA:194,0
DA:195,0
DA:196,0
DA:197,0
DA:198,0
DA:199,0
DA:200,0
DA:201,0
DA:202,0
DA:204,0
DA:205,0
DA:206,0
DA:208,0
DA:211,0
DA:213,0
DA:215,0
DA:216,0
DA:217,0
DA:218,0
DA:219,0
DA:220,0
DA:221,0
DA:226,0
DA:227,0
DA:228,0
DA:229,0
DA:230,0
DA:231,0
DA:233,0
DA:235,0
DA:236,0
DA:238,0
DA:239,0
DA:240,0
DA:241,0
DA:243,0
DA:244,0
DA:245,0
DA:246,0
DA:247,0
DA:248,0
DA:249,0
DA:250,0
DA:253,0
DA:256,0
DA:257,0
DA:258,0
DA:260,0
DA:261,0
DA:262,0
DA:263,0
DA:264,0
DA:266,0
DA:269,0
DA:270,0
DA:271,0
DA:272,0
DA:273,0
DA:274,0
DA:275,0
DA:276,0
DA:277,0
DA:278,0
DA:281,0
DA:282,0
DA:284,0
DA:285,0
DA:286,0
DA:287,0
DA:288,0
DA:289,0
DA:290,0
DA:295,0
DA:296,0
DA:297,0
DA:298,0
DA:303,0
DA:304,0
DA:305,0
DA:307,0
DA:308,0
DA:309,0
DA:310,0
DA:311,0
DA:312,0
DA:313,0
DA:314,0
DA:315,0
DA:316,0
DA:317,0
DA:318,0
DA:319,0
DA:321,0
DA:322,0
DA:323,0
DA:328,0
DA:329,0
DA:331,0
DA:333,0
DA:336,0
DA:337,0
DA:339,0
DA:340,0
DA:341,0
DA:342,0
DA:343,0
DA:344,0
DA:349,0
DA:350,0
DA:351,0
DA:352,0
DA:353,0
DA:354,0
DA:355,0
DA:357,0
DA:358,0
DA:359,0
DA:360,0
DA:361,0
DA:366,0
DA:367,0
DA:368,0
DA:370,0
DA:371,0
DA:372,0
DA:373,0
DA:374,0
DA:375,0
DA:378,0
DA:379,0
DA:380,0
DA:382,0
DA:383,0
DA:384,0
DA:386,0
DA:387,0
DA:388,0
DA:389,0
DA:390,0
DA:391,0
DA:392,0
DA:393,0
DA:394,0
DA:395,0
DA:397,0
DA:398,0
DA:400,0
DA:401,0
DA:402,0
DA:403,0
DA:404,0
DA:405,0
DA:410,0
DA:411,0
DA:413,0
DA:414,0
DA:415,0
DA:417,0
DA:418,0
DA:419,0
DA:420,0
DA:421,0
DA:424,0
DA:425,0
DA:427,0
DA:428,0
DA:429,0
DA:430,0
DA:431,0
DA:432,0
DA:433,0
DA:434,0
DA:435,0
DA:436,0
DA:441,0
DA:442,0
DA:443,0
DA:444,0
DA:445,0
DA:447,0
DA:448,0
DA:449,0
DA:450,0
DA:451,0
DA:452,0
DA:453,0
DA:456,0
DA:458,0
DA:460,0
DA:461,0
DA:462,0
DA:463,0
DA:465,0
DA:466,0
DA:467,0
DA:468,0
DA:469,0
DA:470,0
DA:471,0
DA:472,0
DA:481,0
DA:482,0
DA:483,0
DA:484,0
DA:485,0
DA:486,0
DA:488,0
DA:489,0
DA:490,0
DA:491,0
DA:492,0
DA:493,0
DA:494,0
DA:495,0
DA:496,0
DA:497,0
DA:498,0
DA:499,0
DA:500,0
DA:501,0
DA:502,0
DA:504,0
DA:505,0
DA:506,0
DA:507,0
DA:508,0
DA:511,0
DA:512,0
DA:513,0
DA:514,0
DA:515,0
DA:516,0
DA:517,0
DA:522,0
DA:523,0
DA:524,0
DA:525,0
DA:527,0
DA:528,0
DA:529,0
DA:530,0
DA:531,0
DA:532,0
DA:534,0
DA:535,0
DA:536,0
DA:537,0
DA:538,0
DA:539,0
DA:540,0
DA:541,0
DA:542,0
LF:352
LH:0
BRDA:1,0,0,0
BRF:1
BRH:0
end_of_record
TN:
SF:extension/src/webviewHelpers.ts
FN:1,(empty-report)
FNF:1
FNH:0
FNDA:0,(empty-report)
DA:1,0
DA:2,0
DA:7,0
DA:8,0
DA:9,0
DA:11,0
DA:12,0
DA:17,0
DA:18,0
DA:19,0
DA:21,0
DA:22,0
DA:23,0
DA:24,0
DA:25,0
DA:26,0
DA:27,0
DA:29,0
DA:31,0
DA:32,0
DA:33,0
DA:34,0
DA:35,0
DA:36,0
DA:37,0
DA:39,0
DA:41,0
DA:42,0
DA:43,0
DA:44,0
DA:45,0
DA:46,0
DA:47,0
DA:49,0
DA:50,0
DA:52,0
DA:53,0
DA:54,0
DA:55,0
DA:60,0
DA:61,0
DA:62,0
DA:63,0
DA:64,0
DA:67,0
DA:68,0
DA:69,0
DA:70,0
DA:73,0
DA:74,0
DA:75,0
DA:78,0
DA:79,0
DA:80,0
DA:85,0
DA:86,0
DA:87,0
DA:88,0
DA:89,0
DA:90,0
DA:95,0
DA:96,0
DA:97,0
DA:98,0
DA:99,0
DA:100,0
DA:105,0
DA:106,0
DA:107,0
DA:108,0
DA:109,0
DA:110,0
DA:115,0
DA:116,0
DA:117,0
DA:118,0
DA:119,0
DA:120,0
DA:125,0
DA:126,0
DA:127,0
DA:128,0
DA:129,0
DA:130,0
DA:133,0
DA:134,0
DA:135,0
DA:136,0
DA:139,0
DA:140,0
DA:141,0
DA:142,0
DA:143,0
DA:148,0
DA:149,0
DA:150,0
DA:151,0
DA:152,0
DA:153,0
DA:154,0
DA:156,0
DA:157,0
DA:162,0
DA:163,0
DA:164,0
DA:169,0
DA:170,0
DA:171,0
DA:176,0
DA:177,0
DA:178,0
DA:179,0
DA:180,0
DA:181,0
DA:183,0
DA:184,0
DA:185,0
DA:186,0
DA:189,0
DA:190,0
DA:191,0
DA:192,0
DA:193,0
DA:198,0
DA:199,0
DA:200,0
DA:201,0
DA:204,0
DA:205,0
DA:206,0
DA:207,0
DA:208,0
DA:214,0
DA:215,0
DA:216,0
DA:217,0
DA:220,0
DA:221,0
DA:222,0
DA:223,0
DA:226,0
DA:227,0
DA:228,0
DA:231,0
DA:232,0
DA:233,0
DA:234,0
DA:235,0
DA:237,0
DA:238,0
DA:240,0
DA:344,0
DA:347,0
DA:352,0
DA:353,0
DA:360,0
DA:364,0
DA:368,0
DA:372,0
DA:376,0
DA:380,0
DA:384,0
DA:390,0
DA:391,0
DA:392,0
DA:393,0
DA:394,0
DA:395,0
DA:396,0
DA:397,0
DA:398,0
DA:399,0
DA:400,0
DA:401,0
DA:403,0
DA:404,0
DA:405,0
DA:409,0
DA:416,0
DA:420,0
DA:422,0
DA:425,0
DA:427,0
DA:430,0
DA:434,0
DA:440,0
DA:442,0
DA:443,0
DA:444,0
DA:445,0
DA:446,0
DA:447,0
DA:448,0
DA:449,0
DA:450,0
DA:452,0
DA:453,0
DA:454,0
DA:455,0
DA:456,0
DA:457,0
DA:458,0
DA:459,0
DA:461,0
DA:490,0
DA:498,0
DA:527,0
DA:560,0
DA:564,0
DA:566,0
DA:567,0
DA:573,0
DA:576,0
DA:579,0
DA:581,0
DA:585,0
DA:588,0
DA:590,0
DA:593,0
DA:597,0
DA:599,0
DA:602,0
DA:604,0
DA:607,0
DA:610,0
DA:611,0
DA:612,0
DA:614,0
DA:620,0
DA:624,0
DA:628,0
DA:634,0
DA:636,0
DA:637,0
DA:693,0
DA:695,0
DA:698,0
DA:701,0
DA:702,0
DA:704,0
DA:706,0
DA:710,0
DA:712,0
DA:713,0
DA:760,0
DA:763,0
DA:765,0
DA:767,0
DA:771,0
LF:249
LH:0
BRDA:1,0,0,0
BRF:1
BRH:0
end_of_record
TN:
SF:extension/src/autonomous/AutonomousDriver.ts
FN:1,(empty-report)
FNF:1
FNH:1
FNDA:1,(empty-report)
DA:17,0
DA:18,0
DA:19,0
DA:20,0
DA:21,0
DA:23,0
DA:24,0
DA:25,0
DA:42,0
DA:43,0
DA:44,0
DA:45,0
DA:48,0
DA:49,0
DA:50,0
DA:51,0
DA:52,0
DA:53,0
DA:54,0
DA:55,0
DA:58,0
DA:61,0
DA:64,0
DA:65,0
DA:68,0
DA:69,0
DA:70,0
DA:72,0
DA:73,0
DA:74,0
DA:75,0
DA:76,0
DA:77,0
DA:78,0
DA:79,0
DA:80,0
DA:81,0
DA:84,0
DA:85,0
DA:86,0
DA:87,0
DA:88,0
DA:89,0
DA:92,0
DA:93,0
DA:94,0
DA:95,0
DA:96,0
DA:97,0
DA:98,0
DA:101,0
DA:102,0
DA:107,0
DA:109,0
DA:110,0
DA:111,0
DA:114,0
DA:115,0
DA:116,0
DA:117,0
DA:120,0
DA:121,0
DA:124,0
DA:127,0
DA:130,0
DA:131,0
DA:134,0
DA:135,0
DA:136,0
DA:137,0
DA:140,0
DA:141,0
DA:142,0
DA:143,0
DA:144,0
DA:147,0
DA:150,0
DA:152,0
DA:153,0
DA:155,0
DA:156,0
DA:157,0
DA:158,0
DA:159,0
DA:164,0
DA:165,0
DA:166,0
DA:167,0
DA:169,0
DA:171,0
DA:172,0
DA:173,0
DA:174,0
DA:175,0
DA:176,0
DA:177,0
DA:180,0
DA:181,0
DA:184,0
DA:187,0
DA:188,0
DA:189,0
DA:191,0
DA:192,0
DA:193,0
DA:194,0
DA:195,0
DA:200,0
DA:201,0
DA:202,0
DA:203,0
DA:205,0
DA:206,0
DA:207,0
DA:210,0
DA:211,0
DA:214,0
DA:215,0
DA:216,0
DA:219,0
DA:220,0
DA:225,0
DA:226,0
DA:227,0
DA:228,0
DA:230,0
DA:231,0
DA:232,0
DA:235,0
DA:236,0
DA:239,0
DA:240,0
DA:241,0
DA:244,0
DA:247,0
DA:248,0
DA:253,0
DA:254,0
DA:255,0
DA:260,0
DA:261,0
DA:262,0
DA:267,0
DA:268,0
DA:269,0
DA:274,0
DA:275,0
DA:276,0
DA:285,0
DA:286,0
DA:288,0
DA:289,0
DA:290,0
DA:291,0
DA:292,0
DA:293,0
DA:294,0
DA:295,0
DA:296,0
DA:297,0
DA:298,0
DA:299,0
DA:300,0
DA:301,0
DA:302,0
DA:303,0
DA:304,0
DA:305,0
DA:306,0
DA:307,0
DA:308,0
DA:309,0
DA:314,0
DA:315,0
DA:316,0
DA:318,0
DA:319,0
DA:320,0
DA:321,0
DA:322,0
DA:323,0
DA:324,0
DA:325,0
DA:326,0
DA:327,0
DA:328,0
DA:329,0
DA:330,0
DA:332,0
DA:333,0
DA:338,0
DA:339,0
DA:340,0
DA:341,0
DA:343,0
DA:344,0
DA:345,0
DA:346,0
DA:347,0
DA:349,0
DA:350,0
DA:355,0
DA:356,0
DA:357,0
DA:358,0
DA:360,0
DA:361,0
DA:362,0
DA:363,0
DA:364,0
DA:365,0
DA:366,0
DA:367,0
DA:368,0
DA:369,0
DA:370,0
DA:371,0
DA:372,0
DA:373,0
DA:374,0
DA:375,0
DA:376,0
DA:377,0
DA:378,0
DA:381,0
DA:382,0
DA:383,0
DA:384,0
DA:385,0
DA:386,0
DA:387,0
DA:388,0
DA:393,0
DA:394,0
DA:395,0
DA:396,0
DA:398,0
DA:399,0
DA:400,0
DA:402,0
DA:403,0
DA:404,0
DA:406,0
DA:407,0
DA:412,0
DA:413,0
DA:414,0
DA:415,0
DA:417,0
DA:418,0
DA:419,0
DA:420,0
DA:425,0
DA:426,0
DA:427,0
DA:428,0
DA:429,0
DA:430,0
DA:431,0
DA:432,0
DA:433,0
DA:445,0
DA:446,0
DA:448,0
DA:451,0
DA:452,0
DA:453,0
DA:455,0
DA:456,0
DA:457,0
DA:467,0
DA:468,0
DA:469,0
DA:470,0
DA:473,0
DA:474,0
DA:475,0
DA:476,0
DA:477,0
DA:478,0
DA:481,0
DA:482,0
DA:484,0
DA:485,0
DA:486,0
DA:487,0
DA:488,0
DA:489,0
DA:490,0
DA:492,0
DA:493,0
DA:495,0
DA:496,0
DA:506,0
DA:507,0
DA:508,0
DA:509,0
DA:510,0
DA:511,0
DA:513,0
DA:514,0
DA:529,0
DA:536,0
DA:537,0
DA:539,0
DA:541,0
DA:543,0
DA:546,0
DA:547,0
DA:548,0
DA:549,0
DA:550,0
DA:553,0
DA:554,0
DA:555,0
DA:556,0
DA:557,0
DA:560,0
DA:561,0
DA:562,0
DA:563,0
DA:564,0
DA:565,0
DA:566,0
DA:567,0
DA:569,0
DA:570,0
DA:571,0
DA:572,0
DA:573,0
DA:574,0
DA:575,0
DA:578,0
DA:579,0
DA:580,0
DA:581,0
DA:582,0
DA:583,0
DA:584,0
DA:591,0
DA:595,0
DA:598,0
DA:599,0
DA:600,0
DA:601,0
DA:602,0
DA:603,0
DA:611,0
DA:612,0
DA:613,0
DA:621,0
DA:622,0
DA:623,0
DA:640,0
DA:641,0
DA:642,0
DA:643,0
DA:644,0
DA:645,0
DA:647,0
DA:648,0
DA:649,0
DA:651,0
DA:654,0
DA:655,0
DA:656,0
DA:657,0
DA:670,0
DA:671,0
DA:672,0
DA:673,0
DA:674,0
DA:675,0
DA:677,0
DA:680,0
DA:681,0
DA:682,0
DA:683,0
DA:684,0
DA:687,0
DA:688,0
DA:689,0
DA:690,0
DA:691,0
DA:692,0
DA:693,0
DA:694,0
DA:696,0
DA:697,0
DA:699,0
DA:700,0
DA:701,0
DA:702,0
DA:703,0
DA:704,0
DA:705,0
DA:706,0
DA:707,0
DA:709,0
DA:710,0
DA:711,0
DA:714,0
DA:716,0
DA:717,0
DA:718,0
DA:719,0
DA:720,0
DA:721,0
DA:723,0
DA:724,0
DA:725,0
DA:726,0
DA:727,0
DA:728,0
DA:730,0
DA:731,0
DA:732,0
DA:733,0
DA:734,0
DA:743,0
DA:744,0
DA:803,0
DA:808,0
DA:814,0
DA:820,0
DA:825,0
DA:830,0
DA:839,0
DA:840,0
DA:841,0
DA:842,0
DA:843,0
DA:844,0
DA:845,0
DA:846,0
DA:851,0
DA:852,0
DA:853,0
DA:854,0
DA:871,0
DA:872,0
DA:873,0
DA:874,0
DA:876,0
DA:878,0
DA:879,0
DA:880,0
DA:881,0
DA:882,0
DA:883,0
DA:884,0
DA:885,0
DA:886,0
DA:887,0
DA:888,0
DA:889,0
DA:890,0
DA:891,0
DA:892,0
DA:895,0
DA:897,0
DA:898,0
DA:901,0
DA:904,0
DA:907,0
DA:910,0
DA:913,0
DA:915,0
DA:916,0
DA:917,0
DA:918,0
DA:919,0
DA:920,0
DA:921,0
DA:924,0
DA:925,0
DA:926,0
DA:927,0
DA:928,0
DA:929,0
DA:930,0
DA:940,0
DA:941,0
DA:942,0
DA:944,0
DA:945,0
DA:946,0
DA:947,0
DA:948,0
DA:950,0
DA:952,0
DA:953,0
DA:954,0
DA:963,0
DA:964,0
DA:965,0
DA:966,0
DA:967,0
DA:968,0
DA:969,0
DA:970,0
DA:971,0
DA:972,0
DA:974,0
DA:975,0
DA:982,0
DA:983,0
DA:984,0
DA:985,0
DA:986,0
DA:988,0
DA:989,0
DA:990,0
DA:991,0
DA:993,0
DA:994,0
DA:995,0
DA:996,0
DA:997,0
DA:998,0
DA:999,0
DA:1000,0
DA:1001,0
DA:1003,0
DA:1004,0
DA:1012,0
DA:1013,0
DA:1014,0
DA:1016,0
DA:1017,0
DA:1018,0
DA:1021,0
DA:1022,0
DA:1025,0
DA:1026,0
DA:1027,0
DA:1029,0
DA:1032,0
DA:1033,0
DA:1035,0
DA:1129,0
DA:1133,0
DA:1137,0
DA:1142,0
DA:1145,0
DA:1153,0
DA:1154,0
DA:1156,0
DA:1239,0
DA:1243,0
DA:1247,0
DA:1253,0
DA:1259,0
DA:1266,0
DA:1272,0
DA:1274,0
DA:1276,0
DA:1280,0
DA:1285,0
DA:1286,0
DA:1287,0
DA:1288,0
DA:1289,0
DA:1290,0
LF:564
LH:0
BRDA:1,0,0,1
BRF:1
BRH:1
end_of_record
TN:
SF:extension/src/autonomous/ClaudeCodeAutonomousResponder.ts
FN:24,<instance_members_initializer>
FN:38,ClaudeCodeAutonomousResponder
FN:51,initializeLogFile
FN:67,writeLog
FN:85,stripAnsi
FN:98,stripAnsiOnly
FN:109,isProgressLine
FN:121,addTerminalOutput
FN:138,processLine
FN:197,detectQuestion
FN:291,loadContext
FN:333,getAutonomousResponse
FN:724,sendResponseToTerminal
FN:758,sendResponseToPty
FN:798,delay
FN:805,clearBuffer
FNF:16
FNH:15
FNDA:13,<instance_members_initializer>
FNDA:13,ClaudeCodeAutonomousResponder
FNDA:1,initializeLogFile
FNDA:119,writeLog
FNDA:53,stripAnsi
FNDA:15,stripAnsiOnly
FNDA:19,isProgressLine
FNDA:18,addTerminalOutput
FNDA:21,processLine
FNDA:7,detectQuestion
FNDA:3,loadContext
FNDA:3,getAutonomousResponse
FNDA:0,sendResponseToTerminal
FNDA:2,sendResponseToPty
FNDA:3,delay
FNDA:1,clearBuffer
DA:8,1
DA:9,1
DA:10,1
DA:11,1
DA:24,1
DA:25,13
DA:26,13
DA:27,13
DA:28,13
DA:29,13
DA:30,13
DA:31,13
DA:32,13
DA:33,13
DA:34,13
DA:35,13
DA:36,13
DA:38,13
DA:39,13
DA:40,13
DA:41,13
DA:42,13
DA:43,13
DA:44,13
DA:45,13
DA:46,13
DA:51,13
DA:52,1
DA:53,1
DA:55,1
DA:56,1
DA:58,1
DA:59,1
DA:60,1
DA:61,1
DA:62,1
DA:67,13
DA:68,119
DA:69,115
DA:70,115
DA:72,4
DA:73,4
DA:74,4
DA:75,4
DA:76,119
DA:78,0
DA:79,0
DA:80,119
DA:85,13
DA:87,53
DA:89,53
DA:91,53
DA:92,53
DA:93,53
DA:98,13
DA:100,15
DA:102,15
DA:103,15
DA:104,15
DA:109,13
DA:110,19
DA:111,19
DA:112,19
DA:113,19
DA:114,19
DA:115,19
DA:121,13
DA:123,18
DA:126,18
DA:127,18
DA:130,18
DA:131,21
DA:132,21
DA:133,18
DA:138,13
DA:140,21
DA:141,1
DA:142,1
DA:145,20
DA:148,21
DA:149,1
DA:150,1
DA:153,21
DA:155,0
DA:156,0
DA:157,0
DA:158,0
DA:159,0
DA:160,0
DA:161,0
DA:162,0
DA:165,19
DA:166,21
DA:167,0
DA:168,0
DA:171,19
DA:174,19
DA:177,21
DA:179,0
DA:180,0
DA:181,0
DA:182,0
DA:183,0
DA:186,19
DA:187,19
DA:188,19
DA:189,19
DA:190,19
DA:191,21
DA:197,13
DA:198,7
DA:199,7
DA:200,7
DA:203,7
DA:204,7
DA:205,7
DA:206,7
DA:207,7
DA:208,17
DA:209,7
DA:212,7
DA:213,7
DA:214,7
DA:215,7
DA:216,7
DA:217,17
DA:218,7
DA:222,7
DA:223,7
DA:224,7
DA:225,7
DA:226,7
DA:227,7
DA:231,7
DA:232,7
DA:233,7
DA:234,15
DA:235,15
DA:236,15
DA:237,1
DA:238,1
DA:239,15
DA:240,7
DA:242,7
DA:243,7
DA:244,1
DA:245,1
DA:247,7
DA:248,7
DA:249,7
DA:250,7
DA:251,16
DA:252,16
DA:253,7
DA:254,7
DA:255,7
DA:256,1
DA:257,7
DA:258,6
DA:259,6
DA:263,7
DA:265,7
DA:266,1
DA:267,1
DA:268,1
DA:269,1
DA:270,1
DA:271,7
DA:272,6
DA:273,6
DA:274,6
DA:275,6
DA:276,6
DA:277,6
DA:279,7
DA:281,7
DA:282,7
DA:283,7
DA:284,7
DA:285,7
DA:286,7
DA:291,13
DA:292,3
DA:293,3
DA:294,3
DA:295,3
DA:296,3
DA:298,3
DA:299,3
DA:300,3
DA:301,3
DA:302,3
DA:303,3
DA:305,3
DA:307,3
DA:308,3
DA:311,3
DA:312,3
DA:315,3
DA:316,3
DA:319,3
DA:320,3
DA:321,3
DA:322,0
DA:323,0
DA:324,0
DA:325,0
DA:327,3
DA:328,3
DA:333,13
DA:334,3
DA:335,3
DA:336,3
DA:337,3
DA:338,0
DA:339,0
DA:340,0
DA:342,3
DA:343,0
DA:344,0
DA:345,0
DA:347,3
DA:349,3
DA:350,3
DA:351,3
DA:352,3
DA:353,3
DA:356,3
DA:357,3
DA:360,3
DA:361,3
DA:362,3
DA:365,3
DA:380,3
DA:381,0
DA:387,0
DA:389,3
DA:390,0
DA:396,0
DA:399,3
DA:402,3
DA:405,3
DA:407,3
DA:409,0
DA:430,3
DA:432,3
DA:433,0
DA:445,3
DA:453,3
DA:456,3
DA:457,3
DA:458,3
DA:459,3
DA:461,3
DA:462,3
DA:463,3
DA:466,3
DA:468,3
DA:470,0
DA:497,0
DA:499,0
DA:520,0
DA:522,0
DA:556,0
DA:559,0
DA:560,0
DA:561,0
DA:562,0
DA:564,0
DA:565,0
DA:566,3
DA:567,3
DA:568,3
DA:569,3
DA:570,3
DA:572,3
DA:575,3
DA:576,0
DA:577,0
DA:578,0
DA:579,0
DA:580,0
DA:581,0
DA:582,0
DA:583,0
DA:585,0
DA:586,0
DA:587,0
DA:588,0
DA:589,0
DA:590,0
DA:591,0
DA:592,0
DA:593,0
DA:594,0
DA:595,0
DA:597,3
DA:600,3
DA:601,3
DA:602,0
DA:604,0
DA:605,0
DA:609,0
DA:610,0
DA:611,0
DA:612,0
DA:613,0
DA:614,0
DA:615,0
DA:616,0
DA:618,0
DA:619,0
DA:620,0
DA:621,0
DA:622,0
DA:623,0
DA:625,0
DA:627,0
DA:628,0
DA:630,0
DA:631,0
DA:632,0
DA:633,0
DA:634,0
DA:635,0
DA:636,0
DA:637,0
DA:638,0
DA:640,0
DA:641,0
DA:642,0
DA:643,0
DA:644,0
DA:647,0
DA:648,0
DA:649,0
DA:657,0
DA:658,0
DA:659,0
DA:661,0
DA:663,0
DA:664,0
DA:666,0
DA:667,0
DA:668,0
DA:669,0
DA:670,0
DA:671,0
DA:672,0
DA:673,0
DA:674,0
DA:676,0
DA:677,0
DA:678,0
DA:679,0
DA:680,0
DA:683,0
DA:684,0
DA:685,0
DA:694,0
DA:695,0
DA:696,0
DA:699,0
DA:700,0
DA:701,0
DA:702,0
DA:704,0
DA:705,0
DA:707,0
DA:708,0
DA:710,0
DA:711,3
DA:712,3
DA:713,3
DA:714,3
DA:715,3
DA:716,3
DA:717,3
DA:718,3
DA:719,3
DA:724,13
DA:725,0
DA:726,0
DA:729,0
DA:730,0
DA:731,0
DA:733,0
DA:736,0
DA:737,0
DA:739,0
DA:742,0
DA:743,0
DA:744,0
DA:746,0
DA:747,0
DA:748,0
DA:749,0
DA:750,0
DA:751,0
DA:752,0
DA:758,13
DA:759,2
DA:760,2
DA:763,2
DA:765,2
DA:767,1
DA:768,1
DA:769,1
DA:770,1
DA:771,1
DA:772,1
DA:775,2
DA:776,2
DA:777,2
DA:778,2
DA:781,2
DA:784,2
DA:785,2
DA:787,2
DA:788,2
DA:789,0
DA:790,0
DA:791,0
DA:792,0
DA:793,2
DA:798,13
DA:799,3
DA:800,3
DA:805,13
DA:806,1
DA:807,1
DA:808,1
DA:809,1
DA:810,13
LF:434
LH:275
BRDA:24,0,0,13
BRDA:38,1,0,13
BRDA:51,2,0,1
BRDA:67,3,0,119
BRDA:68,4,0,115
BRDA:70,5,0,4
BRDA:76,6,0,0
BRDA:85,7,0,53
BRDA:98,8,0,15
BRDA:109,9,0,19
BRDA:114,10,0,38
BRDA:121,11,0,18
BRDA:127,12,0,17
BRDA:130,13,0,21
BRDA:138,14,0,21
BRDA:140,15,0,20
BRDA:140,16,0,1
BRDA:142,17,0,20
BRDA:148,18,0,1
BRDA:150,19,0,19
BRDA:153,20,0,0
BRDA:162,21,0,19
BRDA:166,22,0,0
BRDA:168,23,0,19
BRDA:177,24,0,0
BRDA:183,25,0,19
BRDA:197,26,0,7
BRDA:243,27,0,1
BRDA:255,28,0,1
BRDA:257,29,0,6
BRDA:263,30,0,1
BRDA:263,31,0,6
BRDA:265,32,0,1
BRDA:271,33,0,6
BRDA:207,34,0,17
BRDA:216,35,0,17
BRDA:233,36,0,15
BRDA:236,37,0,1
BRDA:235,38,0,57
BRDA:250,39,0,16
BRDA:291,40,0,3
BRDA:321,41,0,0
BRDA:333,42,0,3
BRDA:337,43,0,0
BRDA:342,44,0,0
BRDA:380,45,0,0
BRDA:389,46,0,0
BRDA:407,47,0,0
BRDA:432,48,0,0
BRDA:468,49,0,0
BRDA:567,50,0,0
BRDA:568,51,0,0
BRDA:569,52,0,0
BRDA:575,53,0,0
BRDA:597,54,0,0
BRDA:600,55,0,0
BRDA:601,56,0,0
BRDA:713,57,0,0
BRDA:716,58,0,0
BRDA:758,59,0,2
BRDA:765,60,0,1
BRDA:777,61,0,0
BRDA:788,62,0,0
BRDA:798,63,0,3
BRDA:799,64,0,3
BRDA:805,65,0,1
BRF:66
BRH:43
end_of_record
TN:
SF:extension/src/autonomous/ContextBuilder.ts
FN:53,<instance_members_initializer>
FN:58,ContextBuilder
FN:76,buildContext
FN:139,loadRelevantMemories
FN:176,extractKeywords
FN:226,formatMemories
FN:259,mergeContextSections
FN:287,dispose
FNF:8
FNH:6
FNDA:9,<instance_members_initializer>
FNDA:9,ContextBuilder
FNDA:4,buildContext
FNDA:4,loadRelevantMemories
FNDA:4,extractKeywords
FNDA:0,formatMemories
FNDA:4,mergeContextSections
FNDA:0,dispose
DA:19,1
DA:20,1
DA:21,1
DA:53,1
DA:54,9
DA:55,9
DA:56,9
DA:58,9
DA:59,9
DA:60,9
DA:61,9
DA:62,9
DA:76,9
DA:77,4
DA:78,4
DA:81,4
DA:83,4
DA:84,0
DA:85,0
DA:88,4
DA:89,4
DA:90,4
DA:91,4
DA:92,4
DA:93,4
DA:94,4
DA:95,4
DA:97,4
DA:98,2
DA:99,2
DA:102,4
DA:103,4
DA:104,4
DA:106,4
DA:107,0
DA:108,0
DA:111,4
DA:112,1
DA:113,1
DA:116,4
DA:117,4
DA:119,4
DA:120,4
DA:121,4
DA:122,4
DA:123,4
DA:124,4
DA:125,4
DA:126,4
DA:139,9
DA:141,4
DA:144,4
DA:145,4
DA:146,10
DA:147,10
DA:148,10
DA:149,4
DA:150,4
DA:153,4
DA:154,4
DA:157,4
DA:158,0
DA:159,4
DA:162,4
DA:163,4
DA:176,9
DA:177,4
DA:178,4
DA:179,4
DA:180,4
DA:181,4
DA:182,4
DA:183,4
DA:184,4
DA:185,4
DA:186,4
DA:187,4
DA:188,4
DA:189,4
DA:190,4
DA:191,4
DA:192,4
DA:193,4
DA:194,4
DA:195,4
DA:196,4
DA:197,4
DA:198,4
DA:199,4
DA:200,4
DA:201,4
DA:202,4
DA:204,4
DA:205,4
DA:206,4
DA:207,4
DA:208,4
DA:209,4
DA:226,9
DA:227,0
DA:228,0
DA:229,0
DA:231,0
DA:233,0
DA:234,0
DA:235,0
DA:236,0
DA:237,0
DA:238,0
DA:239,0
DA:240,0
DA:242,0
DA:243,0
DA:259,9
DA:260,4
DA:262,4
DA:263,0
DA:264,0
DA:265,0
DA:267,4
DA:268,2
DA:269,2
DA:270,2
DA:272,4
DA:273,0
DA:274,0
DA:276,4
DA:277,1
DA:278,1
DA:279,1
DA:281,4
DA:282,4
DA:287,9
DA:288,0
DA:289,0
DA:290,9
LF:136
LH:110
BRDA:53,0,0,9
BRDA:58,1,0,9
BRDA:61,2,0,0
BRDA:76,3,0,4
BRDA:83,4,0,0
BRDA:90,5,0,0
BRDA:97,6,0,2
BRDA:106,7,0,0
BRDA:111,8,0,1
BRDA:139,9,0,4
BRDA:145,10,0,10
BRDA:153,11,0,10
BRDA:176,12,0,4
BRDA:207,13,0,16
BRDA:207,14,0,12
BRDA:259,15,0,4
BRDA:262,16,0,0
BRDA:267,17,0,2
BRDA:272,18,0,0
BRDA:276,19,0,1
BRF:20
BRH:14
end_of_record
TN:
SF:extension/src/autonomous/ContextCompactor.ts
FN:34,<instance_members_initializer>
FN:43,<static_initializer>
FN:70,ContextCompactor
FN:109,estimateTokenUsage
FN:121,shouldCompact
FN:140,analyzeContext
FN:179,previewCompaction
FN:216,summarizeTasks
FN:249,compact
FN:340,setThreshold
FN:355,getThreshold
FN:364,getDefaultStrategy
FN:376,rollbackCompaction
FN:406,estimateBreakdown
FN:425,generateFallbackSummary
FN:462,buildCompactedContext
FN:480,backupSession
FN:525,loadSessionBackup
FNF:18
FNH:18
FNDA:32,<instance_members_initializer>
FNDA:1,<static_initializer>
FNDA:32,ContextCompactor
FNDA:42,estimateTokenUsage
FNDA:7,shouldCompact
FNDA:3,analyzeContext
FNDA:3,previewCompaction
FNDA:13,summarizeTasks
FNDA:9,compact
FNDA:6,setThreshold
FNDA:1,getThreshold
FNDA:4,getDefaultStrategy
FNDA:2,rollbackCompaction
FNDA:3,estimateBreakdown
FNDA:12,generateFallbackSummary
FNDA:9,buildCompactedContext
FNDA:9,backupSession
FNDA:2,loadSessionBackup
DA:21,1
DA:22,1
DA:34,1
DA:35,32
DA:36,32
DA:37,32
DA:38,32
DA:43,32
DA:70,32
DA:71,32
DA:72,32
DA:73,32
DA:76,32
DA:77,32
DA:78,32
DA:79,32
DA:80,32
DA:81,32
DA:82,32
DA:84,32
DA:85,32
DA:86,32
DA:87,32
DA:88,32
DA:89,32
DA:90,32
DA:91,32
DA:93,32
DA:94,32
DA:95,32
DA:96,32
DA:97,32
DA:98,32
DA:109,32
DA:110,42
DA:111,42
DA:121,32
DA:122,7
DA:123,7
DA:124,7
DA:127,7
DA:129,7
DA:130,7
DA:140,32
DA:141,3
DA:142,3
DA:143,3
DA:147,3
DA:149,3
DA:150,3
DA:151,1
DA:152,3
DA:153,2
DA:154,2
DA:155,2
DA:158,3
DA:160,3
DA:161,3
DA:162,3
DA:163,3
DA:164,3
DA:165,3
DA:166,3
DA:167,3
DA:168,3
DA:169,3
DA:179,32
DA:180,3
DA:181,3
DA:184,3
DA:185,3
DA:187,3
DA:190,3
DA:191,3
DA:192,3
DA:193,3
DA:195,3
DA:196,3
DA:197,3
DA:198,3
DA:199,3
DA:200,3
DA:201,3
DA:202,3
DA:203,3
DA:204,3
DA:216,32
DA:217,13
DA:218,1
DA:219,1
DA:222,12
DA:223,12
DA:224,12
DA:226,12
DA:230,12
DA:232,12
DA:233,13
DA:249,32
DA:250,9
DA:251,9
DA:252,9
DA:253,9
DA:254,9
DA:255,9
DA:256,9
DA:258,9
DA:259,9
DA:260,9
DA:261,9
DA:264,9
DA:265,9
DA:266,9
DA:267,9
DA:269,9
DA:272,9
DA:273,9
DA:274,9
DA:277,9
DA:278,265
DA:279,265
DA:280,265
DA:281,265
DA:282,9
DA:285,9
DA:286,9
DA:287,9
DA:288,9
DA:289,0
DA:290,0
DA:291,0
DA:294,9
DA:295,9
DA:296,9
DA:299,9
DA:301,9
DA:302,9
DA:303,9
DA:304,9
DA:305,9
DA:306,9
DA:307,9
DA:308,9
DA:309,9
DA:312,9
DA:313,9
DA:315,9
DA:316,9
DA:318,9
DA:319,9
DA:320,9
DA:321,9
DA:322,9
DA:323,9
DA:324,9
DA:325,9
DA:328,9
DA:330,9
DA:331,9
DA:340,32
DA:341,6
DA:342,2
DA:343,2
DA:344,4
DA:345,4
DA:346,6
DA:355,32
DA:356,1
DA:357,1
DA:364,32
DA:365,4
DA:366,4
DA:376,32
DA:377,2
DA:378,2
DA:379,2
DA:380,1
DA:381,1
DA:382,1
DA:385,1
DA:386,1
DA:388,1
DA:389,1
DA:390,1
DA:391,2
DA:392,0
DA:393,0
DA:394,0
DA:395,0
DA:396,2
DA:406,32
DA:407,3
DA:410,3
DA:411,3
DA:412,3
DA:413,3
DA:414,3
DA:415,3
DA:416,3
DA:417,3
DA:418,3
DA:419,3
DA:425,32
DA:426,12
DA:427,0
DA:428,0
DA:430,12
DA:431,12
DA:433,12
DA:434,12
DA:435,271
DA:436,12
DA:438,12
DA:439,12
DA:440,1
DA:441,1
DA:442,12
DA:443,1
DA:444,1
DA:445,12
DA:448,12
DA:449,8
DA:450,8
DA:451,12
DA:452,4
DA:453,4
DA:454,4
DA:456,12
DA:457,12
DA:462,32
DA:463,9
DA:464,9
DA:465,9
DA:466,9
DA:470,9
DA:471,9
DA:472,9
DA:474,9
DA:475,9
DA:480,32
DA:481,9
DA:482,9
DA:484,9
DA:485,9
DA:487,9
DA:488,9
DA:490,9
DA:491,9
DA:492,9
DA:493,9
DA:494,9
DA:495,9
DA:496,9
DA:497,9
DA:498,9
DA:499,9
DA:500,9
DA:501,9
DA:502,9
DA:503,9
DA:506,9
DA:509,9
DA:510,9
DA:512,9
DA:513,0
DA:514,0
DA:515,0
DA:516,0
DA:517,0
DA:518,0
DA:519,0
DA:520,9
DA:525,32
DA:526,2
DA:527,2
DA:528,2
DA:529,2
DA:531,2
DA:533,2
DA:534,2
DA:535,1
DA:536,1
DA:537,1
DA:538,1
DA:540,2
DA:541,0
DA:542,0
DA:544,1
DA:545,1
DA:546,1
DA:548,1
DA:549,1
DA:550,1
DA:551,1
DA:552,1
DA:553,2
DA:554,32
LF:296
LH:278
BRDA:34,0,0,32
BRDA:43,1,0,1
BRDA:70,2,0,32
BRDA:72,3,0,2
BRDA:72,4,0,30
BRDA:85,5,0,2
BRDA:87,6,0,2
BRDA:88,7,0,2
BRDA:89,8,0,2
BRDA:90,9,0,2
BRDA:109,10,0,42
BRDA:121,11,0,7
BRDA:140,12,0,3
BRDA:150,13,0,1
BRDA:152,14,0,2
BRDA:179,15,0,3
BRDA:216,16,0,13
BRDA:217,17,0,1
BRDA:219,18,0,12
BRDA:223,19,0,271
BRDA:249,20,0,9
BRDA:288,21,0,0
BRDA:277,22,0,265
BRDA:340,23,0,6
BRDA:341,24,0,5
BRDA:341,25,0,2
BRDA:343,26,0,4
BRDA:355,27,0,1
BRDA:364,28,0,4
BRDA:376,29,0,2
BRDA:379,30,0,1
BRDA:391,31,0,0
BRDA:406,32,0,3
BRDA:425,33,0,12
BRDA:426,34,0,0
BRDA:439,35,0,1
BRDA:442,36,0,1
BRDA:448,37,0,8
BRDA:451,38,0,4
BRDA:430,39,0,271
BRDA:431,40,0,271
BRDA:434,41,0,271
BRDA:435,42,0,1
BRDA:435,43,0,2
BRDA:449,44,0,24
BRDA:452,45,0,11
BRDA:462,46,0,9
BRDA:480,47,0,9
BRDA:512,48,0,0
BRDA:510,49,0,9
BRDA:525,50,0,2
BRDA:534,51,0,1
BRDA:540,52,0,0
BRDA:542,53,0,1
BRDA:536,54,0,1
BRF:55
BRH:50
end_of_record
TN:
SF:extension/src/autonomous/DependencyGraph.ts
FN:39,<instance_members_initializer>
FN:50,DependencyGraph
FN:63,addSpec
FN:79,removeSpec
FN:102,addDependency
FN:154,removeDependency
FN:166,getDependencies
FN:180,getDependents
FN:195,wouldCreateCycle
FN:230,detectCycles
FN:250,getExecutionOrder
FN:284,getImpactReport
FN:324,getTransitiveDependencies
FN:349,getTransitiveDependents
FN:373,getAllSpecs
FN:384,getDependency
FN:396,hasDependency
FN:406,updateStatus
FN:420,getSpec
FN:431,validate
FN:481,export
FN:504,import
FN:527,save
FN:553,load
FN:576,getGraph
FNF:25
FNH:25
FNDA:58,<instance_members_initializer>
FNDA:58,DependencyGraph
FNDA:328,addSpec
FNDA:1,removeSpec
FNDA:305,addDependency
FNDA:1,removeDependency
FNDA:27,getDependencies
FNDA:138,getDependents
FNDA:308,wouldCreateCycle
FNDA:19,detectCycles
FNDA:9,getExecutionOrder
FNDA:7,getImpactReport
FNDA:6,getTransitiveDependencies
FNDA:6,getTransitiveDependents
FNDA:7,getAllSpecs
FNDA:3,getDependency
FNDA:12,hasDependency
FNDA:2,updateStatus
FNDA:3,getSpec
FNDA:3,validate
FNDA:5,export
FNDA:4,import
FNDA:4,save
FNDA:3,load
FNDA:9,getGraph
DA:12,1
DA:13,1
DA:14,1
DA:26,1
DA:27,1
DA:39,1
DA:40,58
DA:41,58
DA:42,58
DA:43,58
DA:50,58
DA:51,58
DA:52,58
DA:53,58
DA:54,58
DA:55,58
DA:63,58
DA:64,328
DA:65,328
DA:66,328
DA:67,328
DA:68,328
DA:70,328
DA:71,328
DA:79,58
DA:81,1
DA:82,1
DA:84,1
DA:85,2
DA:86,2
DA:87,2
DA:90,1
DA:91,1
DA:102,58
DA:103,305
DA:104,305
DA:105,305
DA:106,305
DA:107,305
DA:108,305
DA:111,305
DA:112,2
DA:113,2
DA:114,2
DA:115,2
DA:116,2
DA:117,2
DA:118,2
DA:119,2
DA:122,305
DA:123,238
DA:124,238
DA:125,305
DA:126,30
DA:127,30
DA:130,303
DA:133,303
DA:134,303
DA:135,303
DA:136,303
DA:137,303
DA:138,303
DA:139,303
DA:141,303
DA:142,303
DA:145,303
DA:146,305
DA:154,58
DA:155,1
DA:156,1
DA:157,1
DA:158,1
DA:166,58
DA:167,27
DA:168,1
DA:169,1
DA:171,27
DA:172,27
DA:180,58
DA:181,138
DA:182,1
DA:183,1
DA:185,138
DA:186,138
DA:195,58
DA:197,308
DA:198,308
DA:200,308
DA:201,240
DA:202,240
DA:203,308
DA:204,31
DA:205,31
DA:207,308
DA:210,308
DA:211,308
DA:214,308
DA:215,308
DA:216,240
DA:217,240
DA:218,308
DA:219,31
DA:220,31
DA:222,308
DA:223,308
DA:230,58
DA:231,19
DA:233,19
DA:234,13
DA:235,13
DA:237,6
DA:238,6
DA:239,6
DA:240,6
DA:241,19
DA:250,58
DA:252,9
DA:253,9
DA:254,2
DA:255,2
DA:256,2
DA:257,2
DA:258,2
DA:259,2
DA:262,9
DA:265,9
DA:268,9
DA:269,2
DA:270,2
DA:273,7
DA:275,7
DA:276,9
DA:284,58
DA:285,7
DA:286,1
DA:287,1
DA:290,6
DA:291,6
DA:294,6
DA:297,6
DA:301,6
DA:302,6
DA:305,6
DA:306,6
DA:308,6
DA:309,6
DA:310,6
DA:311,6
DA:312,6
DA:313,6
DA:314,6
DA:315,6
DA:316,7
DA:324,58
DA:325,6
DA:326,6
DA:328,6
DA:329,9
DA:330,9
DA:332,9
DA:333,4
DA:334,3
DA:335,3
DA:336,3
DA:337,4
DA:338,9
DA:340,6
DA:341,6
DA:349,58
DA:350,6
DA:351,6
DA:353,6
DA:354,120
DA:355,120
DA:357,120
DA:358,118
DA:359,114
DA:360,114
DA:361,114
DA:362,118
DA:363,120
DA:365,6
DA:366,6
DA:373,58
DA:374,7
DA:375,7
DA:384,58
DA:385,3
DA:386,3
DA:387,3
DA:396,58
DA:397,12
DA:398,12
DA:406,58
DA:407,2
DA:408,2
DA:409,2
DA:410,2
DA:411,2
DA:412,2
DA:420,58
DA:421,3
DA:422,3
DA:431,58
DA:432,3
DA:433,3
DA:434,3
DA:437,3
DA:440,3
DA:441,4
DA:442,0
DA:443,0
DA:444,0
DA:445,4
DA:446,0
DA:447,0
DA:448,0
DA:449,4
DA:452,3
DA:453,3
DA:454,8
DA:455,8
DA:457,8
DA:458,1
DA:459,1
DA:460,8
DA:462,3
DA:465,3
DA:467,3
DA:468,3
DA:469,3
DA:470,3
DA:471,3
DA:472,3
DA:473,3
DA:474,3
DA:481,58
DA:482,5
DA:484,5
DA:485,17
DA:486,17
DA:487,17
DA:489,5
DA:491,5
DA:492,5
DA:493,5
DA:494,5
DA:495,5
DA:496,5
DA:497,5
DA:504,58
DA:506,4
DA:507,4
DA:510,4
DA:511,15
DA:512,15
DA:515,4
DA:516,15
DA:517,15
DA:518,15
DA:519,15
DA:520,4
DA:527,58
DA:528,4
DA:529,4
DA:531,4
DA:532,4
DA:535,4
DA:538,4
DA:541,4
DA:542,4
DA:543,4
DA:544,4
DA:553,58
DA:554,3
DA:555,3
DA:557,3
DA:558,3
DA:560,3
DA:561,3
DA:564,3
DA:565,3
DA:566,3
DA:568,3
DA:569,3
DA:576,58
DA:577,9
DA:578,9
DA:579,58
LF:289
LH:283
BRDA:39,0,0,58
BRDA:50,1,0,58
BRDA:63,2,0,328
BRDA:79,3,0,1
BRDA:81,4,0,0
BRDA:82,5,0,0
BRDA:84,6,0,2
BRDA:102,7,0,305
BRDA:111,8,0,2
BRDA:119,9,0,303
BRDA:122,10,0,238
BRDA:124,11,0,303
BRDA:125,12,0,30
BRDA:127,13,0,303
BRDA:154,14,0,1
BRDA:166,15,0,27
BRDA:167,16,0,1
BRDA:169,17,0,26
BRDA:171,18,0,0
BRDA:180,19,0,138
BRDA:181,20,0,1
BRDA:183,21,0,137
BRDA:185,22,0,0
BRDA:195,23,0,308
BRDA:200,24,0,240
BRDA:203,25,0,31
BRDA:215,26,0,240
BRDA:218,27,0,31
BRDA:230,28,0,19
BRDA:233,29,0,13
BRDA:235,30,0,6
BRDA:237,31,0,6
BRDA:250,32,0,9
BRDA:253,33,0,2
BRDA:253,34,0,2
BRDA:259,35,0,7
BRDA:262,36,0,5
BRDA:268,37,0,2
BRDA:268,38,0,2
BRDA:270,39,0,7
BRDA:256,40,0,2
BRDA:269,41,0,9
BRDA:284,42,0,7
BRDA:285,43,0,1
BRDA:287,44,0,6
BRDA:324,45,0,6
BRDA:328,46,0,9
BRDA:332,47,0,4
BRDA:333,48,0,3
BRDA:333,49,0,3
BRDA:349,50,0,6
BRDA:353,51,0,120
BRDA:357,52,0,118
BRDA:358,53,0,114
BRDA:358,54,0,114
BRDA:373,55,0,7
BRDA:384,56,0,3
BRDA:396,57,0,12
BRDA:406,58,0,2
BRDA:420,59,0,3
BRDA:431,60,0,3
BRDA:437,61,0,2
BRDA:440,62,0,4
BRDA:441,63,0,0
BRDA:445,64,0,0
BRDA:453,65,0,8
BRDA:457,66,0,3
BRDA:457,67,0,1
BRDA:481,68,0,5
BRDA:484,69,0,17
BRDA:504,70,0,4
BRDA:510,71,0,15
BRDA:515,72,0,15
BRDA:527,73,0,4
BRDA:553,74,0,3
BRDA:576,75,0,9
BRF:76
BRH:70
end_of_record
TN:
SF:extension/src/autonomous/ErrorRecovery.ts
FN:21,<instance_members_initializer>
FN:32,ErrorRecovery
FN:53,detectError
FN:107,categorizeError
FN:134,retryWithStrategy
FN:204,escalateToUser
FN:230,getContextForStrategy
FN:249,formatForVSCode
FN:269,formatForWhatsApp
FN:283,getSeverityForType
FN:306,generateErrorId
FN:313,sleep
FNF:12
FNH:12
[...]
DA:205,3
DA:206,3
DA:207,5
DA:208,2
DA:209,2
DA:210,2
DA:211,2
DA:212,2
DA:213,5
DA:219,1
DA:220,4
DA:221,4
DA:224,4
DA:225,7
DA:226,14
DA:227,2
DA:228,2
DA:229,2
DA:230,2
DA:231,2
DA:232,2
DA:233,2
DA:234,2
DA:235,2
DA:236,2
DA:237,2
DA:238,2
DA:239,2
DA:240,2
DA:241,2
DA:242,2
DA:243,14
DA:244,5
DA:247,4
DA:248,3
DA:249,6
DA:250,1
DA:251,1
DA:252,1
DA:253,1
DA:254,1
DA:255,1
DA:256,1
DA:257,1
DA:258,1
DA:259,1
DA:260,1
DA:261,1
DA:262,1
DA:263,1
DA:264,1
DA:265,1
DA:266,6
DA:267,2
DA:269,1
DA:270,1
DA:271,1
DA:272,1
DA:273,1
DA:274,4
DA:275,0
DA:276,0
DA:277,0
DA:278,0
DA:279,0
DA:280,4
DA:282,1
DA:283,4
DA:284,1
DA:285,1
DA:287,3
DA:288,3
DA:289,3
DA:290,3
DA:291,4
DA:297,1
DA:299,5
DA:300,5
DA:301,2
DA:302,2
DA:304,3
DA:305,5
DA:306,0
DA:307,0
DA:309,3
DA:310,3
DA:312,5
DA:313,0
DA:314,0
DA:315,0
DA:316,0
DA:317,0
DA:318,0
DA:320,3
DA:322,5
DA:323,1
DA:324,1
DA:325,1
DA:326,1
DA:327,1
DA:330,5
DA:331,0
DA:332,0
DA:333,0
DA:334,0
DA:335,0
DA:338,2
DA:339,2
DA:340,2
DA:341,2
DA:342,5
DA:344,2
DA:347,2
DA:348,2
DA:349,2
DA:350,2
DA:351,5
DA:352,5
DA:353,5
DA:354,0
DA:355,0
DA:356,0
DA:357,0
DA:358,0
DA:359,5
DA:365,1
DA:367,5
DA:368,5
DA:369,1
DA:370,1
DA:372,4
DA:373,5
DA:374,0
DA:375,0
DA:378,4
DA:379,5
DA:380,1
DA:381,1
DA:383,3
DA:384,3
DA:387,3
DA:388,3
DA:389,3
DA:390,3
DA:391,3
DA:392,3
DA:394,3
DA:395,3
DA:396,3
DA:397,3
DA:398,5
DA:399,1
DA:400,1
DA:401,1
DA:402,1
DA:403,1
DA:404,5
DA:410,1
DA:411,2
DA:415,2
DA:416,2
DA:417,2
DA:418,2
DA:419,2
DA:420,2
DA:421,2
DA:422,2
DA:423,0
DA:424,0
DA:425,0
DA:426,0
DA:427,0
DA:428,2
DA:434,1
DA:435,2
DA:439,2
DA:440,2
DA:441,2
DA:442,2
DA:443,2
DA:444,2
DA:445,2
DA:446,0
DA:447,0
DA:448,0
DA:449,0
DA:450,0
DA:451,2
DA:452,1
LF:268
LH:218
BRDA:96,0,0,18
BRDA:112,1,0,3
BRDA:132,2,0,10
BRDA:133,3,0,9
BRDA:133,4,0,1
BRDA:136,5,0,9
BRDA:139,6,0,7
BRDA:139,7,0,7
BRDA:139,8,0,2
BRDA:142,9,0,7
BRDA:145,10,0,0
BRDA:148,11,0,7
BRDA:151,12,0,0
BRDA:154,13,0,7
BRDA:162,14,0,7
BRDA:163,15,0,0
BRDA:168,16,0,0
BRDA:174,17,0,0
BRDA:186,18,0,5
BRDA:188,19,0,3
BRDA:207,20,0,2
BRDA:210,21,0,0
BRDA:193,22,0,4
BRDA:198,23,0,8
BRDA:199,24,0,8
BRDA:219,25,0,4
BRDA:224,26,0,7
BRDA:225,27,0,14
BRDA:226,28,0,2
BRDA:243,29,0,5
BRDA:244,30,0,2
BRDA:247,31,0,3
BRDA:248,32,0,6
BRDA:249,33,0,2
BRDA:249,34,0,1
BRDA:266,35,0,2
BRDA:267,36,0,1
BRDA:274,37,0,0
BRDA:282,38,0,4
BRDA:283,39,0,1
BRDA:285,40,0,3
BRDA:287,41,0,3
BRDA:288,42,0,4
BRDA:297,43,0,5
BRDA:300,44,0,2
BRDA:302,45,0,3
BRDA:305,46,0,0
BRDA:307,47,0,3
BRDA:312,48,0,0
BRDA:318,49,0,3
BRDA:322,50,0,1
BRDA:327,51,0,2
BRDA:330,52,0,0
BRDA:335,53,0,2
BRDA:341,54,0,0
BRDA:342,55,0,2
BRDA:351,56,0,0
BRDA:351,57,0,2
BRDA:353,58,0,0
BRDA:320,59,0,6
BRDA:365,60,0,5
BRDA:368,61,0,1
BRDA:370,62,0,4
BRDA:373,63,0,0
BRDA:375,64,0,4
BRDA:379,65,0,1
BRDA:381,66,0,3
BRDA:398,67,0,1
BRDA:401,68,0,0
BRDA:410,69,0,2
BRDA:422,70,0,0
BRDA:434,71,0,2
BRDA:445,72,0,0
BRF:73
BRH:56
end_of_record
TN:
SF:language-server/src/utils/specCache.ts
FN:58,SpecCache
FN:75,initialize
FN:102,get
FN:146,set
FN:164,invalidate
FN:172,invalidateByPath
FN:189,clear
FN:197,evictOldest
FN:217,getStats
FN:224,getHitRate
FN:232,dispose
FN:243,prune
FN:264,getCachedSpecIds
FN:271,has
FN:278,size
FN:285,shutdown
FNF:16
FNH:0
FNDA:0,SpecCache
FNDA:0,initialize
FNDA:0,get
FNDA:0,set
FNDA:0,invalidate
FNDA:0,invalidateByPath
FNDA:0,clear
FNDA:0,evictOldest
FNDA:0,getStats
FNDA:0,getHitRate
FNDA:0,dispose
FNDA:0,prune
FNDA:0,getCachedSpecIds
FNDA:0,has
FNDA:0,size
FNDA:0,shutdown
DA:8,1
DA:9,1
DA:10,1
DA:50,1
DA:58,1
DA:59,0
DA:60,0
DA:61,0
DA:62,0
DA:63,0
DA:64,0
DA:65,0
DA:66,0
DA:67,0
DA:68,0
DA:69,0
DA:70,0
DA:75,1
DA:76,0
DA:77,0
DA:78,0
DA:81,0
DA:82,0
DA:83,0
DA:84,0
DA:85,0
DA:86,0
DA:87,0
DA:88,0
DA:90,0
DA:91,0
DA:92,0
DA:94,0
DA:95,0
DA:96,0
DA:97,0
DA:102,1
DA:103,0
DA:105,0
DA:106,0
DA:107,0
DA:108,0
DA:111,0
DA:112,0
DA:113,0
DA:114,0
DA:115,0
DA:116,0
DA:117,0
DA:120,0
DA:121,0
DA:122,0
DA:124,0
DA:126,0
DA:127,0
DA:128,0
DA:129,0
DA:130,0
DA:131,0
DA:133,0
DA:134,0
DA:135,0
DA:136,0
DA:137,0
DA:139,0
DA:140,0
DA:141,0
DA:146,1
DA:148,0
DA:149,0
DA:150,0
DA:152,0
DA:153,0
DA:154,0
DA:155,0
DA:156,0
DA:158,0
DA:159,0
DA:164,1
DA:165,0
DA:166,0
DA:167,0
DA:172,1
DA:173,0
DA:176,0
DA:177,0
DA:178,0
DA:179,0
DA:180,0
DA:181,0
DA:183,0
DA:184,0
DA:189,1
DA:190,0
DA:191,0
DA:192,0
DA:197,1
DA:198,0
DA:199,0
DA:201,0
DA:202,0
DA:203,0
DA:204,0
DA:205,0
DA:206,0
DA:208,0
DA:209,0
DA:210,0
DA:211,0
DA:212,0
DA:217,1
DA:218,0
DA:219,0
DA:224,1
DA:225,0
DA:226,0
DA:227,0
DA:232,1
DA:233,0
DA:234,0
DA:235,0
DA:236,0
DA:237,0
DA:238,0
DA:243,1
DA:244,0
DA:245,0
DA:247,0
DA:248,0
DA:249,0
DA:250,0
DA:251,0
DA:253,0
DA:254,0
DA:255,0
DA:256,0
DA:258,0
DA:259,0
DA:264,1
DA:265,0
DA:266,0
DA:271,1
DA:272,0
DA:273,0
DA:278,1
DA:279,0
DA:280,0
DA:285,1
DA:286,0
DA:287,0
DA:288,0
DA:289,0
DA:290,0
DA:291,0
DA:292,1
LF:155
LH:21
BRF:0
BRH:0
end_of_record
TN:
SF:language-server/src/utils/specKitLoader.ts
FN:53,SpecKitLoader
FN:59,loadAllSpecs
FN:84,loadSpec
FN:124,parseSpecHeader
FN:179,parseFrontmatter
FN:207,parseTasks
FN:267,completeTask
FN:279,parseSpecStatus
FN:298,updateTaskStatus
FN:316,getCacheStats
FN:323,clearCache
FN:330,shutdown
FNF:12
FNH:0
FNDA:0,SpecKitLoader
FNDA:0,loadAllSpecs
FNDA:0,loadSpec
FNDA:0,parseSpecHeader
FNDA:0,parseFrontmatter
FNDA:0,parseTasks
FNDA:0,completeTask
FNDA:0,parseSpecStatus
FNDA:0,updateTaskStatus
FNDA:0,getCacheStats
FNDA:0,clearCache
FNDA:0,shutdown
DA:8,1
DA:9,1
DA:10,1
DA:11,1
DA:50,1
DA:53,1
DA:54,0
DA:55,0
DA:56,0
DA:57,0
DA:59,1
DA:60,0
DA:62,0
DA:63,0
DA:64,0
DA:66,0
DA:67,0
DA:68,0
DA:69,0
DA:70,0
DA:72,0
DA:73,0
DA:74,0
DA:75,0
DA:77,0
DA:78,0
DA:80,0
DA:81,0
DA:82,0
DA:84,1
DA:86,0
DA:87,0
DA:88,0
DA:89,0
DA:91,0
DA:92,0
DA:93,0
DA:96,0
DA:97,0
DA:100,0
DA:101,0
DA:103,0
DA:104,0
DA:105,0
DA:106,0
DA:107,0
DA:108,0
DA:109,0
DA:110,0
DA:111,0
DA:112,0
DA:113,0
DA:116,0
DA:118,0
DA:119,0
DA:124,1
DA:125,0
DA:126,0
DA:127,0
DA:130,0
DA:131,0
DA:132,0
DA:133,0
DA:134,0
DA:137,0
DA:138,0
DA:140,0
DA:141,0
DA:142,0
DA:143,0
DA:146,0
DA:147,0
DA:148,0
DA:149,0
DA:150,0
DA:152,0
DA:153,0
DA:154,0
DA:155,0
DA:156,0
DA:158,0
DA:159,0
DA:160,0
DA:161,0
DA:162,0
DA:164,0
DA:165,0
DA:166,0
DA:167,0
DA:168,0
DA:171,0
DA:172,0
DA:173,0
DA:175,0
DA:176,0
DA:177,0
DA:179,1
DA:180,0
DA:181,0
DA:183,0
DA:185,0
DA:188,0
DA:189,0
DA:190,0
DA:191,0
DA:192,0
DA:193,0
DA:194,0
DA:195,0
DA:196,0
DA:198,0
DA:199,0
DA:201,0
DA:202,0
DA:204,0
DA:205,0
DA:207,1
DA:208,0
DA:209,0
DA:211,0
DA:212,0
DA:214,0
DA:216,0
DA:217,0
DA:218,0
DA:220,0
DA:221,0
DA:222,0
DA:223,0
DA:225,0
DA:226,0
DA:227,0
DA:228,0
DA:229,0
DA:230,0
DA:231,0
DA:232,0
DA:233,0
DA:234,0
DA:235,0
DA:237,0
DA:238,0
DA:239,0
DA:240,0
DA:241,0
DA:242,0
DA:243,0
DA:244,0
DA:245,0
DA:247,0
DA:248,0
DA:249,0
DA:250,0
DA:251,0
DA:253,0
DA:254,0
DA:255,0
DA:256,0
DA:257,0
DA:258,0
DA:260,0
DA:261,0
DA:262,0
DA:264,0
DA:265,0
DA:267,1
DA:268,0
DA:269,0
DA:270,0
DA:271,0
DA:272,0
DA:273,0
DA:274,0
DA:275,0
DA:276,0
DA:277,0
DA:279,1
DA:280,0
DA:281,0
DA:282,0
DA:283,0
DA:284,0
DA:285,0
DA:286,0
DA:287,0
DA:288,0
DA:289,0
DA:290,0
DA:291,0
DA:292,0
DA:293,0
DA:294,0
DA:295,0
DA:296,0
DA:298,1
DA:299,0
DA:300,0
DA:302,0
DA:303,0
DA:305,0
DA:307,0
DA:310,0
DA:311,0
DA:316,1
DA:317,0
DA:318,0
DA:323,1
DA:324,0
DA:325,0
DA:330,1
DA:331,0
DA:332,0
DA:333,1
LF:213
LH:18
BRF:0
BRH:0
end_of_record
TN:
SF:src/agents/EngineerAgent.ts
FN:6,EngineerAgent
FN:8,validate
FN:18,buildValidationPrompt
FN:22,parseValidationResponse
FNF:4
FNH:0
FNDA:0,EngineerAgent
FNDA:0,validate
FNDA:0,buildValidationPrompt
FNDA:0,parseValidationResponse
DA:5,1
DA:6,1
DA:8,1
DA:9,0
DA:10,0
DA:11,0
DA:12,0
DA:13,0
DA:14,0
DA:15,0
DA:16,0
DA:18,1
DA:19,0
DA:20,0
DA:22,1
DA:23,0
DA:24,0
DA:25,0
DA:26,0
DA:27,0
DA:28,0
DA:29,0
DA:30,0
DA:31,0
DA:32,0
DA:33,0
DA:34,1
LF:27
LH:6
BRF:0
BRH:0
end_of_record
TN:
SF:src/agents/TestAgent.ts
FN:5,runTests
FN:23,parseTestResults
FNF:2
FNH:0
FNDA:0,runTests
FNDA:0,parseTestResults
DA:4,1
DA:5,1
DA:7,0
DA:8,0
DA:9,0
DA:10,0
DA:11,0
DA:12,0
DA:13,0
DA:14,0
DA:15,0
DA:16,0
DA:17,0
DA:18,0
DA:19,0
DA:20,0
DA:21,0
DA:23,1
DA:24,0
DA:25,0
DA:26,0
DA:27,0
DA:28,0
DA:29,0
DA:30,0
DA:31,0
DA:32,0
DA:33,0
DA:34,0
DA:35,0
DA:36,0
DA:37,0
DA:38,1
LF:33
LH:4
BRF:0
BRH:0
end_of_record
TN:
SF:src/interceptor/ClaudeCodeInterceptor.ts
FN:12,<instance_members_initializer>
FNF:1
FNH:0
FNDA:0,<instance_members_initializer>
DA:7,1
DA:8,1
DA:9,1
DA:10,1
DA:12,1
DA:13,0
DA:14,0
DA:15,0
DA:16,0
DA:18,0
DA:19,0
DA:20,0
DA:21,0
DA:22,0
DA:23,0
DA:24,0
DA:25,0
DA:26,0
DA:28,0
DA:29,0
DA:31,0
DA:32,0
DA:33,0
DA:34,0
DA:35,0
DA:36,0
DA:37,0
DA:39,0
DA:40,0
DA:41,0
DA:42,0
DA:43,0
DA:44,0
DA:45,0
DA:46,0
DA:47,0
DA:48,0
DA:50,0
DA:51,0
DA:52,0
DA:53,0
DA:54,0
DA:55,0
DA:56,0
DA:57,0
DA:58,0
DA:59,0
DA:61,0
DA:62,0
DA:63,0
DA:65,0
DA:66,0
DA:67,0
DA:69,0
DA:70,0
DA:71,0
DA:73,0
DA:74,0
DA:75,0
DA:76,0
DA:78,0
DA:79,0
DA:80,0
DA:82,0
DA:83,0
DA:85,0
DA:86,0
DA:87,0
DA:88,0
DA:89,0
DA:90,0
DA:91,0
DA:92,0
DA:94,0
DA:96,0
DA:97,0
DA:99,0
DA:100,0
DA:102,0
DA:103,0
DA:104,0
DA:105,0
DA:106,0
DA:107,0
LF:84
LH:5
BRDA:12,0,0,0
BRF:1
BRH:0
end_of_record
TN:
SF:src/orchestrator/AutonomousOrchestrator_new.ts
FN:1,(empty-report)
FNF:1
FNH:1
FNDA:1,(empty-report)
DA:6,0
DA:7,0
DA:8,0
DA:11,0
DA:12,0
DA:13,0
DA:14,0
DA:16,0
DA:17,0
DA:18,0
DA:19,0
DA:21,0
DA:22,0
DA:23,0
DA:25,0
DA:26,0
DA:27,0
DA:29,0
DA:30,0
DA:31,0
DA:32,0
DA:33,0
DA:35,0
DA:36,0
DA:38,0
DA:39,0
DA:41,0
DA:42,0
DA:43,0
DA:45,0
DA:46,0
DA:48,0
DA:49,0
DA:53,0
DA:54,0
DA:56,0
DA:58,0
DA:59,0
DA:60,0
LF:39
LH:0
BRDA:1,0,0,1
BRF:1
BRH:1
end_of_record
TN:
SF:src/orchestrator/QAEngine.ts
FN:6,<instance_members_initializer>
FNF:1
FNH:0
FNDA:0,<instance_members_initializer>
DA:1,1
DA:6,1
DA:7,0
DA:8,0
DA:10,0
DA:11,0
DA:12,0
DA:13,0
DA:15,0
DA:20,0
DA:22,0
DA:23,0
DA:24,0
DA:25,0
DA:26,0
DA:27,0
DA:28,0
DA:29,0
DA:30,0
DA:31,0
DA:32,0
DA:35,0
DA:37,0
DA:38,0
DA:39,0
DA:40,0
DA:41,0
DA:42,0
DA:43,0
DA:50,0
DA:52,0
DA:57,0
DA:58,0
DA:59,0
DA:61,0
DA:62,0
DA:63,0
DA:65,0
DA:66,0
DA:67,0
DA:69,0
DA:70,0
DA:71,0
DA:72,0
DA:73,0
DA:74,0
DA:75,0
DA:77,0
DA:78,0
DA:80,0
DA:81,0
DA:82,0
DA:85,0
DA:86,0
DA:87,0
DA:88,0
DA:89,0
DA:90,0
DA:91,0
DA:92,0
DA:93,0
DA:95,0
DA:96,0
DA:98,0
DA:99,0
DA:100,0
DA:101,0
DA:102,0
DA:105,0
DA:108,0
DA:111,0
DA:113,0
DA:114,0
DA:115,0
DA:117,0
DA:118,0
DA:119,0
DA:120,0
LF:78
LH:2
BRDA:6,0,0,0
BRF:1
BRH:0
end_of_record
TN:
SF:src/orchestrator/RetryHandler.ts
FN:1,(empty-report)
FNF:1
FNH:1
FNDA:1,(empty-report)
DA:2,0
DA:5,0
DA:7,0
DA:8,0
DA:9,0
DA:10,0
DA:11,0
DA:12,0
DA:13,0
DA:14,0
DA:15,0
DA:16,0
DA:17,0
DA:18,0
DA:20,0
DA:21,0
DA:22,0
DA:23,0
DA:24,0
DA:25,0
DA:26,0
DA:28,0
DA:29,0
DA:30,0
DA:31,0
LF:25
LH:0
BRDA:1,0,0,1
BRF:1
BRH:1
end_of_record
TN:
SF:src/orchestrator/SpecLoader.ts
FN:35,<instance_members_initializer>
FN:38,SpecLoader
FN:42,loadAllSpecs
FN:60,loadSpecKitSpecs
FN:86,parseSpecHeader
FN:155,loadSpecKitSpec
FN:225,loadSpecKitTasks
FN:262,loadLegacyJsonSpecs
FN:281,loadSpec
FN:296,saveSpec
FN:307,saveSpecKitSpec
FN:346,updateTasksMarkdown
FN:369,updateTaskStatus
FN:412,loadSpecs
FNF:14
FNH:6
FNDA:9,<instance_members_initializer>
FNDA:9,SpecLoader
FNDA:7,loadAllSpecs
FNDA:7,loadSpecKitSpecs
FNDA:0,parseSpecHeader
FNDA:8,loadSpecKitSpec
FNDA:7,loadSpecKitTasks
FNDA:0,loadLegacyJsonSpecs
FNDA:0,loadSpec
FNDA:0,saveSpec
FNDA:0,saveSpecKitSpec
FNDA:0,updateTasksMarkdown
FNDA:0,updateTaskStatus
FNDA:0,loadSpecs
DA:1,1
DA:2,1
DA:35,1
DA:36,9
DA:38,9
DA:39,9
DA:40,9
DA:42,9
DA:43,7
DA:45,7
DA:46,7
DA:47,7
DA:50,0
DA:51,0
DA:52,0
DA:53,0
DA:54,0
DA:55,7
DA:60,9
DA:61,7
DA:62,7
DA:63,6
DA:65,6
DA:66,6
DA:67,8
DA:68,8
DA:69,8
DA:70,0
DA:71,0
DA:72,0
DA:73,6
DA:74,6
DA:76,6
DA:77,7
DA:78,1
DA:79,1
DA:80,1
DA:81,7
DA:86,9
DA:87,0
DA:88,0
DA:89,0
DA:92,0
DA:93,0
DA:94,0
DA:95,0
DA:96,0
DA:99,0
DA:100,0
DA:102,0
DA:103,0
DA:104,0
DA:105,0
DA:108,0
DA:109,0
DA:110,0
DA:111,0
DA:114,0
DA:115,0
DA:116,0
DA:117,0
DA:118,0
DA:120,0
DA:121,0
DA:122,0
DA:123,0
DA:124,0
DA:126,0
DA:127,0
DA:128,0
DA:129,0
DA:130,0
DA:131,0
DA:137,0
DA:138,0
DA:139,0
DA:141,0
DA:142,0
DA:143,0
DA:144,0
DA:145,0
DA:146,0
DA:148,0
DA:149,0
DA:150,0
DA:155,9
DA:156,8
DA:158,8
DA:159,8
DA:162,7
DA:163,7
DA:164,7
DA:166,7
DA:168,7
DA:169,7
DA:172,7
DA:173,7
DA:174,25
DA:175,25
DA:176,24
DA:177,24
DA:178,25
DA:179,8
DA:181,0
DA:182,0
DA:183,0
DA:184,0
DA:185,0
DA:186,0
DA:188,0
DA:189,0
DA:190,0
DA:191,0
DA:192,0
DA:193,0
DA:194,0
DA:195,0
DA:198,7
DA:200,7
DA:201,7
DA:202,8
DA:203,8
DA:204,8
DA:205,8
DA:206,1
DA:207,8
DA:208,8
DA:209,8
DA:210,8
DA:211,8
DA:212,8
DA:213,8
DA:214,8
DA:215,8
DA:216,8
DA:217,1
DA:218,1
DA:219,1
DA:220,8
DA:225,9
DA:226,7
DA:228,7
DA:229,7
DA:230,6
DA:233,6
DA:234,7
DA:235,36
DA:236,36
DA:237,7
DA:238,7
DA:240,7
DA:241,7
DA:242,7
DA:243,7
DA:244,7
DA:245,7
DA:246,7
DA:247,7
DA:248,7
DA:249,7
DA:250,36
DA:252,6
DA:253,7
DA:255,1
DA:256,1
DA:257,7
DA:262,9
DA:263,0
DA:264,0
DA:265,0
DA:267,0
DA:268,0
DA:269,0
DA:270,0
DA:271,0
DA:272,0
DA:274,0
DA:275,0
DA:276,0
DA:277,0
DA:278,0
DA:279,0
DA:281,9
DA:282,0
DA:283,0
DA:284,0
DA:286,0
DA:287,0
DA:288,0
DA:289,0
DA:290,0
DA:291,0
DA:292,0
DA:293,0
DA:294,0
DA:296,9
DA:297,0
DA:299,0
DA:300,0
DA:302,0
DA:303,0
DA:304,0
DA:305,0
DA:307,9
DA:308,0
DA:309,0
DA:312,0
DA:313,0
DA:314,0
DA:316,0
DA:317,0
DA:318,0
DA:320,0
DA:321,0
DA:322,0
DA:323,0
DA:324,0
DA:325,0
DA:326,0
DA:327,0
DA:328,0
DA:329,0
DA:331,0
DA:333,0
DA:334,0
DA:335,0
DA:336,0
DA:337,0
DA:338,0
DA:341,0
DA:342,0
DA:343,0
DA:344,0
DA:346,9
DA:347,0
DA:349,0
DA:350,0
DA:351,0
DA:354,0
DA:355,0
DA:356,0
DA:357,0
DA:358,0
DA:361,0
DA:362,0
DA:363,0
DA:364,0
DA:365,0
DA:366,0
DA:367,0
DA:369,9
DA:370,0
DA:371,0
DA:372,0
DA:373,0
DA:374,0
DA:376,0
DA:377,0
DA:378,0
DA:379,0
DA:381,0
DA:382,0
DA:383,0
DA:384,0
DA:387,0
DA:390,0
DA:392,0
DA:393,0
DA:395,0
DA:396,0
DA:397,0
DA:398,0
DA:400,0
DA:401,0
DA:402,0
DA:403,0
DA:405,0
DA:406,0
DA:407,0
DA:408,0
DA:409,9
DA:412,0
DA:413,0
DA:414,0
DA:415,0
LF:285
LH:105
BRDA:35,0,0,9
BRDA:38,1,0,9
BRDA:42,2,0,7
BRDA:45,3,0,0
BRDA:47,4,0,0
BRDA:60,5,0,7
BRDA:62,6,0,6
BRDA:77,7,0,1
BRDA:63,8,0,9
BRDA:66,9,0,8
BRDA:69,10,0,0
BRDA:76,11,0,8
BRDA:155,12,0,8
BRDA:159,13,0,7
BRDA:173,14,0,25
BRDA:175,15,0,24
BRDA:179,16,0,0
BRDA:195,17,0,7
BRDA:202,18,0,1
BRDA:203,19,0,1
BRDA:205,20,0,1
BRDA:207,21,0,2
BRDA:210,22,0,7
BRDA:216,23,0,1
BRDA:225,24,0,7
BRDA:229,25,0,6
BRDA:234,26,0,36
BRDA:236,27,0,7
BRDA:244,28,0,3
BRDA:244,29,0,4
BRDA:250,30,0,6
BRDA:253,31,0,1
BRF:32
BRH:28
end_of_record
TN:
SF:src/orchestrator/TaskQueue.ts
FN:9,<instance_members_initializer>
FN:12,buildQueue
FN:28,getNextTask
FN:37,topologicalSort
FN:43,visit
FN:72,areDependenciesSatisfied
FNF:6
FNH:6
FNDA:8,<instance_members_initializer>
FNDA:8,buildQueue
FNDA:3,getNextTask
FNDA:8,topologicalSort
FNDA:128,visit
FNDA:2,areDependenciesSatisfied
DA:6,1
DA:9,1
DA:10,8
DA:12,8
DA:13,8
DA:14,1
DA:15,1
DA:16,1
DA:17,1
DA:18,1
DA:19,1
DA:20,1
DA:21,1
DA:22,1
DA:24,8
DA:25,8
DA:26,8
DA:28,8
DA:29,3
DA:30,4
DA:31,2
DA:32,2
DA:33,4
DA:34,1
DA:35,3
DA:37,8
DA:38,8
DA:39,8
DA:40,8
DA:41,8
DA:43,8
DA:44,128
DA:45,9
DA:46,9
DA:47,128
DA:48,1
DA:49,1
DA:51,118
DA:52,118
DA:54,118
DA:55,118
DA:56,11
DA:57,11
DA:58,116
DA:59,116
DA:60,116
DA:62,116
DA:63,128
DA:65,8
DA:66,117
DA:67,117
DA:69,7
DA:70,8
DA:72,8
DA:73,2
DA:74,1
DA:75,1
DA:76,2
DA:77,2
DA:78,8
LF:60
LH:60
BRDA:9,0,0,8
BRDA:12,1,0,8
BRDA:13,2,0,1
BRDA:28,3,0,3
BRDA:29,4,0,4
BRDA:30,5,0,2
BRDA:30,6,0,2
BRDA:33,7,0,1
BRDA:37,8,0,8
BRDA:65,9,0,117
BRDA:67,10,0,7
BRDA:38,11,0,118
BRDA:43,12,0,128
BRDA:44,13,0,9
BRDA:46,14,0,119
BRDA:47,15,0,1
BRDA:49,16,0,118
BRDA:55,17,0,11
BRDA:57,18,0,116
BRDA:60,19,0,116
BRDA:72,20,0,2
BRDA:73,21,0,1
BRDA:74,22,0,1
BRF:23
BRH:23
end_of_record
TN:
SF:src/types/index.ts
FN:1,(empty-report)
FNF:1
FNH:1
FNDA:1,(empty-report)
LF:0
LH:0
BRDA:1,0,0,1
BRF:1
BRH:1
end_of_record
TN:
SF:src/utils/ClaudeClient.ts
FN:33,<instance_members_initializer>
FN:47,ClaudeClient
FN:64,sendMessage
FN:141,getUsageStats
FN:148,resetStats
FN:163,sleep
FNF:6
FNH:5
FNDA:12,<instance_members_initializer>
FNDA:12,ClaudeClient
FNDA:79,sendMessage
FNDA:2,getUsageStats
FNDA:0,resetStats
FNDA:2,sleep
DA:15,1
DA:16,1
DA:17,1
DA:33,1
DA:34,12
DA:35,12
DA:36,12
DA:37,12
DA:38,12
DA:39,12
DA:40,12
DA:41,12
DA:42,12
DA:45,12
DA:47,12
DA:48,12
DA:49,1
DA:50,1
DA:52,11
DA:53,11
DA:54,11
DA:55,12
DA:64,12
DA:65,79
DA:66,79
DA:68,79
DA:69,79
DA:70,79
DA:71,79
DA:72,79
DA:73,79
DA:76,76
DA:77,76
DA:78,76
DA:79,76
DA:81,76
DA:82,76
DA:83,76
DA:84,76
DA:85,76
DA:87,76
DA:88,76
DA:89,76
DA:90,76
DA:91,76
DA:92,76
DA:93,76
DA:94,76
DA:95,76
DA:96,76
DA:99,79
DA:100,1
DA:101,1
DA:103,75
DA:104,75
DA:105,75
DA:106,75
DA:108,0
DA:109,79
DA:111,3
DA:112,3
DA:113,2
DA:115,2
DA:116,2
DA:117,2
DA:118,2
DA:119,2
DA:120,2
DA:121,2
DA:124,2
DA:127,2
DA:128,2
DA:131,1
DA:132,1
DA:133,79
DA:134,79
DA:141,12
DA:142,2
DA:143,2
DA:148,12
DA:149,0
DA:150,0
DA:151,0
DA:152,0
DA:153,0
DA:154,0
DA:155,0
DA:156,0
DA:163,12
DA:164,2
DA:165,2
DA:166,12
LF:92
LH:83
BRDA:33,0,0,12
BRDA:47,1,0,12
BRDA:48,2,0,11
BRDA:48,3,0,1
BRDA:50,4,0,11
BRDA:64,5,0,79
BRDA:65,6,0,79
BRDA:73,7,0,76
BRDA:99,8,0,1
BRDA:101,9,0,75
BRDA:106,10,0,0
BRDA:109,11,0,3
BRDA:112,12,0,2
BRDA:113,13,0,0
BRDA:128,14,0,1
BRDA:141,15,0,2
BRDA:163,16,0,2
BRDA:164,17,0,2
BRF:18
BRH:16
end_of_record
TN:
SF:src/utils/FileUtils.ts
FN:20,<instance_members_initializer>
FN:33,atomicWrite
FN:71,getMtime
FN:82,detectConflict
FNF:4
FNH:4
FNDA:9,<instance_members_initializer>
FNDA:11,atomicWrite
FNDA:4,getMtime
FNDA:10,detectConflict
DA:14,1
DA:15,1
DA:20,1
DA:21,9
DA:33,9
DA:34,11
DA:35,1
DA:36,1
DA:38,10
DA:40,10
DA:42,10
DA:45,10
DA:48,8
DA:51,8
DA:52,8
DA:53,11
DA:55,2
DA:56,2
DA:57,2
DA:59,0
DA:61,2
DA:62,2
DA:63,11
DA:71,9
DA:72,4
DA:73,4
DA:82,9
DA:83,10
DA:85,10
DA:87,8
DA:88,8
DA:90,2
DA:91,2
DA:92,2
DA:95,10
DA:96,1
DA:97,1
DA:98,1
DA:99,1
DA:100,1
DA:101,1
DA:102,1
DA:103,1
DA:104,1
DA:105,1
DA:106,1
DA:107,10
DA:108,0
DA:109,0
DA:111,0
DA:112,0
DA:114,0
DA:115,10
DA:116,9
LF:54
LH:48
BRDA:20,0,0,9
BRDA:33,1,0,11
BRDA:34,2,0,10
BRDA:34,3,0,1
BRDA:36,4,0,10
BRDA:45,5,0,8
BRDA:53,6,0,2
BRDA:57,7,0,0
BRDA:71,8,0,4
BRDA:82,9,0,10
BRDA:85,10,0,8
BRDA:88,11,0,2
BRDA:95,12,0,1
BRDA:107,13,0,0
BRF:14
BRH:12
end_of_record
TN:
SF:src/utils/Logger.ts
FN:58,logEvent
FN:70,logInfo
FN:77,logWarn
FN:84,logError
FNF:4
FNH:0
FNDA:0,logEvent
FNDA:0,logInfo
FNDA:0,logWarn
FNDA:0,logError
DA:15,1
DA:16,1
DA:22,1
DA:23,1
DA:24,1
DA:25,1
DA:26,1
DA:27,1
DA:28,1
DA:30,1
DA:31,1
DA:32,1
DA:34,1
DA:35,1
DA:36,1
DA:37,1
DA:38,1
DA:39,1
DA:40,1
DA:41,1
DA:42,1
DA:58,1
DA:59,0
DA:60,0
DA:61,0
DA:62,0
DA:64,0
DA:65,0
DA:70,1
DA:71,0
DA:72,0
DA:77,1
DA:78,0
DA:79,0
DA:84,1
DA:85,0
DA:86,0
LF:37
LH:25
BRDA:23,0,0,27
BRF:1
BRH:1
end_of_record
TN:
SF:src/utils/NotificationService.ts
FN:10,<instance_members_initializer>
FNF:1
FNH:0
FNDA:0,<instance_members_initializer>
DA:2,1
DA:10,1
DA:11,0
DA:13,0
DA:14,0
DA:15,0
DA:16,0
DA:17,0
DA:18,0
DA:20,0
DA:21,0
DA:22,0
DA:23,0
DA:24,0
DA:25,0
DA:26,0
DA:27,0
DA:28,0
DA:30,0
DA:31,0
DA:32,0
DA:33,0
DA:34,0
DA:35,0
DA:36,0
DA:37,0
DA:38,0
DA:39,0
DA:40,0
DA:41,0
DA:42,0
DA:43,0
DA:44,0
DA:45,0
DA:47,0
DA:48,0
DA:49,0
DA:50,0
LF:38
LH:2
BRDA:10,0,0,0
BRF:1
BRH:0
end_of_record
TN:
SF:src/utils/WhatsAppClient.ts
FN:1,(empty-report)
FNF:1
FNH:1
FNDA:1,(empty-report)
DA:15,0
DA:16,0
DA:17,0
DA:22,0
DA:23,0
DA:24,0
DA:26,0
DA:27,0
DA:28,0
DA:29,0
DA:30,0
DA:31,0
DA:32,0
DA:33,0
DA:34,0
DA:35,0
DA:37,0
DA:38,0
DA:43,0
DA:44,0
DA:45,0
DA:53,0
DA:54,0
DA:55,0
DA:56,0
DA:59,0
DA:61,0
DA:63,0
DA:64,0
DA:65,0
DA:66,0
DA:67,0
DA:68,0
DA:69,0
DA:70,0
DA:75,0
DA:76,0
DA:77,0
DA:78,0
DA:79,0
DA:80,0
DA:85,0
DA:87,0
DA:88,0
DA:89,0
DA:90,0
DA:91,0
DA:92,0
DA:93,0
DA:94,0
DA:95,0
DA:98,0
DA:99,0
DA:100,0
DA:101,0
DA:102,0
DA:103,0
DA:104,0
DA:105,0
DA:106,0
DA:109,0
DA:110,0
DA:111,0
DA:112,0
DA:113,0
DA:114,0
DA:115,0
DA:116,0
DA:117,0
DA:120,0
DA:121,0
DA:122,0
DA:123,0
DA:124,0
DA:125,0
DA:126,0
DA:127,0
DA:128,0
DA:129,0
DA:130,0
DA:131,0
LF:81
LH:0
BRDA:1,0,0,1
BRF:1
BRH:1
end_of_record
